2025-12-21T18:25:29.637668729-05:00 INFO ox_webservice - log4rs initialized successfully.
2025-12-21T18:25:29.638293302-05:00 DEBUG ox_webservice - Fully processed config for "./ox_webservice.yaml":
{
  "enable_metrics": true,
  "log4rs_config": "ox_webservice/log4rs.yaml",
  "modules": [
    {
      "name": "ox_webservice_status",
      "params": null,
      "path": "target/debug/libox_webservice_status.so",
      "phase": "Content",
      "priority": 100,
      "uris": [
        {
          "path": "/status"
        }
      ]
    }
  ],
  "servers": [
    {
      "bind_address": "127.0.0.1",
      "hosts": [
        {
          "name": "localhost",
          "tls_cert_path": null,
          "tls_key_path": null
        }
      ],
      "port": 8080,
      "protocol": "http"
    }
  ]
}
2025-12-21T18:25:29.638329683-05:00 INFO ox_webservice - Starting ox_webservice...
2025-12-21T18:25:29.638348378-05:00 INFO ox_webservice::pipeline - Loading module 'ox_webservice_status' from "target/debug/libox_webservice_status.so"
2025-12-21T18:25:29.648501859-05:00 INFO ox_webservice - Listening on 127.0.0.1:8080

thread 'tokio-runtime-worker' (1046739) panicked at ox_webservice/src/main.rs:286:51:
called `Result::unwrap()` on an `Err` value: Os { code: 98, kind: AddrInUse, message: "Address already in use" }
note: run with `RUST_BACKTRACE=1` environment variable to display a backtrace
