2025-12-19T21:45:11.152760650-05:00 INFO ox_webservice - log4rs initialized successfully.
2025-12-19T21:45:11.152916724-05:00 DEBUG ox_webservice - Fully processed config for "repro.yaml":
{
  "enable_metrics": true,
  "log4rs_config": "ox_webservice/log4rs.yaml",
  "modules": [
    {
      "id": "stream_drivermanager",
      "name": "ox_persistence_datastore_drivermanager",
      "params": {
        "config_file": "/var/repos/oxIDIZER/conf/modules/conf/ox_persistence_datastore_drivermanager/ox_webservice_stream.yaml"
      },
      "path": "target/debug/libox_webservice_stream.so",
      "phase": "Content",
      "priority": 100,
      "uris": [
        {
          "path": "^/drivermanager(/.*)?$"
        }
      ]
    }
  ],
  "servers": [
    {
      "bind_address": "127.0.0.1",
      "hosts": [
        {
          "name": "localhost",
          "tls_cert_path": null,
          "tls_key_path": null
        }
      ],
      "id": "repro_server",
      "port": 3005,
      "protocol": "http"
    }
  ]
}
2025-12-19T21:45:11.153401834-05:00 INFO ox_webservice - Starting ox_webservice...
2025-12-19T21:45:11.153454798-05:00 INFO ox_webservice::pipeline - Loading module 'ox_persistence_datastore_drivermanager' from "target/debug/libox_webservice_stream.so"
2025-12-19T21:45:11.154682580-05:00 DEBUG ox_webservice::pipeline - [ox_webservice_stream] ox_webservice_stream: new: Initializing with content_root: "/var/repos/oxIDIZER/ox_persistence/ox_persistence_datastore_drivermanager/content/www"
2025-12-19T21:45:11.154960465-05:00 DEBUG ox_webservice::pipeline - [ox_webservice_stream] Fully processed config for "/var/repos/oxIDIZER/conf/mimetypes.yaml":
{
  "mimetypes": [
    {
      "mimetype": "text/html",
      "url": ".*[.]html$"
    },
    {
      "mimetype": "text/html",
      "url": ".*[.]htm$"
    },
    {
      "mimetype": "text/css",
      "url": ".*[.]css$"
    },
    {
      "mimetype": "application/javascript",
      "url": ".*[.]js$"
    },
    {
      "mimetype": "image/png",
      "url": ".*[.]png$"
    },
    {
      "mimetype": "image/jpeg",
      "url": ".*[.]jpg$"
    },
    {
      "mimetype": "image/jpeg",
      "url": ".*[.]jpeg$"
    },
    {
      "mimetype": "image/gif",
      "url": ".*[.]gif$"
    },
    {
      "mimetype": "text/html",
      "url": ".*[.]jinja$"
    },
    {
      "mimetype": "text/html",
      "url": ".*[.]jinja2$"
    },
    {
      "mimetype": "application/wasm",
      "url": ".*[.]wasm$"
    },
    {
      "mimetype": "application/typescript",
      "url": ".*[.]ts$"
    },
    {
      "mimetype": "application/typescript",
      "url": ".*[.]d[.]ts$"
    }
  ]
}
2025-12-19T21:45:11.162365722-05:00 INFO ox_webservice::pipeline - [ox_webservice_stream] ox_webservice_stream initialized
2025-12-19T21:45:11.163242199-05:00 INFO ox_webservice - Listening on 127.0.0.1:3005
2025-12-19T21:45:24.647725164-05:00 DEBUG ox_webservice::pipeline - Executing phase: PreEarlyRequest, Body len: 0
2025-12-19T21:45:24.647965439-05:00 DEBUG ox_webservice::pipeline - Executing phase: EarlyRequest, Body len: 0
2025-12-19T21:45:24.647982022-05:00 DEBUG ox_webservice::pipeline - Executing phase: PostEarlyRequest, Body len: 0
2025-12-19T21:45:24.647991453-05:00 DEBUG ox_webservice::pipeline - Executing phase: PreAuthentication, Body len: 0
2025-12-19T21:45:24.648000431-05:00 DEBUG ox_webservice::pipeline - Executing phase: Authentication, Body len: 0
2025-12-19T21:45:24.648009760-05:00 DEBUG ox_webservice::pipeline - Executing phase: PostAuthentication, Body len: 0
2025-12-19T21:45:24.648018555-05:00 DEBUG ox_webservice::pipeline - Executing phase: PreAuthorization, Body len: 0
2025-12-19T21:45:24.648027464-05:00 DEBUG ox_webservice::pipeline - Executing phase: Authorization, Body len: 0
2025-12-19T21:45:24.648036198-05:00 DEBUG ox_webservice::pipeline - Executing phase: PostAuthorization, Body len: 0
2025-12-19T21:45:24.648045033-05:00 DEBUG ox_webservice::pipeline - Executing phase: PreContent, Body len: 0
2025-12-19T21:45:24.648053837-05:00 DEBUG ox_webservice::pipeline - Executing phase: Content, Body len: 0
2025-12-19T21:45:24.648072173-05:00 INFO ox_webservice::pipeline - Executing phase: Content with 1 modules
2025-12-19T21:45:24.650639935-05:00 DEBUG ox_webservice::pipeline - [ox_webservice_stream] ox_webservice_stream: Streaming file for path: /wasm/ox_persistence_driver_manager_wasm_bg.wasm
2025-12-19T21:45:24.650737594-05:00 DEBUG ox_webservice::pipeline - Executing phase: PostContent, Body len: 0
2025-12-19T21:45:24.650761083-05:00 DEBUG ox_webservice::pipeline - Executing phase: PreAccounting, Body len: 0
2025-12-19T21:45:24.650775920-05:00 DEBUG ox_webservice::pipeline - Executing phase: Accounting, Body len: 0
2025-12-19T21:45:24.650799529-05:00 DEBUG ox_webservice::pipeline - Executing phase: PostAccounting, Body len: 0
2025-12-19T21:45:24.650814901-05:00 DEBUG ox_webservice::pipeline - Executing phase: PreErrorHandling, Body len: 0
2025-12-19T21:45:24.650824006-05:00 DEBUG ox_webservice::pipeline - Executing phase: ErrorHandling, Body len: 0
2025-12-19T21:45:24.650832914-05:00 DEBUG ox_webservice::pipeline - Executing phase: PostErrorHandling, Body len: 0
2025-12-19T21:45:24.650842127-05:00 DEBUG ox_webservice::pipeline - Executing phase: PreLateRequest, Body len: 0
2025-12-19T21:45:24.650850888-05:00 DEBUG ox_webservice::pipeline - Executing phase: LateRequest, Body len: 0
2025-12-19T21:45:24.650859839-05:00 DEBUG ox_webservice::pipeline - Executing phase: PostLateRequest, Body len: 0
