2026-01-06T22:15:27.354983973-05:00 INFO ox_webservice - log4rs initialized successfully from file.
2026-01-06T22:15:27.355270066-05:00 DEBUG ox_webservice - Fully processed config for "conf/ox_webservice.yaml":
{"log4rs_config":"/var/repos/oxIDIZER/conf/log4rs.yaml","servers":[{"id":"default_http","protocol":"http","port":3000,"bind_address":"0.0.0.0","hosts":[{"name":"localhost","tls_cert_path":null,"tls_key_path":null}]}],"modules":[{"id":"default_template_jinja2","name":"ox_webservice_template_jinja2","routes":null,"headers":null,"query":null,"path":null,"params":{"config_file":"/var/repos/oxIDIZER/ox_webservice_template_jinja2/conf/ox_webservice_template_jinja2_default.yaml"}},{"id":"default_theme_stream","name":"ox_webservice_stream","routes":null,"headers":null,"query":null,"path":null,"params":{"config_file":"/var/repos/oxIDIZER/ox_webservice_stream/conf/theme.yaml"}},{"id":"default_layout_stream","name":"ox_webservice_stream","routes":null,"headers":null,"query":null,"path":null,"params":{"config_file":"/var/repos/oxIDIZER/ox_webservice_stream/conf/layout.yaml"}},{"id":"messaging_mqtt","name":"ox_messaging_mqtt","routes":null,"headers":null,"query":null,"path":null,"params":{}},{"id":"package_manager","name":"ox_package_manager","routes":null,"headers":null,"query":null,"path":null,"params":{"config_file":"/var/repos/oxIDIZER/ox_package_manager/conf/manager.yaml"}},{"id":"package_manager_stream","name":"ox_webservice_stream","routes":null,"headers":null,"query":null,"path":null,"params":{"config_file":"/var/repos/oxIDIZER/ox_package_manager/conf/stream.yaml"},"on_content_conflict":"skip"},{"id":"data_source_manager","name":"ox_persistence_datasource_manager","routes":null,"headers":null,"query":null,"path":null,"params":{"data_sources_dir":"/var/repos/oxIDIZER/ox_persistence/conf/datasources","on_content_conflict":"skip"}},{"id":"data_source_manager_stream","name":"ox_webservice_stream","routes":null,"headers":null,"query":null,"path":null,"params":{"config_file":"/var/repos/oxIDIZER/ox_persistence_datasource_manager/conf/ox_persistence_datasource_manager_stream.yaml"}},{"id":"driver_manager","name":"ox_persistence_driver_manager","routes":null,"headers":null,"query":null,"path":null,"params":{"drivers_file":"/var/repos/oxIDIZER/ox_persistence/conf/drivers.yaml"},"phase":"Content"},{"id":"driver_manager_stream","name":"ox_webservice_stream","routes":null,"headers":null,"query":null,"path":null,"params":{"config_file":"/var/repos/oxIDIZER/ox_persistence_driver_manager/conf/ox_persistence_driver_manager_stream.yaml"},"phase":"Content"},{"id":"driver_manager_stream_wasm","name":"ox_webservice_stream","routes":null,"headers":null,"query":null,"path":null,"params":{"config_file":"/var/repos/oxIDIZER/ox_persistence_driver_manager/conf/ox_persistence_driver_manager_stream_wasm.yaml"},"phase":"Content"},{"id":"ox_pipeline_router","name":"ox_pipeline_router","routes":null,"headers":null,"query":null,"path":null,"params":{}},{"id":"errorhandler_jinja2","name":"ox_webservice_errorhandler_jinja2","routes":null,"headers":null,"query":null,"path":null,"params":{"config_file":"/var/repos/oxIDIZER/ox_webservice_errorhandler_jinja2/conf/errorhandler_jinja2.yaml"}},{"id":"status_module","name":"ox_webservice_status","routes":null,"headers":null,"query":null,"path":null,"params":{"config_file":"/var/repos/oxIDIZER/ox_webservice_status/conf/status.yaml"}},{"id":"stream_status","name":"ox_webservice_stream","routes":null,"headers":null,"query":null,"path":null,"params":{"config_file":"/var/repos/oxIDIZER/ox_webservice_status/conf/ox_webservice_status_stream.yaml"}},{"id":"ping_module","name":"ox_webservice_ping","routes":null,"headers":null,"query":null,"path":null,"params":null,"phase":"Content"},{"id":"forwarded_for","name":"ox_webservice_forwarded_for","routes":null,"headers":null,"query":null,"path":null,"params":null},{"id":"restore_ip","name":"ox_webservice_restore_ip","routes":null,"headers":null,"query":null,"path":null,"params":null}],"pipeline":{"phases":[{"PreEarlyRequest":"ox_pipeline_router"},{"EarlyRequest":"ox_pipeline_router"},{"PostEarlyRequest":"ox_pipeline_router"},{"PreAuthentication":"ox_pipeline_router"},{"Authentication":"ox_pipeline_router"},{"PostAuthentication":"ox_pipeline_router"},{"PreAuthorization":"ox_pipeline_router"},{"Authorization":"ox_pipeline_router"},{"PostAuthorization":"ox_pipeline_router"},{"PreContent":"ox_pipeline_router"},{"Content":"ox_pipeline_router"},{"PostContent":"ox_pipeline_router"},{"PreAccounting":"ox_pipeline_router"},{"Accounting":"ox_pipeline_router"},{"PostAccounting":"ox_pipeline_router"},{"PreErrorHandling":"ox_pipeline_router"},{"ErrorHandling":"ox_pipeline_router"},{"PostErrorHandling":"ox_pipeline_router"},{"PreLateRequest":"ox_pipeline_router"},{"LateRequest":"ox_pipeline_router"},{"PostLateRequest":"ox_pipeline_router"}]},"routes":[{"protocol":null,"hostname":null,"url":".*[.]jinja[2]?$","headers":null,"query":null,"priority":998,"phase":"Content","module_id":"default_template_jinja2","status_code":null},{"protocol":null,"hostname":null,"url":"^(/(css|js)/.*?)$","headers":null,"query":null,"priority":998,"phase":"Content","module_id":"default_theme_stream","status_code":null},{"protocol":null,"hostname":null,"url":"^(.*)$","headers":null,"query":null,"priority":999,"phase":"Content","module_id":"default_layout_stream","status_code":null},{"protocol":null,"hostname":null,"url":"^/packages/upload","headers":{"Method":"POST"},"query":null,"priority":450,"phase":"Content","module_id":"package_manager","status_code":null},{"protocol":null,"hostname":null,"url":"^/packages/(list|install)/?","headers":{"Accept":"application/json"},"query":null,"priority":450,"phase":"Content","module_id":"package_manager","status_code":null},{"protocol":null,"hostname":null,"url":"^/packages/(list|install)/?","headers":null,"query":{"format":"json"},"priority":450,"phase":"Content","module_id":"package_manager","status_code":null},{"protocol":null,"hostname":null,"url":"^/packages/?(.*)$","headers":null,"query":null,"priority":500,"phase":"Content","module_id":"package_manager_stream","status_code":null},{"protocol":null,"hostname":null,"url":"^/data_sources/?(.*)?$","headers":{"Accept":"application/json"},"query":null,"priority":499,"phase":"Content","module_id":"data_source_manager","status_code":null},{"protocol":null,"hostname":null,"url":"^/data_sources/?(.*)?$","headers":null,"query":{"format":"json"},"priority":499,"phase":"Content","module_id":"data_source_manager","status_code":null},{"protocol":null,"hostname":null,"url":"^/data_sources/?(.*)?$","headers":null,"query":null,"priority":500,"phase":"Content","module_id":"data_source_manager_stream","status_code":null},{"protocol":null,"hostname":null,"url":"^/drivers/(.*)?$","headers":{"Accept":"application/json"},"query":null,"priority":499,"phase":null,"module_id":"driver_manager","status_code":null},{"protocol":null,"hostname":null,"url":"^/drivers/(.*)?$","headers":null,"query":{"format":"json"},"priority":499,"phase":null,"module_id":"driver_manager","status_code":null},{"protocol":null,"hostname":null,"url":"^/drivers/wasm/(.*)?$","headers":null,"query":null,"priority":499,"phase":null,"module_id":"driver_manager_stream_wasm","status_code":null},{"protocol":null,"hostname":null,"url":"^/drivers/(.*)?$","headers":null,"query":null,"priority":500,"phase":null,"module_id":"driver_manager_stream","status_code":null},{"protocol":null,"hostname":null,"url":".*","headers":null,"query":null,"priority":499,"phase":"ErrorHandling","module_id":"errorhandler_jinja2","status_code":"4??|5??"},{"protocol":null,"hostname":null,"url":"^/status/?(.*)$","headers":{"Accept":"application/json"},"query":null,"priority":499,"phase":"Content","module_id":"status_module","status_code":null},{"protocol":null,"hostname":null,"url":"^/status/?(.*)$","headers":null,"query":{"format":"json"},"priority":499,"phase":"Content","module_id":"status_module","status_code":null},{"protocol":null,"hostname":null,"url":"^/status/?(.*)$","headers":null,"query":null,"priority":500,"phase":"Content","module_id":"stream_status","status_code":null},{"protocol":null,"hostname":null,"url":"^/ping/(.*)?$","headers":null,"query":null,"priority":500,"phase":null,"module_id":"ping_module","status_code":null},{"protocol":null,"hostname":null,"url":".*","headers":null,"query":null,"priority":100,"phase":"PreEarlyRequest","module_id":"forwarded_for","status_code":null},{"protocol":null,"hostname":null,"url":".*","headers":null,"query":null,"priority":100,"phase":"PostLateRequest","module_id":"restore_ip","status_code":null}],"merge":null,"merge_recursive":null,"enable_metrics":null}
2026-01-06T22:15:27.355323455-05:00 INFO ox_webservice - Starting ox_webservice...
2026-01-06T22:15:27.355420255-05:00 INFO ox_webservice::pipeline - Injected 1 extra URI routes into module 'default_template_jinja2'
2026-01-06T22:15:27.355472847-05:00 INFO ox_webservice::pipeline - Loading module 'default_template_jinja2' from "target/debug/libox_webservice_template_jinja2.so"
2026-01-06T22:15:27.361374576-05:00 INFO ox_webservice::pipeline - [default_template_jinja2] ox_webservice_template_jinja2: new: Initializing with content_root: "/var/repos/oxIDIZER/content"
2026-01-06T22:15:27.362155134-05:00 DEBUG ox_webservice::pipeline - [default_template_jinja2] Fully processed config for "/var/repos/oxIDIZER/conf/mimetypes.yaml":
{
  "mimetypes": [
    {
      "mimetype": "text/html",
      "url": ".*[.]html$"
    },
    {
      "mimetype": "text/html",
      "url": ".*[.]htm$"
    },
    {
      "mimetype": "text/css",
      "url": ".*[.]css$"
    },
    {
      "mimetype": "application/javascript",
      "url": ".*[.]js$"
    },
    {
      "mimetype": "image/png",
      "url": ".*[.]png$"
    },
    {
      "mimetype": "image/jpeg",
      "url": ".*[.]jpg$"
    },
    {
      "mimetype": "image/jpeg",
      "url": ".*[.]jpeg$"
    },
    {
      "mimetype": "image/gif",
      "url": ".*[.]gif$"
    },
    {
      "mimetype": "text/html",
      "url": ".*[.]jinja$"
    },
    {
      "mimetype": "text/html",
      "url": ".*[.]jinja2$"
    },
    {
      "mimetype": "application/wasm",
      "url": ".*[.]wasm$"
    },
    {
      "mimetype": "application/typescript",
      "url": ".*[.]ts$"
    },
    {
      "mimetype": "application/typescript",
      "url": ".*[.]d[.]ts$"
    }
  ]
}
2026-01-06T22:15:27.442563596-05:00 INFO ox_webservice::pipeline - [ox_webservice_template_jinja2] ox_webservice_template_jinja2: Loaded 13 mimetypes.
2026-01-06T22:15:27.442795133-05:00 INFO ox_webservice::pipeline - [default_template_jinja2] ox_webservice_template_jinja2 initialized
2026-01-06T22:15:27.442939931-05:00 INFO ox_webservice::pipeline - Injected 1 extra URI routes into module 'default_theme_stream'
2026-01-06T22:15:27.442996565-05:00 INFO ox_webservice::pipeline - Loading module 'default_theme_stream' from "target/debug/libox_webservice_stream.so"
2026-01-06T22:15:27.457195981-05:00 INFO ox_webservice::pipeline - [default_theme_stream] ox_webservice_stream: new: Initializing with content_root: "/var/repos/oxIDIZER/content/themes/brown/www/"
2026-01-06T22:15:27.457895146-05:00 DEBUG ox_webservice::pipeline - [default_theme_stream] Fully processed config for "/var/repos/oxIDIZER/conf/mimetypes.yaml":
{
  "mimetypes": [
    {
      "mimetype": "text/html",
      "url": ".*[.]html$"
    },
    {
      "mimetype": "text/html",
      "url": ".*[.]htm$"
    },
    {
      "mimetype": "text/css",
      "url": ".*[.]css$"
    },
    {
      "mimetype": "application/javascript",
      "url": ".*[.]js$"
    },
    {
      "mimetype": "image/png",
      "url": ".*[.]png$"
    },
    {
      "mimetype": "image/jpeg",
      "url": ".*[.]jpg$"
    },
    {
      "mimetype": "image/jpeg",
      "url": ".*[.]jpeg$"
    },
    {
      "mimetype": "image/gif",
      "url": ".*[.]gif$"
    },
    {
      "mimetype": "text/html",
      "url": ".*[.]jinja$"
    },
    {
      "mimetype": "text/html",
      "url": ".*[.]jinja2$"
    },
    {
      "mimetype": "application/wasm",
      "url": ".*[.]wasm$"
    },
    {
      "mimetype": "application/typescript",
      "url": ".*[.]ts$"
    },
    {
      "mimetype": "application/typescript",
      "url": ".*[.]d[.]ts$"
    }
  ]
}
2026-01-06T22:15:27.538626797-05:00 INFO ox_webservice::pipeline - [default_theme_stream] ox_webservice_stream initialized
2026-01-06T22:15:27.538894421-05:00 INFO ox_webservice::pipeline - Injected 1 extra URI routes into module 'default_layout_stream'
2026-01-06T22:15:27.538919369-05:00 INFO ox_webservice::pipeline - Loading module 'default_layout_stream' from "target/debug/libox_webservice_stream.so"
2026-01-06T22:15:27.539268810-05:00 INFO ox_webservice::pipeline - [default_layout_stream] ox_webservice_stream: new: Initializing with content_root: "/var/repos/oxIDIZER/content/layouts/default/www/"
2026-01-06T22:15:27.539725222-05:00 DEBUG ox_webservice::pipeline - [default_theme_stream] Fully processed config for "/var/repos/oxIDIZER/conf/mimetypes.yaml":
{
  "mimetypes": [
    {
      "mimetype": "text/html",
      "url": ".*[.]html$"
    },
    {
      "mimetype": "text/html",
      "url": ".*[.]htm$"
    },
    {
      "mimetype": "text/css",
      "url": ".*[.]css$"
    },
    {
      "mimetype": "application/javascript",
      "url": ".*[.]js$"
    },
    {
      "mimetype": "image/png",
      "url": ".*[.]png$"
    },
    {
      "mimetype": "image/jpeg",
      "url": ".*[.]jpg$"
    },
    {
      "mimetype": "image/jpeg",
      "url": ".*[.]jpeg$"
    },
    {
      "mimetype": "image/gif",
      "url": ".*[.]gif$"
    },
    {
      "mimetype": "text/html",
      "url": ".*[.]jinja$"
    },
    {
      "mimetype": "text/html",
      "url": ".*[.]jinja2$"
    },
    {
      "mimetype": "application/wasm",
      "url": ".*[.]wasm$"
    },
    {
      "mimetype": "application/typescript",
      "url": ".*[.]ts$"
    },
    {
      "mimetype": "application/typescript",
      "url": ".*[.]d[.]ts$"
    }
  ]
}
2026-01-06T22:15:27.625503561-05:00 INFO ox_webservice::pipeline - [default_layout_stream] ox_webservice_stream initialized
2026-01-06T22:15:27.625759722-05:00 INFO ox_webservice::pipeline - Loading module 'messaging_mqtt' from "target/debug/libox_messaging_mqtt.so"
2026-01-06T22:15:27.632524725-05:00 INFO ox_webservice::pipeline - [messaging_mqtt] Starting Broker...
OxMessagingMqtt: Initializing...
Config file ox_messaging_mqtt/conf/broker.yaml not found. Using default.
2026-01-06T22:15:27.634311138-05:00 INFO ox_webservice::pipeline - [messaging_mqtt] spawn;
2026-01-06T22:15:27.634774500-05:00 INFO ox_webservice::pipeline - [messaging_mqtt] start;
2026-01-06T22:15:27.634870785-05:00 INFO ox_webservice::pipeline - [messaging_mqtt] run;
2026-01-06T22:15:27.635549960-05:00 ERROR ox_webservice::pipeline - [messaging_mqtt] [>] incoming; connection_id=0
2026-01-06T22:15:27.635724345-05:00 INFO ox_webservice::pipeline - [messaging_mqtt] incoming_connect; client_id="console"
2026-01-06T22:15:27.635966878-05:00 INFO ox_webservice::pipeline - [messaging_mqtt] Client connection registered connection_id=0
2026-01-06T22:15:27.636248574-05:00 INFO ox_webservice::pipeline - [messaging_mqtt] [<] outgoing; connection_id=0
2026-01-06T22:15:27.636376107-05:00 INFO ox_webservice::pipeline - [messaging_mqtt] outgoing_ack; client_id="console"
2026-01-06T22:15:27.636469720-05:00 DEBUG ox_webservice::pipeline - [messaging_mqtt] Acks sent to device acks_count=1
2026-01-06T22:15:27.636856781-05:00 INFO ox_webservice::pipeline - [messaging_mqtt] start; console=ConsoleLink { config: ConsoleSettings { listen: "0.0.0.0:3030", filter_handle: None }, connection_id: 0, router_tx: Sender, _link_rx: LinkRx { connection_id: 0, router_tx: Sender, router_rx: Receiver, send_buffer: Mutex { data: [] }, cache: [] } }
2026-01-06T22:15:27.638131006-05:00 INFO ox_webservice::pipeline - [messaging_mqtt] Listening for remote connections config="v4-1" listen_addr="0.0.0.0:1883"
2026-01-06T22:15:28.635718585-05:00 INFO ox_webservice::pipeline - Module 'ox_messaging_mqtt' produces no routes. It will strictly be available for manual dispatch.
2026-01-06T22:15:28.635888212-05:00 INFO ox_webservice::pipeline - Injected 3 extra URI routes into module 'package_manager'
2026-01-06T22:15:28.635908131-05:00 INFO ox_webservice::pipeline - Loading module 'package_manager' from "target/debug/libox_package_manager.so"
2026-01-06T22:15:28.636086418-05:00 INFO ox_webservice::pipeline - [messaging_mqtt] accept name="v4-1" addr=127.0.0.1:60661 count=0 tenant=None
2026-01-06T22:15:28.636187636-05:00 ERROR ox_webservice::pipeline - [messaging_mqtt] remote_link; tenant_id=None
2026-01-06T22:15:28.636855107-05:00 ERROR ox_webservice::pipeline - [messaging_mqtt] Remote link error error=Network(Io(Custom { kind: ConnectionAborted, error: "connection closed by peer" }))
2026-01-06T22:15:28.637505707-05:00 INFO ox_webservice::pipeline - Injected 1 extra URI routes into module 'package_manager_stream'
2026-01-06T22:15:28.637581716-05:00 INFO ox_webservice::pipeline - Loading module 'package_manager_stream' from "target/debug/libox_webservice_stream.so"
2026-01-06T22:15:28.637862773-05:00 INFO ox_webservice::pipeline - [package_manager_stream] ox_webservice_stream: new: Initializing with content_root: "/var/repos/oxIDIZER/ox_package_manager/content/www"
2026-01-06T22:15:28.638170498-05:00 DEBUG ox_webservice::pipeline - [default_theme_stream] Fully processed config for "/var/repos/oxIDIZER/conf/mimetypes.yaml":
{
  "mimetypes": [
    {
      "mimetype": "text/html",
      "url": ".*[.]html$"
    },
    {
      "mimetype": "text/html",
      "url": ".*[.]htm$"
    },
    {
      "mimetype": "text/css",
      "url": ".*[.]css$"
    },
    {
      "mimetype": "application/javascript",
      "url": ".*[.]js$"
    },
    {
      "mimetype": "image/png",
      "url": ".*[.]png$"
    },
    {
      "mimetype": "image/jpeg",
      "url": ".*[.]jpg$"
    },
    {
      "mimetype": "image/jpeg",
      "url": ".*[.]jpeg$"
    },
    {
      "mimetype": "image/gif",
      "url": ".*[.]gif$"
    },
    {
      "mimetype": "text/html",
      "url": ".*[.]jinja$"
    },
    {
      "mimetype": "text/html",
      "url": ".*[.]jinja2$"
    },
    {
      "mimetype": "application/wasm",
      "url": ".*[.]wasm$"
    },
    {
      "mimetype": "application/typescript",
      "url": ".*[.]ts$"
    },
    {
      "mimetype": "application/typescript",
      "url": ".*[.]d[.]ts$"
    }
  ]
}
2026-01-06T22:15:28.668167507-05:00 INFO ox_webservice::pipeline - [package_manager_stream] ox_webservice_stream initialized
2026-01-06T22:15:28.668352157-05:00 INFO ox_webservice::pipeline - Injected 2 extra URI routes into module 'data_source_manager'
2026-01-06T22:15:28.668380596-05:00 INFO ox_webservice::pipeline - Loading module 'data_source_manager' from "target/debug/libox_persistence_datasource_manager.so"
2026-01-06T22:15:28.669089696-05:00 INFO ox_webservice::pipeline - Injected 1 extra URI routes into module 'data_source_manager_stream'
2026-01-06T22:15:28.669165377-05:00 INFO ox_webservice::pipeline - Loading module 'data_source_manager_stream' from "target/debug/libox_webservice_stream.so"
2026-01-06T22:15:28.669386215-05:00 INFO ox_webservice::pipeline - [data_source_manager_stream] ox_webservice_stream: new: Initializing with content_root: "/var/repos/oxIDIZER/ox_persistence_datasource_manager/content/www/"
2026-01-06T22:15:28.669704688-05:00 DEBUG ox_webservice::pipeline - [default_theme_stream] Fully processed config for "/var/repos/oxIDIZER/conf/mimetypes.yaml":
{
  "mimetypes": [
    {
      "mimetype": "text/html",
      "url": ".*[.]html$"
    },
    {
      "mimetype": "text/html",
      "url": ".*[.]htm$"
    },
    {
      "mimetype": "text/css",
      "url": ".*[.]css$"
    },
    {
      "mimetype": "application/javascript",
      "url": ".*[.]js$"
    },
    {
      "mimetype": "image/png",
      "url": ".*[.]png$"
    },
    {
      "mimetype": "image/jpeg",
      "url": ".*[.]jpg$"
    },
    {
      "mimetype": "image/jpeg",
      "url": ".*[.]jpeg$"
    },
    {
      "mimetype": "image/gif",
      "url": ".*[.]gif$"
    },
    {
      "mimetype": "text/html",
      "url": ".*[.]jinja$"
    },
    {
      "mimetype": "text/html",
      "url": ".*[.]jinja2$"
    },
    {
      "mimetype": "application/wasm",
      "url": ".*[.]wasm$"
    },
    {
      "mimetype": "application/typescript",
      "url": ".*[.]ts$"
    },
    {
      "mimetype": "application/typescript",
      "url": ".*[.]d[.]ts$"
    }
  ]
}
2026-01-06T22:15:28.700466636-05:00 INFO ox_webservice::pipeline - [data_source_manager_stream] ox_webservice_stream initialized
2026-01-06T22:15:28.700664165-05:00 INFO ox_webservice::pipeline - Injected 2 extra URI routes into module 'driver_manager'
2026-01-06T22:15:28.700681257-05:00 INFO ox_webservice::pipeline - Loading module 'driver_manager' from "target/debug/libox_persistence_driver_manager.so"
2026-01-06T22:15:28.702334197-05:00 INFO ox_webservice::pipeline - Injected 1 extra URI routes into module 'driver_manager_stream'
2026-01-06T22:15:28.702421870-05:00 INFO ox_webservice::pipeline - Loading module 'driver_manager_stream' from "target/debug/libox_webservice_stream.so"
2026-01-06T22:15:28.702750213-05:00 INFO ox_webservice::pipeline - [driver_manager_stream] ox_webservice_stream: new: Initializing with content_root: "/var/repos/oxIDIZER/ox_persistence_driver_manager/content/www"
2026-01-06T22:15:28.703054448-05:00 DEBUG ox_webservice::pipeline - [default_theme_stream] Fully processed config for "/var/repos/oxIDIZER/conf/mimetypes.yaml":
{
  "mimetypes": [
    {
      "mimetype": "text/html",
      "url": ".*[.]html$"
    },
    {
      "mimetype": "text/html",
      "url": ".*[.]htm$"
    },
    {
      "mimetype": "text/css",
      "url": ".*[.]css$"
    },
    {
      "mimetype": "application/javascript",
      "url": ".*[.]js$"
    },
    {
      "mimetype": "image/png",
      "url": ".*[.]png$"
    },
    {
      "mimetype": "image/jpeg",
      "url": ".*[.]jpg$"
    },
    {
      "mimetype": "image/jpeg",
      "url": ".*[.]jpeg$"
    },
    {
      "mimetype": "image/gif",
      "url": ".*[.]gif$"
    },
    {
      "mimetype": "text/html",
      "url": ".*[.]jinja$"
    },
    {
      "mimetype": "text/html",
      "url": ".*[.]jinja2$"
    },
    {
      "mimetype": "application/wasm",
      "url": ".*[.]wasm$"
    },
    {
      "mimetype": "application/typescript",
      "url": ".*[.]ts$"
    },
    {
      "mimetype": "application/typescript",
      "url": ".*[.]d[.]ts$"
    }
  ]
}
2026-01-06T22:15:28.732958300-05:00 INFO ox_webservice::pipeline - [driver_manager_stream] ox_webservice_stream initialized
2026-01-06T22:15:28.733159523-05:00 INFO ox_webservice::pipeline - Injected 1 extra URI routes into module 'driver_manager_stream_wasm'
2026-01-06T22:15:28.733175493-05:00 INFO ox_webservice::pipeline - Loading module 'driver_manager_stream_wasm' from "target/debug/libox_webservice_stream.so"
2026-01-06T22:15:28.733444045-05:00 INFO ox_webservice::pipeline - [driver_manager_stream_wasm] ox_webservice_stream: new: Initializing with content_root: "/var/repos/oxIDIZER/ox_persistence_driver_manager/ox_persistence_driver_manager_wasm/pkg/"
2026-01-06T22:15:28.733702526-05:00 DEBUG ox_webservice::pipeline - [default_theme_stream] Fully processed config for "/var/repos/oxIDIZER/conf/mimetypes.yaml":
{
  "mimetypes": [
    {
      "mimetype": "text/html",
      "url": ".*[.]html$"
    },
    {
      "mimetype": "text/html",
      "url": ".*[.]htm$"
    },
    {
      "mimetype": "text/css",
      "url": ".*[.]css$"
    },
    {
      "mimetype": "application/javascript",
      "url": ".*[.]js$"
    },
    {
      "mimetype": "image/png",
      "url": ".*[.]png$"
    },
    {
      "mimetype": "image/jpeg",
      "url": ".*[.]jpg$"
    },
    {
      "mimetype": "image/jpeg",
      "url": ".*[.]jpeg$"
    },
    {
      "mimetype": "image/gif",
      "url": ".*[.]gif$"
    },
    {
      "mimetype": "text/html",
      "url": ".*[.]jinja$"
    },
    {
      "mimetype": "text/html",
      "url": ".*[.]jinja2$"
    },
    {
      "mimetype": "application/wasm",
      "url": ".*[.]wasm$"
    },
    {
      "mimetype": "application/typescript",
      "url": ".*[.]ts$"
    },
    {
      "mimetype": "application/typescript",
      "url": ".*[.]d[.]ts$"
    }
  ]
}
2026-01-06T22:15:28.763157771-05:00 INFO ox_webservice::pipeline - [driver_manager_stream_wasm] ox_webservice_stream initialized
2026-01-06T22:15:28.763390448-05:00 INFO ox_webservice::pipeline - Loading module 'ox_pipeline_router' from "target/debug/libox_pipeline_router.so"
2026-01-06T22:15:28.763883504-05:00 INFO ox_webservice::pipeline - Module 'ox_pipeline_router' produces no routes. It will strictly be available for manual dispatch.
2026-01-06T22:15:28.763984081-05:00 INFO ox_webservice::pipeline - Injected 1 extra URI routes into module 'errorhandler_jinja2'
2026-01-06T22:15:28.764006644-05:00 INFO ox_webservice::pipeline - Loading module 'errorhandler_jinja2' from "target/debug/libox_webservice_errorhandler_jinja2.so"
2026-01-06T22:15:28.766312395-05:00 WARN ox_webservice::pipeline - [ox_webservice_errorhandler_jinja2] ox_webservice_errorhandler_jinja2: new: Initializing with content_root: "/var/repos/oxIDIZER/content/layouts/default/error_debug"
2026-01-06T22:15:28.766417962-05:00 INFO ox_webservice::pipeline - Injected 2 extra URI routes into module 'status_module'
2026-01-06T22:15:28.766431941-05:00 INFO ox_webservice::pipeline - Loading module 'status_module' from "target/debug/libox_webservice_status.so"
2026-01-06T22:15:28.794863596-05:00 INFO ox_webservice::pipeline - Injected 1 extra URI routes into module 'stream_status'
2026-01-06T22:15:28.794990335-05:00 INFO ox_webservice::pipeline - Loading module 'stream_status' from "target/debug/libox_webservice_stream.so"
2026-01-06T22:15:28.795320113-05:00 INFO ox_webservice::pipeline - [stream_status] ox_webservice_stream: new: Initializing with content_root: "/var/repos/oxIDIZER/ox_webservice_status/content/www/"
2026-01-06T22:15:28.795623425-05:00 DEBUG ox_webservice::pipeline - [default_theme_stream] Fully processed config for "/var/repos/oxIDIZER/conf/mimetypes.yaml":
{
  "mimetypes": [
    {
      "mimetype": "text/html",
      "url": ".*[.]html$"
    },
    {
      "mimetype": "text/html",
      "url": ".*[.]htm$"
    },
    {
      "mimetype": "text/css",
      "url": ".*[.]css$"
    },
    {
      "mimetype": "application/javascript",
      "url": ".*[.]js$"
    },
    {
      "mimetype": "image/png",
      "url": ".*[.]png$"
    },
    {
      "mimetype": "image/jpeg",
      "url": ".*[.]jpg$"
    },
    {
      "mimetype": "image/jpeg",
      "url": ".*[.]jpeg$"
    },
    {
      "mimetype": "image/gif",
      "url": ".*[.]gif$"
    },
    {
      "mimetype": "text/html",
      "url": ".*[.]jinja$"
    },
    {
      "mimetype": "text/html",
      "url": ".*[.]jinja2$"
    },
    {
      "mimetype": "application/wasm",
      "url": ".*[.]wasm$"
    },
    {
      "mimetype": "application/typescript",
      "url": ".*[.]ts$"
    },
    {
      "mimetype": "application/typescript",
      "url": ".*[.]d[.]ts$"
    }
  ]
}
2026-01-06T22:15:28.832985268-05:00 INFO ox_webservice::pipeline - [stream_status] ox_webservice_stream initialized
2026-01-06T22:15:28.833248187-05:00 INFO ox_webservice::pipeline - Injected 1 extra URI routes into module 'ping_module'
2026-01-06T22:15:28.833294987-05:00 INFO ox_webservice::pipeline - Loading module 'ping_module' from "target/debug/libox_webservice_ping.so"
2026-01-06T22:15:28.833655292-05:00 INFO ox_webservice::pipeline - [ping_module] ox_webservice_ping initialized
2026-01-06T22:15:28.833749849-05:00 INFO ox_webservice::pipeline - Injected 1 extra URI routes into module 'forwarded_for'
2026-01-06T22:15:28.833763820-05:00 INFO ox_webservice::pipeline - Loading module 'forwarded_for' from "target/debug/libox_webservice_forwarded_for.so"
2026-01-06T22:15:28.833988927-05:00 INFO ox_webservice::pipeline - [forwarded_for] ox_webservice_forwarded_for initialized
2026-01-06T22:15:28.834064837-05:00 INFO ox_webservice::pipeline - Injected 1 extra URI routes into module 'restore_ip'
2026-01-06T22:15:28.834077377-05:00 INFO ox_webservice::pipeline - Loading module 'restore_ip' from "target/debug/libox_webservice_restore_ip.so"
2026-01-06T22:15:28.834245492-05:00 INFO ox_webservice::pipeline - [restore_ip] ox_webservice_restore_ip initialized
2026-01-06T22:15:28.834434575-05:00 INFO ox_webservice::pipeline - Initializing router for phase "PreEarlyRequest" with 1 routes
2026-01-06T22:15:28.834539001-05:00 INFO ox_webservice::pipeline - Initializing router for phase "PreEarlyRequest" with 1 routes
2026-01-06T22:15:28.836094539-05:00 INFO ox_webservice::pipeline - Initializing router for phase "EarlyRequest" with 0 routes
2026-01-06T22:15:28.836224615-05:00 INFO ox_webservice::pipeline - Initializing router for phase "EarlyRequest" with 0 routes
2026-01-06T22:15:28.836275457-05:00 INFO ox_webservice::pipeline - Initializing router for phase "PostEarlyRequest" with 0 routes
2026-01-06T22:15:28.836306195-05:00 INFO ox_webservice::pipeline - Initializing router for phase "PostEarlyRequest" with 0 routes
2026-01-06T22:15:28.836337812-05:00 INFO ox_webservice::pipeline - Initializing router for phase "PreAuthentication" with 0 routes
2026-01-06T22:15:28.836387885-05:00 INFO ox_webservice::pipeline - Initializing router for phase "PreAuthentication" with 0 routes
2026-01-06T22:15:28.836443119-05:00 INFO ox_webservice::pipeline - Initializing router for phase "Authentication" with 0 routes
2026-01-06T22:15:28.836471880-05:00 INFO ox_webservice::pipeline - Initializing router for phase "Authentication" with 0 routes
2026-01-06T22:15:28.836533411-05:00 INFO ox_webservice::pipeline - Initializing router for phase "PostAuthentication" with 0 routes
2026-01-06T22:15:28.836563316-05:00 INFO ox_webservice::pipeline - Initializing router for phase "PostAuthentication" with 0 routes
2026-01-06T22:15:28.836593922-05:00 INFO ox_webservice::pipeline - Initializing router for phase "PreAuthorization" with 0 routes
2026-01-06T22:15:28.836642510-05:00 INFO ox_webservice::pipeline - Initializing router for phase "PreAuthorization" with 0 routes
2026-01-06T22:15:28.836674838-05:00 INFO ox_webservice::pipeline - Initializing router for phase "Authorization" with 0 routes
2026-01-06T22:15:28.836723487-05:00 INFO ox_webservice::pipeline - Initializing router for phase "Authorization" with 0 routes
2026-01-06T22:15:28.836781744-05:00 INFO ox_webservice::pipeline - Initializing router for phase "PostAuthorization" with 0 routes
2026-01-06T22:15:28.836810134-05:00 INFO ox_webservice::pipeline - Initializing router for phase "PostAuthorization" with 0 routes
2026-01-06T22:15:28.836838881-05:00 INFO ox_webservice::pipeline - Initializing router for phase "PreContent" with 0 routes
2026-01-06T22:15:28.836863786-05:00 INFO ox_webservice::pipeline - Initializing router for phase "PreContent" with 0 routes
2026-01-06T22:15:28.837073939-05:00 INFO ox_webservice::pipeline - Initializing router for phase "Content" with 18 routes
2026-01-06T22:15:28.837274386-05:00 INFO ox_webservice::pipeline - Initializing router for phase "Content" with 18 routes
2026-01-06T22:15:28.869505279-05:00 INFO ox_webservice::pipeline - Initializing router for phase "PostContent" with 0 routes
2026-01-06T22:15:28.869687622-05:00 INFO ox_webservice::pipeline - Initializing router for phase "PostContent" with 0 routes
2026-01-06T22:15:28.869727876-05:00 INFO ox_webservice::pipeline - Initializing router for phase "PreAccounting" with 0 routes
2026-01-06T22:15:28.869747430-05:00 INFO ox_webservice::pipeline - Initializing router for phase "PreAccounting" with 0 routes
2026-01-06T22:15:28.869768310-05:00 INFO ox_webservice::pipeline - Initializing router for phase "Accounting" with 0 routes
2026-01-06T22:15:28.869784909-05:00 INFO ox_webservice::pipeline - Initializing router for phase "Accounting" with 0 routes
2026-01-06T22:15:28.869804568-05:00 INFO ox_webservice::pipeline - Initializing router for phase "PostAccounting" with 0 routes
2026-01-06T22:15:28.869846062-05:00 INFO ox_webservice::pipeline - Initializing router for phase "PostAccounting" with 0 routes
2026-01-06T22:15:28.869870723-05:00 INFO ox_webservice::pipeline - Initializing router for phase "PreErrorHandling" with 0 routes
2026-01-06T22:15:28.869887944-05:00 INFO ox_webservice::pipeline - Initializing router for phase "PreErrorHandling" with 0 routes
2026-01-06T22:15:28.869921757-05:00 INFO ox_webservice::pipeline - Initializing router for phase "ErrorHandling" with 1 routes
2026-01-06T22:15:28.869985872-05:00 INFO ox_webservice::pipeline - Initializing router for phase "ErrorHandling" with 1 routes
2026-01-06T22:15:28.871344503-05:00 INFO ox_webservice::pipeline - Initializing router for phase "PostErrorHandling" with 0 routes
2026-01-06T22:15:28.871437185-05:00 INFO ox_webservice::pipeline - Initializing router for phase "PostErrorHandling" with 0 routes
2026-01-06T22:15:28.871465559-05:00 INFO ox_webservice::pipeline - Initializing router for phase "PreLateRequest" with 0 routes
2026-01-06T22:15:28.871483883-05:00 INFO ox_webservice::pipeline - Initializing router for phase "PreLateRequest" with 0 routes
2026-01-06T22:15:28.871503131-05:00 INFO ox_webservice::pipeline - Initializing router for phase "LateRequest" with 0 routes
2026-01-06T22:15:28.871541082-05:00 INFO ox_webservice::pipeline - Initializing router for phase "LateRequest" with 0 routes
2026-01-06T22:15:28.871590191-05:00 INFO ox_webservice::pipeline - Initializing router for phase "PostLateRequest" with 1 routes
2026-01-06T22:15:28.871614234-05:00 INFO ox_webservice::pipeline - Initializing router for phase "PostLateRequest" with 1 routes
2026-01-06T22:15:28.872938501-05:00 INFO ox_webservice - Listening on 0.0.0.0:3000
2026-01-06T22:15:28.880101358-05:00 INFO ox_webservice::pipeline - [ping_module] Handling ping request (Transport Agnostic)
2026-01-06T22:15:28.880306606-05:00 DEBUG ox_webservice::pipeline - Module 'ping_module' returned Modified. Pipeline is_modified set to true.
2026-01-06T22:15:28.880428564-05:00 INFO ox_webservice::pipeline - [default_layout_stream] ox_webservice_stream: Early conflict check. is_modified=true, action=Some(skip)
2026-01-06T22:15:28.880479562-05:00 INFO ox_webservice::pipeline - [default_layout_stream] ox_webservice_stream: Skipping due to existing content (early check).
2026-01-06T22:15:28.880517731-05:00 DEBUG ox_webservice::pipeline - Module '"Content"_Router' returned Modified. Pipeline is_modified set to true.
2026-01-06T22:15:28.880695529-05:00 DEBUG ox_webservice::pipeline - [restore_ip] No 'original_source_ip' found in module context. Skipping restore.
2026-01-06T22:15:28.883053435-05:00 INFO ox_webservice::pipeline - [ping_module] Handling ping request (Transport Agnostic)
2026-01-06T22:15:28.883396732-05:00 DEBUG ox_webservice::pipeline - Module 'ping_module' returned Modified. Pipeline is_modified set to true.
2026-01-06T22:15:28.883558452-05:00 INFO ox_webservice::pipeline - [default_layout_stream] ox_webservice_stream: Early conflict check. is_modified=true, action=Some(skip)
2026-01-06T22:15:28.883657396-05:00 INFO ox_webservice::pipeline - [default_layout_stream] ox_webservice_stream: Skipping due to existing content (early check).
2026-01-06T22:15:28.883675038-05:00 DEBUG ox_webservice::pipeline - Module '"Content"_Router' returned Modified. Pipeline is_modified set to true.
2026-01-06T22:15:28.883908881-05:00 DEBUG ox_webservice::pipeline - [restore_ip] No 'original_source_ip' found in module context. Skipping restore.
2026-01-06T22:15:28.886453800-05:00 INFO ox_webservice::pipeline - [ping_module] Handling ping request (Transport Agnostic)
2026-01-06T22:15:28.886609310-05:00 DEBUG ox_webservice::pipeline - Module 'ping_module' returned Modified. Pipeline is_modified set to true.
2026-01-06T22:15:28.886746148-05:00 INFO ox_webservice::pipeline - [default_layout_stream] ox_webservice_stream: Early conflict check. is_modified=true, action=Some(skip)
2026-01-06T22:15:28.886815528-05:00 INFO ox_webservice::pipeline - [default_layout_stream] ox_webservice_stream: Skipping due to existing content (early check).
2026-01-06T22:15:28.886834924-05:00 DEBUG ox_webservice::pipeline - Module '"Content"_Router' returned Modified. Pipeline is_modified set to true.
2026-01-06T22:15:28.887032229-05:00 DEBUG ox_webservice::pipeline - [restore_ip] No 'original_source_ip' found in module context. Skipping restore.
2026-01-06T22:15:28.889576684-05:00 INFO ox_webservice::pipeline - [ping_module] Handling ping request (Transport Agnostic)
2026-01-06T22:15:28.889724379-05:00 DEBUG ox_webservice::pipeline - Module 'ping_module' returned Modified. Pipeline is_modified set to true.
2026-01-06T22:15:28.889846193-05:00 INFO ox_webservice::pipeline - [default_layout_stream] ox_webservice_stream: Early conflict check. is_modified=true, action=Some(skip)
2026-01-06T22:15:28.889924144-05:00 INFO ox_webservice::pipeline - [default_layout_stream] ox_webservice_stream: Skipping due to existing content (early check).
2026-01-06T22:15:28.889944529-05:00 DEBUG ox_webservice::pipeline - Module '"Content"_Router' returned Modified. Pipeline is_modified set to true.
2026-01-06T22:15:28.890181048-05:00 DEBUG ox_webservice::pipeline - [restore_ip] No 'original_source_ip' found in module context. Skipping restore.
2026-01-06T22:15:28.892527739-05:00 INFO ox_webservice::pipeline - [ping_module] Handling ping request (Transport Agnostic)
2026-01-06T22:15:28.892707118-05:00 DEBUG ox_webservice::pipeline - Module 'ping_module' returned Modified. Pipeline is_modified set to true.
2026-01-06T22:15:28.892841751-05:00 INFO ox_webservice::pipeline - [default_layout_stream] ox_webservice_stream: Early conflict check. is_modified=true, action=Some(skip)
2026-01-06T22:15:28.892912984-05:00 INFO ox_webservice::pipeline - [default_layout_stream] ox_webservice_stream: Skipping due to existing content (early check).
2026-01-06T22:15:28.892945208-05:00 DEBUG ox_webservice::pipeline - Module '"Content"_Router' returned Modified. Pipeline is_modified set to true.
2026-01-06T22:15:28.893154492-05:00 DEBUG ox_webservice::pipeline - [restore_ip] No 'original_source_ip' found in module context. Skipping restore.
2026-01-06T22:15:28.895644893-05:00 INFO ox_webservice::pipeline - [ping_module] Handling ping request (Transport Agnostic)
2026-01-06T22:15:28.895806628-05:00 DEBUG ox_webservice::pipeline - Module 'ping_module' returned Modified. Pipeline is_modified set to true.
2026-01-06T22:15:28.895933125-05:00 INFO ox_webservice::pipeline - [default_layout_stream] ox_webservice_stream: Early conflict check. is_modified=true, action=Some(skip)
2026-01-06T22:15:28.895987269-05:00 INFO ox_webservice::pipeline - [default_layout_stream] ox_webservice_stream: Skipping due to existing content (early check).
2026-01-06T22:15:28.896007628-05:00 DEBUG ox_webservice::pipeline - Module '"Content"_Router' returned Modified. Pipeline is_modified set to true.
2026-01-06T22:15:28.896223648-05:00 DEBUG ox_webservice::pipeline - [restore_ip] No 'original_source_ip' found in module context. Skipping restore.
2026-01-06T22:15:29.001053983-05:00 INFO ox_webservice::pipeline - [ping_module] Handling ping request (Transport Agnostic)
2026-01-06T22:15:29.001205695-05:00 DEBUG ox_webservice::pipeline - Module 'ping_module' returned Modified. Pipeline is_modified set to true.
2026-01-06T22:15:29.001292039-05:00 INFO ox_webservice::pipeline - [default_layout_stream] ox_webservice_stream: Early conflict check. is_modified=true, action=Some(skip)
2026-01-06T22:15:29.001307745-05:00 INFO ox_webservice::pipeline - [default_layout_stream] ox_webservice_stream: Skipping due to existing content (early check).
2026-01-06T22:15:29.001319306-05:00 DEBUG ox_webservice::pipeline - Module '"Content"_Router' returned Modified. Pipeline is_modified set to true.
2026-01-06T22:15:29.001472827-05:00 DEBUG ox_webservice::pipeline - [restore_ip] No 'original_source_ip' found in module context. Skipping restore.
2026-01-06T22:15:29.076239709-05:00 INFO ox_webservice::pipeline - [ping_module] Handling ping request (Transport Agnostic)
2026-01-06T22:15:29.076425787-05:00 DEBUG ox_webservice::pipeline - Module 'ping_module' returned Modified. Pipeline is_modified set to true.
2026-01-06T22:15:29.076543830-05:00 INFO ox_webservice::pipeline - [default_layout_stream] ox_webservice_stream: Early conflict check. is_modified=true, action=Some(skip)
2026-01-06T22:15:29.076615411-05:00 INFO ox_webservice::pipeline - [default_layout_stream] ox_webservice_stream: Skipping due to existing content (early check).
2026-01-06T22:15:29.076632526-05:00 DEBUG ox_webservice::pipeline - Module '"Content"_Router' returned Modified. Pipeline is_modified set to true.
2026-01-06T22:15:29.076855640-05:00 DEBUG ox_webservice::pipeline - [restore_ip] No 'original_source_ip' found in module context. Skipping restore.
2026-01-06T22:15:29.135060542-05:00 INFO ox_webservice::pipeline - [ping_module] Handling ping request (Transport Agnostic)
2026-01-06T22:15:29.135200165-05:00 DEBUG ox_webservice::pipeline - Module 'ping_module' returned Modified. Pipeline is_modified set to true.
2026-01-06T22:15:29.135281558-05:00 INFO ox_webservice::pipeline - [default_layout_stream] ox_webservice_stream: Early conflict check. is_modified=true, action=Some(skip)
2026-01-06T22:15:29.135317408-05:00 INFO ox_webservice::pipeline - [default_layout_stream] ox_webservice_stream: Skipping due to existing content (early check).
2026-01-06T22:15:29.135330142-05:00 DEBUG ox_webservice::pipeline - Module '"Content"_Router' returned Modified. Pipeline is_modified set to true.
2026-01-06T22:15:29.135472639-05:00 DEBUG ox_webservice::pipeline - [restore_ip] No 'original_source_ip' found in module context. Skipping restore.
2026-01-06T22:15:29.226769208-05:00 INFO ox_webservice::pipeline - [ping_module] Handling ping request (Transport Agnostic)
2026-01-06T22:15:29.226934184-05:00 DEBUG ox_webservice::pipeline - Module 'ping_module' returned Modified. Pipeline is_modified set to true.
2026-01-06T22:15:29.227033122-05:00 INFO ox_webservice::pipeline - [default_layout_stream] ox_webservice_stream: Early conflict check. is_modified=true, action=Some(skip)
2026-01-06T22:15:29.227091480-05:00 INFO ox_webservice::pipeline - [default_layout_stream] ox_webservice_stream: Skipping due to existing content (early check).
2026-01-06T22:15:29.227120579-05:00 DEBUG ox_webservice::pipeline - Module '"Content"_Router' returned Modified. Pipeline is_modified set to true.
2026-01-06T22:15:29.227272115-05:00 DEBUG ox_webservice::pipeline - [restore_ip] No 'original_source_ip' found in module context. Skipping restore.
2026-01-06T22:15:30.532477328-05:00 INFO ox_webservice::pipeline - [stream_status] ox_webservice_stream: Early conflict check. is_modified=false, action=Some(skip)
2026-01-06T22:15:30.532598868-05:00 INFO ox_webservice::pipeline - [stream_status] ox_webservice_stream: No path_capture found. request_path: '/status'
2026-01-06T22:15:30.532681743-05:00 INFO ox_webservice::pipeline - [stream_status] ox_webservice_stream: Streaming file for path: /status
2026-01-06T22:15:30.532732242-05:00 DEBUG ox_webservice::pipeline - Module 'stream_status' returned Modified. Pipeline is_modified set to true.
2026-01-06T22:15:30.532746863-05:00 DEBUG ox_webservice::pipeline - Module '"Content"_Router' returned Modified. Pipeline is_modified set to true.
2026-01-06T22:15:30.532773901-05:00 DEBUG ox_webservice::pipeline - StreamFile processing complete. Pipeline is_modified=true
2026-01-06T22:15:30.532895370-05:00 DEBUG ox_webservice::pipeline - [restore_ip] No 'original_source_ip' found in module context. Skipping restore.
2026-01-06T22:15:30.542323355-05:00 INFO ox_webservice::pipeline - [package_manager] DEBUG_REQUEST_GENERIC: verb='create', resource='/packages/upload'
2026-01-06T22:15:30.542431275-05:00 INFO ox_webservice::pipeline - [package_manager] Processing upload request...
2026-01-06T22:15:30.542463880-05:00 INFO ox_webservice::pipeline - [package_manager] Content-Type: multipart/form-data; boundary=------------------------Jli3Et2ynEVi4eQGu7ye9z
2026-01-06T22:15:30.542625425-05:00 INFO ox_webservice::pipeline - [package_manager] Multipart::with_boundary(_, "------------------------Jli3Et2ynEVi4eQGu7ye9z")
2026-01-06T22:15:30.542715694-05:00 DEBUG ox_webservice::pipeline - [package_manager] ReadEntry::read_entry()
2026-01-06T22:15:30.542756934-05:00 DEBUG ox_webservice::pipeline - [package_manager] Consume boundary!
2026-01-06T22:15:30.542774448-05:00 DEBUG ox_webservice::pipeline - [package_manager] Boundary not found yet
2026-01-06T22:15:30.542881693-05:00 DEBUG ox_webservice::pipeline - [package_manager] Before search Buf len: 452 Search idx: 0 State: Searching
2026-01-06T22:15:30.542951698-05:00 DEBUG ox_webservice::pipeline - [package_manager] After search Buf len: 452 Search idx: 0 State: BoundaryRead
2026-01-06T22:15:30.542997674-05:00 DEBUG ox_webservice::pipeline - [package_manager] Discarding 0 bytes
2026-01-06T22:15:30.543016829-05:00 DEBUG ox_webservice::pipeline - [package_manager] Consume! amt: 0 true amt: 0
2026-01-06T22:15:30.543107222-05:00 DEBUG ox_webservice::pipeline - [package_manager] Before search Buf len: 402 Search idx: 0 State: Searching
2026-01-06T22:15:30.543167216-05:00 DEBUG ox_webservice::pipeline - [package_manager] After search Buf len: 402 Search idx: 350 State: BoundaryRead
2026-01-06T22:15:30.543186456-05:00 DEBUG ox_webservice::pipeline - [package_manager] Subtract two!
2026-01-06T22:15:30.543243468-05:00 DEBUG ox_webservice::pipeline - [package_manager] Parsed headers: [StrHeader { name: "Content-Disposition", val: "form-data; name=\"package\"; filename=\"test_pkg.zip\"" }, StrHeader { name: "Content-Type", val: "application/octet-stream" }]
2026-01-06T22:15:30.543336323-05:00 DEBUG ox_webservice::pipeline - [package_manager] Found Content-Type: "application/octet-stream"
2026-01-06T22:15:30.543376540-05:00 DEBUG ox_webservice::pipeline - [package_manager] Consume! amt: 115 true amt: 115
2026-01-06T22:15:30.543505486-05:00 DEBUG ox_webservice::pipeline - [package_manager] Before search Buf len: 287 Search idx: 233 State: BoundaryRead
2026-01-06T22:15:30.543560812-05:00 DEBUG ox_webservice::pipeline - [package_manager] Consume! amt: 233 true amt: 233
2026-01-06T22:15:30.543584617-05:00 DEBUG ox_webservice::pipeline - [package_manager] Before search Buf len: 54 Search idx: 0 State: BoundaryRead
2026-01-06T22:15:30.543613418-05:00 DEBUG ox_webservice::pipeline - [package_manager] Consume! amt: 0 true amt: 0
2026-01-06T22:15:30.544470318-05:00 DEBUG ox_webservice::pipeline - [package_manager] ReadEntry::read_entry()
2026-01-06T22:15:30.544555062-05:00 DEBUG ox_webservice::pipeline - [package_manager] Consume boundary!
2026-01-06T22:15:30.544760879-05:00 DEBUG ox_webservice::pipeline - Module 'package_manager' returned Modified. Pipeline is_modified set to true.
2026-01-06T22:15:30.545168675-05:00 INFO ox_webservice::pipeline - [package_manager_stream] ox_webservice_stream: Early conflict check. is_modified=true, action=Some(skip)
2026-01-06T22:15:30.545220724-05:00 INFO ox_webservice::pipeline - [package_manager_stream] ox_webservice_stream: Skipping due to existing content (early check).
2026-01-06T22:15:30.545349946-05:00 INFO ox_webservice::pipeline - [default_layout_stream] ox_webservice_stream: Early conflict check. is_modified=true, action=Some(skip)
2026-01-06T22:15:30.545385468-05:00 INFO ox_webservice::pipeline - [default_layout_stream] ox_webservice_stream: Skipping due to existing content (early check).
2026-01-06T22:15:30.545398965-05:00 DEBUG ox_webservice::pipeline - Module '"Content"_Router' returned Modified. Pipeline is_modified set to true.
2026-01-06T22:15:30.545616425-05:00 DEBUG ox_webservice::pipeline - [restore_ip] No 'original_source_ip' found in module context. Skipping restore.
2026-01-06T22:15:30.548484714-05:00 INFO ox_webservice::pipeline - [ping_module] Handling ping request (Transport Agnostic)
2026-01-06T22:15:30.548636749-05:00 DEBUG ox_webservice::pipeline - Module 'ping_module' returned Modified. Pipeline is_modified set to true.
2026-01-06T22:15:30.548723728-05:00 INFO ox_webservice::pipeline - [default_layout_stream] ox_webservice_stream: Early conflict check. is_modified=true, action=Some(skip)
2026-01-06T22:15:30.548788917-05:00 INFO ox_webservice::pipeline - [default_layout_stream] ox_webservice_stream: Skipping due to existing content (early check).
2026-01-06T22:15:30.548802466-05:00 DEBUG ox_webservice::pipeline - Module '"Content"_Router' returned Modified. Pipeline is_modified set to true.
2026-01-06T22:15:30.548950783-05:00 DEBUG ox_webservice::pipeline - [restore_ip] No 'original_source_ip' found in module context. Skipping restore.
2026-01-06T22:15:30.592780996-05:00 INFO ox_webservice::pipeline - [ping_module] Handling ping request (Transport Agnostic)
2026-01-06T22:15:30.592938426-05:00 DEBUG ox_webservice::pipeline - Module 'ping_module' returned Modified. Pipeline is_modified set to true.
2026-01-06T22:15:30.593030837-05:00 INFO ox_webservice::pipeline - [default_layout_stream] ox_webservice_stream: Early conflict check. is_modified=true, action=Some(skip)
2026-01-06T22:15:30.593069200-05:00 INFO ox_webservice::pipeline - [default_layout_stream] ox_webservice_stream: Skipping due to existing content (early check).
2026-01-06T22:15:30.593096956-05:00 DEBUG ox_webservice::pipeline - Module '"Content"_Router' returned Modified. Pipeline is_modified set to true.
2026-01-06T22:15:30.593220697-05:00 DEBUG ox_webservice::pipeline - [restore_ip] No 'original_source_ip' found in module context. Skipping restore.
2026-01-06T22:15:30.743719777-05:00 INFO ox_webservice::pipeline - [ping_module] Handling ping request (Transport Agnostic)
2026-01-06T22:15:30.743855154-05:00 DEBUG ox_webservice::pipeline - Module 'ping_module' returned Modified. Pipeline is_modified set to true.
2026-01-06T22:15:30.743930577-05:00 INFO ox_webservice::pipeline - [default_layout_stream] ox_webservice_stream: Early conflict check. is_modified=true, action=Some(skip)
2026-01-06T22:15:30.743945916-05:00 INFO ox_webservice::pipeline - [default_layout_stream] ox_webservice_stream: Skipping due to existing content (early check).
2026-01-06T22:15:30.743957601-05:00 DEBUG ox_webservice::pipeline - Module '"Content"_Router' returned Modified. Pipeline is_modified set to true.
2026-01-06T22:15:30.744098762-05:00 DEBUG ox_webservice::pipeline - [restore_ip] No 'original_source_ip' found in module context. Skipping restore.
2026-01-06T22:15:30.894140632-05:00 INFO ox_webservice::pipeline - [ping_module] Handling ping request (Transport Agnostic)
2026-01-06T22:15:30.894276968-05:00 DEBUG ox_webservice::pipeline - Module 'ping_module' returned Modified. Pipeline is_modified set to true.
2026-01-06T22:15:30.894371159-05:00 INFO ox_webservice::pipeline - [default_layout_stream] ox_webservice_stream: Early conflict check. is_modified=true, action=Some(skip)
2026-01-06T22:15:30.894427502-05:00 INFO ox_webservice::pipeline - [default_layout_stream] ox_webservice_stream: Skipping due to existing content (early check).
2026-01-06T22:15:30.894466028-05:00 DEBUG ox_webservice::pipeline - Module '"Content"_Router' returned Modified. Pipeline is_modified set to true.
2026-01-06T22:15:30.894703358-05:00 DEBUG ox_webservice::pipeline - [restore_ip] No 'original_source_ip' found in module context. Skipping restore.
2026-01-06T22:15:31.013844083-05:00 INFO ox_webservice::pipeline - [ping_module] Handling ping request (Transport Agnostic)
2026-01-06T22:15:31.013984671-05:00 DEBUG ox_webservice::pipeline - Module 'ping_module' returned Modified. Pipeline is_modified set to true.
2026-01-06T22:15:31.014064426-05:00 INFO ox_webservice::pipeline - [default_layout_stream] ox_webservice_stream: Early conflict check. is_modified=true, action=Some(skip)
2026-01-06T22:15:31.014100725-05:00 INFO ox_webservice::pipeline - [default_layout_stream] ox_webservice_stream: Skipping due to existing content (early check).
2026-01-06T22:15:31.014112959-05:00 DEBUG ox_webservice::pipeline - Module '"Content"_Router' returned Modified. Pipeline is_modified set to true.
2026-01-06T22:15:31.014249223-05:00 DEBUG ox_webservice::pipeline - [restore_ip] No 'original_source_ip' found in module context. Skipping restore.
2026-01-06T22:15:31.103423758-05:00 INFO ox_webservice::pipeline - [ping_module] Handling ping request (Transport Agnostic)
2026-01-06T22:15:31.103537470-05:00 DEBUG ox_webservice::pipeline - Module 'ping_module' returned Modified. Pipeline is_modified set to true.
2026-01-06T22:15:31.103614368-05:00 INFO ox_webservice::pipeline - [default_layout_stream] ox_webservice_stream: Early conflict check. is_modified=true, action=Some(skip)
2026-01-06T22:15:31.103629939-05:00 INFO ox_webservice::pipeline - [default_layout_stream] ox_webservice_stream: Skipping due to existing content (early check).
2026-01-06T22:15:31.103640542-05:00 DEBUG ox_webservice::pipeline - Module '"Content"_Router' returned Modified. Pipeline is_modified set to true.
2026-01-06T22:15:31.103767306-05:00 DEBUG ox_webservice::pipeline - [restore_ip] No 'original_source_ip' found in module context. Skipping restore.
2026-01-06T22:15:31.132227690-05:00 INFO ox_webservice::pipeline - [ping_module] Handling ping request (Transport Agnostic)
2026-01-06T22:15:31.132344029-05:00 DEBUG ox_webservice::pipeline - Module 'ping_module' returned Modified. Pipeline is_modified set to true.
2026-01-06T22:15:31.132447092-05:00 INFO ox_webservice::pipeline - [default_layout_stream] ox_webservice_stream: Early conflict check. is_modified=true, action=Some(skip)
2026-01-06T22:15:31.132505794-05:00 INFO ox_webservice::pipeline - [default_layout_stream] ox_webservice_stream: Skipping due to existing content (early check).
2026-01-06T22:15:31.132535407-05:00 DEBUG ox_webservice::pipeline - Module '"Content"_Router' returned Modified. Pipeline is_modified set to true.
2026-01-06T22:15:31.132715998-05:00 DEBUG ox_webservice::pipeline - [restore_ip] No 'original_source_ip' found in module context. Skipping restore.
2026-01-06T22:15:31.192472725-05:00 INFO ox_webservice::pipeline - [ping_module] Handling ping request (Transport Agnostic)
2026-01-06T22:15:31.192587480-05:00 DEBUG ox_webservice::pipeline - Module 'ping_module' returned Modified. Pipeline is_modified set to true.
2026-01-06T22:15:31.192664130-05:00 INFO ox_webservice::pipeline - [default_layout_stream] ox_webservice_stream: Early conflict check. is_modified=true, action=Some(skip)
2026-01-06T22:15:31.192682144-05:00 INFO ox_webservice::pipeline - [default_layout_stream] ox_webservice_stream: Skipping due to existing content (early check).
2026-01-06T22:15:31.192723302-05:00 DEBUG ox_webservice::pipeline - Module '"Content"_Router' returned Modified. Pipeline is_modified set to true.
2026-01-06T22:15:31.192852174-05:00 DEBUG ox_webservice::pipeline - [restore_ip] No 'original_source_ip' found in module context. Skipping restore.
