warning: unused imports: `Deserialize` and `Serialize`
 --> /var/repos/oxIDIZER/ox_plugin/src/lib.rs:2:13
  |
2 | ...::{Deserialize, Serialize};
  |       ^^^^^^^^^^^  ^^^^^^^^^
  |
  = note: `#[warn(unused_imports)]` (part of `#[warn(unused)]`) on by default

warning: unused import: `super::*`
   --> /var/repos/oxIDIZER/ox_plugin/src/lib.rs:135:9
    |
135 |     use super::*;
    |         ^^^^^^^^

warning: `ox_plugin` (lib) generated 2 warnings (run `cargo fix --lib -p ox_plugin` to apply 2 suggestions)
warning: unused import: `anyhow`
 --> /var/repos/oxIDIZER/ox_fileproc/src/cursor.rs:3:31
  |
3 | ..., Context, anyhow};
  |               ^^^^^^
  |
  = note: `#[warn(unused_imports)]` (part of `#[warn(unused)]`) on by default

warning: unused import: `std::ops::Range`
 --> /var/repos/oxIDIZER/ox_fileproc/src/scanners/mod.rs:1:5
  |
1 | use std::ops::Range;
  |     ^^^^^^^^^^^^^^^

warning: unused import: `Format`
 --> /var/repos/oxIDIZER/ox_fileproc/src/scanners/mod.rs:2:29
  |
2 | ...::{Cursor, Format};
  |               ^^^^^^

warning: variable `block_end` is assigned to, but never used
  --> /var/repos/oxIDIZER/ox_fileproc/src/scanners/yaml.rs:51:30
   |
51 | ...   let mut block_end = block...
   |           ^^^^^^^^^^^^^
   |
   = note: consider using `_block_end` instead
   = note: `#[warn(unused_variables)]` (part of `#[warn(unused)]`) on by default

warning: value assigned to `block_end` is never read
  --> /var/repos/oxIDIZER/ox_fileproc/src/scanners/yaml.rs:75:34
   |
75 | ...   block_end = relative_offset;
   |       ^^^^^^^^^^^^^^^^^^^^^^^^^^^
   |
   = help: maybe it is overwritten before being read?
   = note: `#[warn(unused_assignments)]` (part of `#[warn(unused)]`) on by default

warning: hiding a lifetime that's elided elsewhere is confusing
  --> /var/repos/oxIDIZER/ox_fileproc/src/cursor.rs:62:17
   |
62 | ...nd(&self, query: &str) -> impl Iterator<Item = Cursor> + '_ {
   |       ^^^^^                                       ^^^^^^    ^^ the same lifetime is elided here
   |       |                                           |
   |       the lifetime is elided here                 the same lifetime is hidden here
   |
   = help: the same lifetime is referred to in inconsistent ways, making the signature confusing
   = note: `#[warn(mismatched_lifetime_syntaxes)]` on by default
help: use `'_` for type paths
   |
62 |     pub fn find(&self, query: &str) -> impl Iterator<Item = Cursor<'_>> + '_ {
   |                                                                   ++++

warning: `ox_fileproc` (lib) generated 6 warnings (run `cargo fix --lib -p ox_fileproc` to apply 4 suggestions)
warning: unused import: `std::collections::HashMap`
 --> /var/repos/oxIDIZER/ox_pipeline/src/lib.rs:1:5
  |
1 | use std::collections::HashMap;
  |     ^^^^^^^^^^^^^^^^^^^^^^^^^
  |
  = note: `#[warn(unused_imports)]` (part of `#[warn(unused)]`) on by default

warning: unused import: `RwLock`
 --> /var/repos/oxIDIZER/ox_pipeline/src/lib.rs:2:22
  |
2 | use std::sync::{Arc, RwLock}; //...
  |                      ^^^^^^

warning: `ox_pipeline` (lib) generated 2 warnings (run `cargo fix --lib -p ox_pipeline` to apply 2 suggestions)
warning: unused imports: `HandlerResult` and `ModuleStatus`
  --> /var/repos/oxIDIZER/ox_webservice/src/pipeline.rs:23:33
   |
23 | ...l, ModuleStatus, HandlerResult,
   |       ^^^^^^^^^^^^  ^^^^^^^^^^^^^
   |
   = note: `#[warn(unused_imports)]` (part of `#[warn(unused)]`) on by default

warning: variable does not need to be mutable
   --> /var/repos/oxIDIZER/ox_webservice/src/pipeline.rs:688:13
    |
688 | ...   let mut state = Pipeline...
    |           ----^^^^^
    |           |
    |           help: remove this `mut`
    |
    = note: `#[warn(unused_mut)]` (part of `#[warn(unused)]`) on by default

warning: unused variable: `key`
   --> /var/repos/oxIDIZER/ox_webservice/src/pipeline.rs:453:22
    |
453 | ...    for (key, pattern) in c...
    |             ^^^ help: if this is intentional, prefix it with an underscore: `_key`
    |
    = note: `#[warn(unused_variables)]` (part of `#[warn(unused)]`) on by default

warning: method `name` is never used
   --> /var/repos/oxIDIZER/ox_webservice/src/pipeline.rs:418:8
    |
417 | impl LoadedModule {
    | ----------------- method in this implementation
418 |     fn name(&self) -> &str {
    |        ^^^^
    |
    = note: `#[warn(dead_code)]` (part of `#[warn(unused)]`) on by default

warning: `ox_webservice` (lib) generated 4 warnings (run `cargo fix --lib -p ox_webservice` to apply 3 suggestions)
    Finished `release` profile [optimized + debuginfo] target(s) in 0.13s
warning: unused imports: `Deserialize` and `Serialize`
 --> /var/repos/oxIDIZER/ox_plugin/src/lib.rs:2:13
  |
2 | ...::{Deserialize, Serialize};
  |       ^^^^^^^^^^^  ^^^^^^^^^
  |
  = note: `#[warn(unused_imports)]` (part of `#[warn(unused)]`) on by default

warning: unused import: `super::*`
   --> /var/repos/oxIDIZER/ox_plugin/src/lib.rs:135:9
    |
135 |     use super::*;
    |         ^^^^^^^^

warning: `ox_plugin` (lib) generated 2 warnings (run `cargo fix --lib -p ox_plugin` to apply 2 suggestions)
warning: unused import: `anyhow`
 --> /var/repos/oxIDIZER/ox_fileproc/src/cursor.rs:3:31
  |
3 | ..., Context, anyhow};
  |               ^^^^^^
  |
  = note: `#[warn(unused_imports)]` (part of `#[warn(unused)]`) on by default

warning: unused import: `std::ops::Range`
 --> /var/repos/oxIDIZER/ox_fileproc/src/scanners/mod.rs:1:5
  |
1 | use std::ops::Range;
  |     ^^^^^^^^^^^^^^^

warning: unused import: `Format`
 --> /var/repos/oxIDIZER/ox_fileproc/src/scanners/mod.rs:2:29
  |
2 | ...::{Cursor, Format};
  |               ^^^^^^

warning: variable `block_end` is assigned to, but never used
  --> /var/repos/oxIDIZER/ox_fileproc/src/scanners/yaml.rs:51:30
   |
51 | ...   let mut block_end = block...
   |           ^^^^^^^^^^^^^
   |
   = note: consider using `_block_end` instead
   = note: `#[warn(unused_variables)]` (part of `#[warn(unused)]`) on by default

warning: value assigned to `block_end` is never read
  --> /var/repos/oxIDIZER/ox_fileproc/src/scanners/yaml.rs:75:34
   |
75 | ...   block_end = relative_offset;
   |       ^^^^^^^^^^^^^^^^^^^^^^^^^^^
   |
   = help: maybe it is overwritten before being read?
   = note: `#[warn(unused_assignments)]` (part of `#[warn(unused)]`) on by default

warning: hiding a lifetime that's elided elsewhere is confusing
  --> /var/repos/oxIDIZER/ox_fileproc/src/cursor.rs:62:17
   |
62 | ...nd(&self, query: &str) -> impl Iterator<Item = Cursor> + '_ {
   |       ^^^^^                                       ^^^^^^    ^^ the same lifetime is elided here
   |       |                                           |
   |       the lifetime is elided here                 the same lifetime is hidden here
   |
   = help: the same lifetime is referred to in inconsistent ways, making the signature confusing
   = note: `#[warn(mismatched_lifetime_syntaxes)]` on by default
help: use `'_` for type paths
   |
62 |     pub fn find(&self, query: &str) -> impl Iterator<Item = Cursor<'_>> + '_ {
   |                                                                   ++++

warning: `ox_fileproc` (lib) generated 6 warnings (run `cargo fix --lib -p ox_fileproc` to apply 4 suggestions)
warning: unused import: `std::collections::HashMap`
 --> /var/repos/oxIDIZER/ox_pipeline/src/lib.rs:1:5
  |
1 | use std::collections::HashMap;
  |     ^^^^^^^^^^^^^^^^^^^^^^^^^
  |
  = note: `#[warn(unused_imports)]` (part of `#[warn(unused)]`) on by default

warning: unused import: `RwLock`
 --> /var/repos/oxIDIZER/ox_pipeline/src/lib.rs:2:22
  |
2 | use std::sync::{Arc, RwLock}; //...
  |                      ^^^^^^

warning: `ox_pipeline` (lib) generated 2 warnings (run `cargo fix --lib -p ox_pipeline` to apply 2 suggestions)
warning: unused imports: `HandlerResult` and `ModuleStatus`
  --> /var/repos/oxIDIZER/ox_webservice/src/pipeline.rs:23:33
   |
23 | ...l, ModuleStatus, HandlerResult,
   |       ^^^^^^^^^^^^  ^^^^^^^^^^^^^
   |
   = note: `#[warn(unused_imports)]` (part of `#[warn(unused)]`) on by default

warning: variable does not need to be mutable
   --> /var/repos/oxIDIZER/ox_webservice/src/pipeline.rs:688:13
    |
688 | ...   let mut state = Pipeline...
    |           ----^^^^^
    |           |
    |           help: remove this `mut`
    |
    = note: `#[warn(unused_mut)]` (part of `#[warn(unused)]`) on by default

warning: unused variable: `key`
   --> /var/repos/oxIDIZER/ox_webservice/src/pipeline.rs:453:22
    |
453 | ...    for (key, pattern) in c...
    |             ^^^ help: if this is intentional, prefix it with an underscore: `_key`
    |
    = note: `#[warn(unused_variables)]` (part of `#[warn(unused)]`) on by default

warning: method `name` is never used
   --> /var/repos/oxIDIZER/ox_webservice/src/pipeline.rs:418:8
    |
417 | impl LoadedModule {
    | ----------------- method in this implementation
418 |     fn name(&self) -> &str {
    |        ^^^^
    |
    = note: `#[warn(dead_code)]` (part of `#[warn(unused)]`) on by default

warning: `ox_webservice` (lib) generated 4 warnings (run `cargo fix --lib -p ox_webservice` to apply 3 suggestions)
    Finished `release` profile [optimized + debuginfo] target(s) in 0.11s
     Running `fuzz/target/x86_64-unknown-linux-gnu/release/ffi_get_response_header -artifact_prefix=/var/repos/oxIDIZER/ox_webservice/fuzz/artifacts/ffi_get_response_header/ -max_total_time=15 /var/repos/oxIDIZER/ox_webservice/fuzz/corpus/ffi_get_response_header`
INFO: Running with entropic power schedule (0xFF, 100).
INFO: Seed: 167112806
INFO: Loaded 1 modules   (16884 inline 8-bit counters): 16884 [0x5bc0a75021a0, 0x5bc0a7506394), 
INFO: Loaded 1 PC tables (16884 PCs): 16884 [0x5bc0a7506398,0x5bc0a75482d8), 
INFO:      848 files found in /var/repos/oxIDIZER/ox_webservice/fuzz/corpus/ffi_get_response_header
INFO: -max_len is not provided; libFuzzer will not generate inputs larger than 4096 bytes
INFO: seed corpus: files: 848 min: 1b max: 1077b total: 46349b rss: 73Mb
#850	INITED cov: 1311 ft: 1549 corp: 389/21Kb exec/s: 0 rss: 73Mb
#27581	NEW    cov: 1313 ft: 1551 corp: 390/22Kb lim: 1347 exec/s: 0 rss: 99Mb L: 33/1077 MS: 1 ShuffleBytes-
#96117	NEW    cov: 1327 ft: 1574 corp: 391/22Kb lim: 2027 exec/s: 0 rss: 209Mb L: 14/1077 MS: 1 CopyPart-
#97480	NEW    cov: 1329 ft: 1576 corp: 392/22Kb lim: 2037 exec/s: 0 rss: 212Mb L: 55/1077 MS: 3 InsertByte-CrossOver-InsertByte-
#100556	NEW    cov: 1331 ft: 1578 corp: 393/22Kb lim: 2057 exec/s: 0 rss: 216Mb L: 34/1077 MS: 1 CrossOver-
#165887	NEW    cov: 1332 ft: 1581 corp: 394/22Kb lim: 2706 exec/s: 165887 rss: 321Mb L: 14/1077 MS: 1 ShuffleBytes-
#172278	NEW    cov: 1332 ft: 1582 corp: 395/22Kb lim: 2761 exec/s: 172278 rss: 332Mb L: 14/1077 MS: 1 CopyPart-
#181124	REDUCE cov: 1332 ft: 1582 corp: 395/22Kb lim: 2849 exec/s: 181124 rss: 346Mb L: 1065/1077 MS: 1 EraseBytes-
#250690	NEW    cov: 1333 ft: 1583 corp: 396/22Kb lim: 3531 exec/s: 125345 rss: 434Mb L: 14/1077 MS: 1 CopyPart-
#262144	pulse  cov: 1333 ft: 1583 corp: 396/22Kb lim: 3641 exec/s: 131072 rss: 446Mb
#325586	NEW    cov: 1333 ft: 1584 corp: 397/22Kb lim: 4096 exec/s: 162793 rss: 447Mb L: 14/1077 MS: 1 ShuffleBytes-
#356902	NEW    cov: 1335 ft: 1587 corp: 398/22Kb lim: 4096 exec/s: 178451 rss: 447Mb L: 14/1077 MS: 1 ShuffleBytes-
#397778	NEW    cov: 1336 ft: 1589 corp: 399/22Kb lim: 4096 exec/s: 132592 rss: 448Mb L: 14/1077 MS: 1 ShuffleBytes-
#438649	NEW    cov: 1336 ft: 1590 corp: 400/22Kb lim: 4096 exec/s: 146216 rss: 449Mb L: 14/1077 MS: 1 ShuffleBytes-
#481810	NEW    cov: 1336 ft: 1591 corp: 401/22Kb lim: 4096 exec/s: 160603 rss: 449Mb L: 14/1077 MS: 1 ShuffleBytes-
#497526	NEW    cov: 1336 ft: 1593 corp: 402/22Kb lim: 4096 exec/s: 165842 rss: 450Mb L: 14/1077 MS: 1 ShuffleBytes-
#503163	NEW    cov: 1338 ft: 1595 corp: 403/22Kb lim: 4096 exec/s: 125790 rss: 450Mb L: 43/1077 MS: 2 ChangeBit-CrossOver-
#524288	pulse  cov: 1338 ft: 1595 corp: 403/22Kb lim: 4096 exec/s: 131072 rss: 450Mb
#528989	NEW    cov: 1339 ft: 1596 corp: 404/22Kb lim: 4096 exec/s: 132247 rss: 450Mb L: 14/1077 MS: 1 CopyPart-
#568945	NEW    cov: 1339 ft: 1597 corp: 405/22Kb lim: 4096 exec/s: 142236 rss: 450Mb L: 14/1077 MS: 1 ShuffleBytes-
#940518	NEW    cov: 1341 ft: 1599 corp: 406/22Kb lim: 4096 exec/s: 117564 rss: 451Mb L: 38/1077 MS: 3 ChangeBit-CopyPart-EraseBytes-
#954272	REDUCE cov: 1341 ft: 1599 corp: 406/22Kb lim: 4096 exec/s: 119284 rss: 451Mb L: 31/1077 MS: 4 CMP-ShuffleBytes-ChangeBit-EraseBytes- DE: "http.request.header."-
#978249	REDUCE cov: 1341 ft: 1599 corp: 406/22Kb lim: 4096 exec/s: 122281 rss: 451Mb L: 45/1077 MS: 2 PersAutoDict-EraseBytes- DE: "http.request.header."-
#1044820	NEW    cov: 1345 ft: 1603 corp: 407/22Kb lim: 4096 exec/s: 116091 rss: 452Mb L: 14/1077 MS: 1 ShuffleBytes-
#1048576	pulse  cov: 1345 ft: 1603 corp: 407/22Kb lim: 4096 exec/s: 116508 rss: 452Mb
#1050708	REDUCE cov: 1345 ft: 1603 corp: 407/22Kb lim: 4096 exec/s: 116745 rss: 452Mb L: 842/1077 MS: 3 EraseBytes-CopyPart-InsertByte-
#1061510	NEW    cov: 1347 ft: 1605 corp: 408/22Kb lim: 4096 exec/s: 117945 rss: 452Mb L: 27/1077 MS: 2 ChangeBit-ChangeBinInt-
#1145046	NEW    cov: 1348 ft: 1606 corp: 409/22Kb lim: 4096 exec/s: 127227 rss: 452Mb L: 23/1077 MS: 1 CopyPart-
#1176453	NEW    cov: 1350 ft: 1608 corp: 410/22Kb lim: 4096 exec/s: 117645 rss: 453Mb L: 55/1077 MS: 2 ChangeBit-CopyPart-
#1195930	NEW    cov: 1352 ft: 1610 corp: 411/22Kb lim: 4096 exec/s: 119593 rss: 453Mb L: 45/1077 MS: 2 CopyPart-ChangeBit-
#1202356	NEW    cov: 1354 ft: 1612 corp: 412/22Kb lim: 4096 exec/s: 120235 rss: 453Mb L: 28/1077 MS: 1 EraseBytes-
#1235988	NEW    cov: 1356 ft: 1614 corp: 413/22Kb lim: 4096 exec/s: 123598 rss: 453Mb L: 33/1077 MS: 2 InsertByte-CrossOver-
#1283349	NEW    cov: 1358 ft: 1616 corp: 414/22Kb lim: 4096 exec/s: 128334 rss: 453Mb L: 42/1077 MS: 1 ChangeByte-
#1283475	NEW    cov: 1360 ft: 1618 corp: 415/22Kb lim: 4096 exec/s: 128347 rss: 453Mb L: 39/1077 MS: 1 CrossOver-
#1320561	NEW    cov: 1362 ft: 1620 corp: 416/22Kb lim: 4096 exec/s: 120051 rss: 453Mb L: 46/1077 MS: 1 CrossOver-
#1355743	NEW    cov: 1364 ft: 1622 corp: 417/22Kb lim: 4096 exec/s: 123249 rss: 453Mb L: 36/1077 MS: 2 ShuffleBytes-EraseBytes-
#1375159	NEW    cov: 1366 ft: 1624 corp: 418/22Kb lim: 4096 exec/s: 125014 rss: 453Mb L: 35/1077 MS: 1 EraseBytes-
#1403946	REDUCE cov: 1366 ft: 1624 corp: 418/22Kb lim: 4096 exec/s: 127631 rss: 453Mb L: 23/1077 MS: 2 PersAutoDict-EraseBytes- DE: "http.request.header."-
#1461658	REDUCE cov: 1366 ft: 1624 corp: 418/22Kb lim: 4096 exec/s: 121804 rss: 453Mb L: 44/1077 MS: 2 EraseBytes-CMP- DE: "http.request.header."-
#1512395	REDUCE cov: 1366 ft: 1624 corp: 418/22Kb lim: 4096 exec/s: 126032 rss: 453Mb L: 24/1077 MS: 2 EraseBytes-PersAutoDict- DE: "http.request.header."-
#1519926	NEW    cov: 1368 ft: 1626 corp: 419/22Kb lim: 4096 exec/s: 126660 rss: 453Mb L: 33/1077 MS: 1 CrossOver-
#1537684	NEW    cov: 1370 ft: 1628 corp: 420/22Kb lim: 4096 exec/s: 128140 rss: 453Mb L: 37/1077 MS: 3 CopyPart-EraseBytes-InsertByte-
#1556030	NEW    cov: 1372 ft: 1630 corp: 421/22Kb lim: 4096 exec/s: 119694 rss: 453Mb L: 33/1077 MS: 1 ChangeByte-
#1635898	REDUCE cov: 1372 ft: 1630 corp: 421/22Kb lim: 4096 exec/s: 125838 rss: 453Mb L: 26/1077 MS: 3 EraseBytes-ChangeBit-PersAutoDict- DE: "http.request.header."-
#1697499	NEW    cov: 1374 ft: 1632 corp: 422/22Kb lim: 4096 exec/s: 121249 rss: 453Mb L: 32/1077 MS: 1 EraseBytes-
#1843690	NEW    cov: 1374 ft: 1634 corp: 423/22Kb lim: 4096 exec/s: 122912 rss: 453Mb L: 14/1077 MS: 1 ShuffleBytes-
#1845720	DONE   cov: 1374 ft: 1634 corp: 423/22Kb lim: 4096 exec/s: 115357 rss: 453Mb
###### Recommended dictionary. ######
"http.request.header." # Uses: 76928
###### End of recommended dictionary. ######
Done 1845720 runs in 16 second(s)
