DEBUG: Config loaded from "/var/repos/oxIDIZER/conf/ox_webservice.yaml". Value is array? false, object? true
Content Preview: {
  "log4rs_config": "/var/repos/oxIDIZER/conf/log4rs.yaml",
  "modules": [
    {
      "id": "default_template_jinja2",
      "name": "ox_webservice_template_jinja2",
      "params": {
        "config_file": "/var/repos/oxIDIZER/conf/modules/conf/ox_webservice_template_jinja2_default.yaml"
      },
      "phase": "Content",
      "priority": 998,
      "uris": [
        {
          "url": ".*[.].jinj$"
        },
        {
          "url": ".*[.].jinja2$"
        }
      ]
    },
    {
      "id": "default_stream",
      "name": "ox_webservice_stream",
      "params": {
        "config_file": "/var/repos/oxIDIZER/conf/modules/conf/ox_webservice_stream_default.yaml"
      },
      "phase": "Content",
      "priority": 999,
      "uris": [
        {
          "url": ".*"
        }
      ]
    },
    {
      "id": "driver_manager",
      "name": "ox_persistence_datastore_drivermanager",
      "params": {
        "drivers_file": "/var/repos/oxIDIZER/conf/modules/conf/ox_persistence/driver
2025-12-23T22:48:05.266550747-05:00 INFO ox_webservice - log4rs initialized successfully.
2025-12-23T22:48:05.266723787-05:00 DEBUG ox_webservice - Fully processed config for "/var/repos/oxIDIZER/conf/ox_webservice.yaml":
{
  "log4rs_config": "/var/repos/oxIDIZER/conf/log4rs.yaml",
  "modules": [
    {
      "id": "default_template_jinja2",
      "name": "ox_webservice_template_jinja2",
      "params": {
        "config_file": "/var/repos/oxIDIZER/conf/modules/conf/ox_webservice_template_jinja2_default.yaml"
      },
      "phase": "Content",
      "priority": 998,
      "uris": [
        {
          "url": ".*[.].jinj$"
        },
        {
          "url": ".*[.].jinja2$"
        }
      ]
    },
    {
      "id": "default_stream",
      "name": "ox_webservice_stream",
      "params": {
        "config_file": "/var/repos/oxIDIZER/conf/modules/conf/ox_webservice_stream_default.yaml"
      },
      "phase": "Content",
      "priority": 999,
      "uris": [
        {
          "url": ".*"
        }
      ]
    },
    {
      "id": "driver_manager",
      "name": "ox_persistence_datastore_drivermanager",
      "params": {
        "drivers_file": "/var/repos/oxIDIZER/conf/modules/conf/ox_persistence/drivers.yaml"
      },
      "phase": "Content",
      "priority": 100,
      "uris": [
        {
          "path": "^/drivers(/.*)?$"
        }
      ]
    },
    {
      "id": "stream_drivermanager",
      "name": "ox_webservice_stream",
      "params": {
        "config_file": "/var/repos/oxIDIZER/conf/modules/conf/ox_persistence_datastore_drivermanager/ox_webservice_stream.yaml"
      },
      "phase": "Content",
      "priority": 100,
      "uris": [
        {
          "path": "^/drivermanager(/.*)?$"
        }
      ]
    },
    {
      "id": "default_error_handler",
      "name": "ox_webservice_errorhandler_jinja2",
      "params": {
        "config_file": "/var/repos/oxIDIZER/conf/modules/conf/ox_webservice_errorhandler_jinja2.yaml"
      },
      "phase": "ErrorHandling",
      "priority": 999,
      "uris": [
        {
          "path": ".*"
        }
      ]
    },
    {
      "id": "ping_module",
      "name": "ox_webservice_ping",
      "phase": "Content",
      "priority": 500,
      "uris": [
        {
          "path": "/ping/*$"
        }
      ]
    },
    {
      "headers": {
        "Accept": "application/json"
      },
      "id": "status_module",
      "name": "ox_webservice_status",
      "params": {
        "config_file": "/var/repos/oxIDIZER/conf/modules/conf/ox_webservice_status.yaml"
      },
      "phase": "Content",
      "priority": 500,
      "uris": [
        {
          "path": "/status(|\\/.*)(\\?.*)?$"
        }
      ]
    },
    {
      "id": "status_module_query",
      "name": "ox_webservice_status",
      "params": {
        "config_file": "/var/repos/oxIDIZER/conf/modules/conf/ox_webservice_status.yaml"
      },
      "phase": "Content",
      "priority": 500,
      "query": {
        "format": "json"
      },
      "uris": [
        {
          "path": "/status(|\\/.*)(\\?.*)?$"
        }
      ]
    },
    {
      "id": "stream_status",
      "name": "ox_webservice_stream",
      "params": {
        "config_file": "/var/repos/oxIDIZER/conf/modules/conf/ox_webservice_stream_status.yaml"
      },
      "phase": "Content",
      "priority": 500,
      "uris": [
        {
          "path": "/status(|\\/.*)(\\?.*)?$"
        }
      ]
    },
    {
      "id": "forwarded_for",
      "name": "ox_webservice_forwarded_for",
      "phase": "PreEarlyRequest",
      "priority": 100,
      "uris": [
        {
          "path": ".*"
        }
      ]
    },
    {
      "id": "restore_ip",
      "name": "ox_webservice_restore_ip",
      "phase": "PostLateRequest",
      "priority": 100,
      "uris": [
        {
          "path": ".*"
        }
      ]
    }
  ],
  "pipeline": {
    "phases": [
      "PreEarlyRequest",
      "EarlyRequest",
      "PostEarlyRequest",
      "PreAuthentication",
      "Authentication",
      "PostAuthentication",
      "PreAuthorization",
      "Authorization",
      "PostAuthorization",
      "PreContent",
      "Content",
      "PostContent",
      "PreAccounting",
      "Accounting",
      "PostAccounting",
      "PreErrorHandling",
      "ErrorHandling",
      "PostErrorHandling",
      "PreLateRequest",
      "LateRequest",
      "PostLateRequest"
    ]
  },
  "servers": [
    {
      "bind_address": "0.0.0.0",
      "hosts": [
        {
          "name": "localhost"
        }
      ],
      "id": "default_http",
      "port": 3000,
      "protocol": "http"
    }
  ]
}
2025-12-23T22:48:05.266766640-05:00 INFO ox_webservice - Starting ox_webservice...
2025-12-23T22:48:05.266793938-05:00 INFO ox_webservice::pipeline - Loading module 'ox_webservice_template_jinja2' from "target/debug/libox_webservice_template_jinja2.so"
2025-12-23T22:48:05.269328366-05:00 DEBUG ox_webservice::pipeline - [ox_webservice_template_jinja2] ox_webservice_template_jinja2: new: Initializing with content_root: "/var/repos/oxIDIZER/content/layouts/default/www"
2025-12-23T22:48:05.269748867-05:00 DEBUG ox_webservice::pipeline - [ox_webservice_template_jinja2] Fully processed config for "/var/repos/oxIDIZER/conf/mimetypes.yaml":
{
  "mimetypes": [
    {
      "mimetype": "text/html",
      "url": ".*[.]html$"
    },
    {
      "mimetype": "text/html",
      "url": ".*[.]htm$"
    },
    {
      "mimetype": "text/css",
      "url": ".*[.]css$"
    },
    {
      "mimetype": "application/javascript",
      "url": ".*[.]js$"
    },
    {
      "mimetype": "image/png",
      "url": ".*[.]png$"
    },
    {
      "mimetype": "image/jpeg",
      "url": ".*[.]jpg$"
    },
    {
      "mimetype": "image/jpeg",
      "url": ".*[.]jpeg$"
    },
    {
      "mimetype": "image/gif",
      "url": ".*[.]gif$"
    },
    {
      "mimetype": "text/html",
      "url": ".*[.]jinja$"
    },
    {
      "mimetype": "text/html",
      "url": ".*[.]jinja2$"
    },
    {
      "mimetype": "application/wasm",
      "url": ".*[.]wasm$"
    },
    {
      "mimetype": "application/typescript",
      "url": ".*[.]ts$"
    },
    {
      "mimetype": "application/typescript",
      "url": ".*[.]d[.]ts$"
    }
  ]
}
2025-12-23T22:48:05.278382754-05:00 DEBUG ox_webservice::pipeline - [ox_webservice_template_jinja2] ox_webservice_template_jinja2: Loaded 13 mimetypes.
2025-12-23T22:48:05.278460138-05:00 INFO ox_webservice::pipeline - [ox_webservice_template_jinja2] ox_webservice_template_jinja2 initialized
2025-12-23T22:48:05.278515356-05:00 INFO ox_webservice::pipeline - Loading module 'ox_webservice_stream' from "target/debug/libox_webservice_stream.so"
2025-12-23T22:48:05.280997039-05:00 DEBUG ox_webservice::pipeline - [ox_webservice_stream] ox_webservice_stream: new: Initializing with content_root: "/var/repos/oxIDIZER/content/layouts/default/www"
2025-12-23T22:48:05.281472424-05:00 DEBUG ox_webservice::pipeline - [ox_webservice_stream] Fully processed config for "/var/repos/oxIDIZER/conf/mimetypes.yaml":
{
  "mimetypes": [
    {
      "mimetype": "text/html",
      "url": ".*[.]html$"
    },
    {
      "mimetype": "text/html",
      "url": ".*[.]htm$"
    },
    {
      "mimetype": "text/css",
      "url": ".*[.]css$"
    },
    {
      "mimetype": "application/javascript",
      "url": ".*[.]js$"
    },
    {
      "mimetype": "image/png",
      "url": ".*[.]png$"
    },
    {
      "mimetype": "image/jpeg",
      "url": ".*[.]jpg$"
    },
    {
      "mimetype": "image/jpeg",
      "url": ".*[.]jpeg$"
    },
    {
      "mimetype": "image/gif",
      "url": ".*[.]gif$"
    },
    {
      "mimetype": "text/html",
      "url": ".*[.]jinja$"
    },
    {
      "mimetype": "text/html",
      "url": ".*[.]jinja2$"
    },
    {
      "mimetype": "application/wasm",
      "url": ".*[.]wasm$"
    },
    {
      "mimetype": "application/typescript",
      "url": ".*[.]ts$"
    },
    {
      "mimetype": "application/typescript",
      "url": ".*[.]d[.]ts$"
    }
  ]
}
2025-12-23T22:48:05.292983633-05:00 INFO ox_webservice::pipeline - [ox_webservice_stream] ox_webservice_stream initialized
2025-12-23T22:48:05.293155080-05:00 INFO ox_webservice::pipeline - Loading module 'ox_persistence_datastore_drivermanager' from "target/debug/libox_persistence_datastore_drivermanager.so"
2025-12-23T22:48:05.302009425-05:00 INFO ox_webservice::pipeline - Loading module 'ox_webservice_stream' from "target/debug/libox_webservice_stream.so"
2025-12-23T22:48:05.302640192-05:00 DEBUG ox_webservice::pipeline - [ox_webservice_stream] ox_webservice_stream: new: Initializing with content_root: "/var/repos/oxIDIZER/ox_persistence/ox_persistence_datastore_drivermanager/content/www"
2025-12-23T22:48:05.302946447-05:00 DEBUG ox_webservice::pipeline - [ox_webservice_stream] Fully processed config for "/var/repos/oxIDIZER/conf/mimetypes.yaml":
{
  "mimetypes": [
    {
      "mimetype": "text/html",
      "url": ".*[.]html$"
    },
    {
      "mimetype": "text/html",
      "url": ".*[.]htm$"
    },
    {
      "mimetype": "text/css",
      "url": ".*[.]css$"
    },
    {
      "mimetype": "application/javascript",
      "url": ".*[.]js$"
    },
    {
      "mimetype": "image/png",
      "url": ".*[.]png$"
    },
    {
      "mimetype": "image/jpeg",
      "url": ".*[.]jpg$"
    },
    {
      "mimetype": "image/jpeg",
      "url": ".*[.]jpeg$"
    },
    {
      "mimetype": "image/gif",
      "url": ".*[.]gif$"
    },
    {
      "mimetype": "text/html",
      "url": ".*[.]jinja$"
    },
    {
      "mimetype": "text/html",
      "url": ".*[.]jinja2$"
    },
    {
      "mimetype": "application/wasm",
      "url": ".*[.]wasm$"
    },
    {
      "mimetype": "application/typescript",
      "url": ".*[.]ts$"
    },
    {
      "mimetype": "application/typescript",
      "url": ".*[.]d[.]ts$"
    }
  ]
}
2025-12-23T22:48:05.316691205-05:00 INFO ox_webservice::pipeline - [ox_webservice_stream] ox_webservice_stream initialized
2025-12-23T22:48:05.316892338-05:00 INFO ox_webservice::pipeline - Loading module 'ox_webservice_errorhandler_jinja2' from "target/debug/libox_webservice_errorhandler_jinja2.so"
2025-12-23T22:48:05.321361964-05:00 DEBUG ox_webservice::pipeline - [ox_webservice_errorhandler_jinja2] ox_webservice_errorhandler_jinja2: new: Initializing with content_root: "/var/repos/oxIDIZER/content/layouts/default/error_debug"
2025-12-23T22:48:05.321488800-05:00 INFO ox_webservice::pipeline - Loading module 'ox_webservice_ping' from "target/debug/libox_webservice_ping.so"
2025-12-23T22:48:05.321718525-05:00 INFO ox_webservice::pipeline - [ox_webservice_ping] ox_webservice_ping initialized
2025-12-23T22:48:05.321777482-05:00 INFO ox_webservice::pipeline - Loading module 'ox_webservice_status' from "target/debug/libox_webservice_status.so"
2025-12-23T22:48:05.333038140-05:00 INFO ox_webservice::pipeline - Loading module 'ox_webservice_status' from "target/debug/libox_webservice_status.so"
2025-12-23T22:48:05.375303992-05:00 INFO ox_webservice::pipeline - Loading module 'ox_webservice_stream' from "target/debug/libox_webservice_stream.so"
2025-12-23T22:48:05.375682451-05:00 DEBUG ox_webservice::pipeline - [ox_webservice_stream] ox_webservice_stream: new: Initializing with content_root: "/var/repos/oxIDIZER/ox_webservice_status/content/www"
2025-12-23T22:48:05.375977582-05:00 DEBUG ox_webservice::pipeline - [ox_webservice_stream] Fully processed config for "/var/repos/oxIDIZER/conf/mimetypes.yaml":
{
  "mimetypes": [
    {
      "mimetype": "text/html",
      "url": ".*[.]html$"
    },
    {
      "mimetype": "text/html",
      "url": ".*[.]htm$"
    },
    {
      "mimetype": "text/css",
      "url": ".*[.]css$"
    },
    {
      "mimetype": "application/javascript",
      "url": ".*[.]js$"
    },
    {
      "mimetype": "image/png",
      "url": ".*[.]png$"
    },
    {
      "mimetype": "image/jpeg",
      "url": ".*[.]jpg$"
    },
    {
      "mimetype": "image/jpeg",
      "url": ".*[.]jpeg$"
    },
    {
      "mimetype": "image/gif",
      "url": ".*[.]gif$"
    },
    {
      "mimetype": "text/html",
      "url": ".*[.]jinja$"
    },
    {
      "mimetype": "text/html",
      "url": ".*[.]jinja2$"
    },
    {
      "mimetype": "application/wasm",
      "url": ".*[.]wasm$"
    },
    {
      "mimetype": "application/typescript",
      "url": ".*[.]ts$"
    },
    {
      "mimetype": "application/typescript",
      "url": ".*[.]d[.]ts$"
    }
  ]
}
2025-12-23T22:48:05.384122311-05:00 INFO ox_webservice::pipeline - [ox_webservice_stream] ox_webservice_stream initialized
2025-12-23T22:48:05.384354464-05:00 INFO ox_webservice::pipeline - Loading module 'ox_webservice_forwarded_for' from "target/debug/libox_webservice_forwarded_for.so"
2025-12-23T22:48:05.386798556-05:00 INFO ox_webservice::pipeline - [ox_webservice_forwarded_for] ox_webservice_forwarded_for initialized
2025-12-23T22:48:05.387189059-05:00 INFO ox_webservice::pipeline - Loading module 'ox_webservice_restore_ip' from "target/debug/libox_webservice_restore_ip.so"
2025-12-23T22:48:05.390894869-05:00 INFO ox_webservice::pipeline - [ox_webservice_restore_ip] ox_webservice_restore_ip initialized
2025-12-23T22:48:05.391393016-05:00 INFO ox_webservice - Listening on 0.0.0.0:3000
5.302974996-05:00 DEBUG ox_webservice::pipeline - [ox_webservice_stream] Fully processed config for "/var/repos/oxIDIZER/conf/mimetypes.yaml":
{
  "mimetypes": [
    {
      "mimetype": "text/html",
      "url": ".*[.]html$"
    },
    {
      "mimetype": "text/html",
      "url": ".*[.]htm$"
    },
    {
      "mimetype": "text/css",
      "url": ".*[.]css$"
    },
    {
      "mimetype": "application/javascript",
      "url": ".*[.]js$"
    },
    {
      "mimetype": "image/png",
      "url": ".*[.]png$"
    },
    {
      "mimetype": "image/jpeg",
      "url": ".*[.]jpg$"
    },
    {
      "mimetype": "image/jpeg",
      "url": ".*[.]jpeg$"
    },
    {
      "mimetype": "image/gif",
      "url": ".*[.]gif$"
    },
    {
      "mimetype": "text/html",
      "url": ".*[.]jinja$"
    },
    {
      "mimetype": "text/html",
      "url": ".*[.]jinja2$"
    },
    {
      "mimetype": "application/wasm",
      "url": ".*[.]wasm$"
    },
    {
      "mimetype": "application/typescript",
      "url": ".*[.]ts$"
    },
    {
      "mimetype": "application/typescript",
      "url": ".*[.]d[.]ts$"
    }
  ]
}
2025-12-23T22:48:05.316785932-05:00 INFO ox_webservice::pipeline - [ox_webservice_stream] ox_webservice_stream initialized
2025-12-23T22:48:05.316932261-05:00 INFO ox_webservice::pipeline - Loading module 'ox_webservice_errorhandler_jinja2' from "target/debug/libox_webservice_errorhandler_jinja2.so"
2025-12-23T22:48:05.321433634-05:00 DEBUG ox_webservice::pipeline - [ox_webservice_errorhandler_jinja2] ox_webservice_errorhandler_jinja2: new: Initializing with content_root: "/var/repos/oxIDIZER/content/layouts/default/error_debug"
2025-12-23T22:48:05.321496383-05:00 INFO ox_webservice::pipeline - Loading module 'ox_webservice_ping' from "target/debug/libox_webservice_ping.so"
2025-12-23T22:48:05.321749831-05:00 INFO ox_webservice::pipeline - [ox_webservice_ping] ox_webservice_ping initialized
2025-12-23T22:48:05.321783847-05:00 INFO ox_webservice::pipeline - Loading module 'ox_webservice_status' from "target/debug/libox_webservice_status.so"
2025-12-23T22:48:05.333113620-05:00 INFO ox_webservice::pipeline - Loading module 'ox_webservice_status' from "target/debug/libox_webservice_status.so"
2025-12-23T22:48:05.375375963-05:00 INFO ox_webservice::pipeline - Loading module 'ox_webservice_stream' from "target/debug/libox_webservice_stream.so"
2025-12-23T22:48:05.375711385-05:00 DEBUG ox_webservice::pipeline - [ox_webservice_stream] ox_webservice_stream: new: Initializing with content_root: "/var/repos/oxIDIZER/ox_webservice_status/content/www"
2025-12-23T22:48:05.376007660-05:00 DEBUG ox_webservice::pipeline - [ox_webservice_stream] Fully processed config for "/var/repos/oxIDIZER/conf/mimetypes.yaml":
{
  "mimetypes": [
    {
      "mimetype": "text/html",
      "url": ".*[.]html$"
    },
    {
      "mimetype": "text/html",
      "url": ".*[.]htm$"
    },
    {
      "mimetype": "text/css",
      "url": ".*[.]css$"
    },
    {
      "mimetype": "application/javascript",
      "url": ".*[.]js$"
    },
    {
      "mimetype": "image/png",
      "url": ".*[.]png$"
    },
    {
      "mimetype": "image/jpeg",
      "url": ".*[.]jpg$"
    },
    {
      "mimetype": "image/jpeg",
      "url": ".*[.]jpeg$"
    },
    {
      "mimetype": "image/gif",
      "url": ".*[.]gif$"
    },
    {
      "mimetype": "text/html",
      "url": ".*[.]jinja$"
    },
    {
      "mimetype": "text/html",
      "url": ".*[.]jinja2$"
    },
    {
      "mimetype": "application/wasm",
      "url": ".*[.]wasm$"
    },
    {
      "mimetype": "application/typescript",
      "url": ".*[.]ts$"
    },
    {
      "mimetype": "application/typescript",
      "url": ".*[.]d[.]ts$"
    }
  ]
}
2025-12-23T22:48:05.384253490-05:00 INFO ox_webservice::pipeline - [ox_webservice_stream] ox_webservice_stream initialized
2025-12-23T22:48:05.384389395-05:00 INFO ox_webservice::pipeline - Loading module 'ox_webservice_forwarded_for' from "target/debug/libox_webservice_forwarded_for.so"
2025-12-23T22:48:05.386874054-05:00 INFO ox_webservice::pipeline - [ox_webservice_forwarded_for] ox_webservice_forwarded_for initialized
2025-12-23T22:48:05.387233194-05:00 INFO ox_webservice::pipeline - Loading module 'ox_webservice_restore_ip' from "target/debug/libox_webservice_restore_ip.so"
2025-12-23T22:48:05.390961989-05:00 INFO ox_webservice::pipeline - [ox_webservice_restore_ip] ox_webservice_restore_ip initialized
2025-12-23T22:48:05.391435546-05:00 INFO ox_webservice - Listening on 0.0.0.0:3000
2025-12-23T22:54:10.194751734-05:00 INFO ox_webservice - log4rs initialized successfully.
2025-12-23T22:54:10.194809261-05:00 DEBUG ox_webservice - Fully processed config for "/var/repos/oxIDIZER/ox_webservice/functional_tests/000010-ConfigHTTPS-InvalidDNS/ox_webservice.yaml":
{
  "log4rs_config": "/var/repos/oxIDIZER/conf/log4rs.yaml",
  "servers": [
    {
      "bind_address": "0.0.0.0",
      "hosts": [
        {
          "name": ".*",
          "tls_cert_path": "/var/repos/oxIDIZER/conf/certs/cert.pem",
          "tls_key_path": "/var/repos/oxIDIZER/conf/certs/key.pem"
        }
      ],
      "port": 3443,
      "protocol": "https"
    }
  ],
  "urls": [
    {
      "module_id": "content_handler_1",
      "url": "/extra_content_path/"
    },
    {
      "module_id": "content_handler_1",
      "url": "/another_path/"
    },
    {
      "module_id": "content_error_handler",
      "url": "/another_error/"
    },
    {
      "hostname": "example-1.com",
      "module_id": "content_handler_1",
      "protocol": "http",
      "url": "/specific_http_path/"
    },
    {
      "hostname": "example-ssl-1.com",
      "module_id": "content_handler_1",
      "protocol": "https",
      "url": "/specific_https_path/"
    }
  ]
}
2025-12-23T22:54:10.194822086-05:00 INFO ox_webservice - Starting ox_webservice...
2025-12-23T22:54:10.195144137-05:00 INFO ox_webservice - Listening on 0.0.0.0:3443
2025-12-23T22:54:10.199778877-05:00 ERROR ox_webservice - Failed to add SNI for host .*: General("Bad DNS name")
2025-12-23T22:57:18.528312397-05:00 INFO ox_webservice - log4rs initialized successfully.
2025-12-23T22:57:18.528366661-05:00 DEBUG ox_webservice - Fully processed config for "/var/repos/oxIDIZER/ox_webservice_status/functional_tests/100001-RouteFiltering/ox_webservice.yaml":
{
  "log4rs_config": "/var/repos/oxIDIZER/conf/log4rs.yaml",
  "modules": [
    {
      "headers": {
        "Accept": "application/json"
      },
      "id": "status_module",
      "name": "ox_webservice_status",
      "params": {
        "config_file": "/var/repos/oxIDIZER/conf/modules/conf/ox_webservice_status.yaml"
      },
      "phase": "Content",
      "priority": 500,
      "uris": [
        {
          "path": "/status(|\\/.*)(\\?.*)?$"
        }
      ]
    },
    {
      "id": "stream_status",
      "name": "ox_webservice_stream",
      "params": {
        "config_file": "/var/repos/oxIDIZER/conf/modules/conf/ox_webservice_stream_status.yaml"
      },
      "phase": "Content",
      "priority": 500,
      "uris": [
        {
          "path": "/status(|\\/.*)(\\?.*)?$"
        }
      ]
    }
  ],
  "servers": [
    {
      "bind_address": "0.0.0.0",
      "hosts": [
        {
          "name": ".*"
        }
      ],
      "port": 3000,
      "protocol": "http"
    }
  ],
  "urls": [
    {
      "module_id": "status_module",
      "url": ".*"
    }
  ]
}
2025-12-23T22:57:18.528380070-05:00 INFO ox_webservice - Starting ox_webservice...
2025-12-23T22:57:18.528396405-05:00 INFO ox_webservice::pipeline - Loading module 'ox_webservice_status' from "target/debug/libox_webservice_status.so"
2025-12-23T22:57:18.562785667-05:00 INFO ox_webservice::pipeline - Loading module 'ox_webservice_stream' from "target/debug/libox_webservice_stream.so"
2025-12-23T22:57:18.564265986-05:00 DEBUG ox_webservice::pipeline - [ox_webservice_stream] ox_webservice_stream: new: Initializing with content_root: "/var/repos/oxIDIZER/ox_webservice_status/content/www"
2025-12-23T22:57:18.564525514-05:00 DEBUG ox_webservice::pipeline - [ox_webservice_stream] Fully processed config for "/var/repos/oxIDIZER/conf/mimetypes.yaml":
{
  "mimetypes": [
    {
      "mimetype": "text/html",
      "url": ".*[.]html$"
    },
    {
      "mimetype": "text/html",
      "url": ".*[.]htm$"
    },
    {
      "mimetype": "text/css",
      "url": ".*[.]css$"
    },
    {
      "mimetype": "application/javascript",
      "url": ".*[.]js$"
    },
    {
      "mimetype": "image/png",
      "url": ".*[.]png$"
    },
    {
      "mimetype": "image/jpeg",
      "url": ".*[.]jpg$"
    },
    {
      "mimetype": "image/jpeg",
      "url": ".*[.]jpeg$"
    },
    {
      "mimetype": "image/gif",
      "url": ".*[.]gif$"
    },
    {
      "mimetype": "text/html",
      "url": ".*[.]jinja$"
    },
    {
      "mimetype": "text/html",
      "url": ".*[.]jinja2$"
    },
    {
      "mimetype": "application/wasm",
      "url": ".*[.]wasm$"
    },
    {
      "mimetype": "application/typescript",
      "url": ".*[.]ts$"
    },
    {
      "mimetype": "application/typescript",
      "url": ".*[.]d[.]ts$"
    }
  ]
}
2025-12-23T22:57:18.571460235-05:00 INFO ox_webservice::pipeline - [ox_webservice_stream] ox_webservice_stream initialized
2025-12-23T22:57:18.571755032-05:00 INFO ox_webservice - Listening on 0.0.0.0:3000
2025-12-23T22:57:22.536666926-05:00 DEBUG ox_webservice::pipeline - [ox_webservice_stream] ox_webservice_stream: File not found for path: /status
2025-12-23T23:03:58.646598444-05:00 INFO ox_webservice - log4rs initialized successfully.
2025-12-23T23:03:58.646633339-05:00 DEBUG ox_webservice - Fully processed config for "/var/repos/oxIDIZER/ox_webservice/functional_tests/000010-ConfigHTTPS-InvalidDNS/ox_webservice.yaml":
{
  "log4rs_config": "/var/repos/oxIDIZER/conf/log4rs.yaml",
  "servers": [
    {
      "bind_address": "0.0.0.0",
      "hosts": [
        {
          "name": ".*",
          "tls_cert_path": "/var/repos/oxIDIZER/conf/certs/cert.pem",
          "tls_key_path": "/var/repos/oxIDIZER/conf/certs/key.pem"
        }
      ],
      "port": 3443,
      "protocol": "https"
    }
  ],
  "urls": [
    {
      "module_id": "content_handler_1",
      "url": "/extra_content_path/"
    },
    {
      "module_id": "content_handler_1",
      "url": "/another_path/"
    },
    {
      "module_id": "content_error_handler",
      "url": "/another_error/"
    },
    {
      "hostname": "example-1.com",
      "module_id": "content_handler_1",
      "protocol": "http",
      "url": "/specific_http_path/"
    },
    {
      "hostname": "example-ssl-1.com",
      "module_id": "content_handler_1",
      "protocol": "https",
      "url": "/specific_https_path/"
    }
  ]
}
2025-12-23T23:03:58.646662213-05:00 INFO ox_webservice - Starting ox_webservice...
2025-12-23T23:03:58.646986234-05:00 INFO ox_webservice - Listening on 0.0.0.0:3443
2025-12-23T23:03:58.649489264-05:00 ERROR ox_webservice - Failed to add SNI for host .*: General("Bad DNS name")
2025-12-23T23:05:38.436681187-05:00 INFO ox_webservice - log4rs initialized successfully.
2025-12-23T23:05:38.436758711-05:00 DEBUG ox_webservice - Fully processed config for "/var/repos/oxIDIZER/ox_webservice_status/functional_tests/100001-RouteFiltering/ox_webservice.yaml":
{
  "log4rs_config": "/var/repos/oxIDIZER/conf/log4rs.yaml",
  "modules": [
    {
      "headers": {
        "Accept": "application/json"
      },
      "id": "status_module",
      "name": "ox_webservice_status",
      "params": {
        "config_file": "/var/repos/oxIDIZER/conf/modules/conf/ox_webservice_status.yaml"
      },
      "phase": "Content",
      "priority": 500,
      "uris": [
        {
          "path": "/status(|\\/.*)(\\?.*)?$"
        }
      ]
    },
    {
      "id": "stream_status",
      "name": "ox_webservice_stream",
      "params": {
        "config_file": "/var/repos/oxIDIZER/conf/modules/conf/ox_webservice_stream_status.yaml"
      },
      "phase": "Content",
      "priority": 500,
      "uris": [
        {
          "path": "/status(|\\/.*)(\\?.*)?$"
        }
      ]
    }
  ],
  "servers": [
    {
      "bind_address": "0.0.0.0",
      "hosts": [
        {
          "name": ".*"
        }
      ],
      "port": 3000,
      "protocol": "http"
    }
  ],
  "urls": [
    {
      "module_id": "status_module",
      "url": ".*"
    }
  ]
}
2025-12-23T23:05:38.436783126-05:00 INFO ox_webservice - Starting ox_webservice...
2025-12-23T23:05:38.436809153-05:00 INFO ox_webservice::pipeline - Loading module 'ox_webservice_status' from "target/debug/libox_webservice_status.so"
2025-12-23T23:05:38.466752375-05:00 INFO ox_webservice::pipeline - Loading module 'ox_webservice_stream' from "target/debug/libox_webservice_stream.so"
2025-12-23T23:05:38.468743063-05:00 DEBUG ox_webservice::pipeline - [ox_webservice_stream] ox_webservice_stream: new: Initializing with content_root: "/var/repos/oxIDIZER/ox_webservice_status/content/www"
2025-12-23T23:05:38.469068110-05:00 DEBUG ox_webservice::pipeline - [ox_webservice_stream] Fully processed config for "/var/repos/oxIDIZER/conf/mimetypes.yaml":
{
  "mimetypes": [
    {
      "mimetype": "text/html",
      "url": ".*[.]html$"
    },
    {
      "mimetype": "text/html",
      "url": ".*[.]htm$"
    },
    {
      "mimetype": "text/css",
      "url": ".*[.]css$"
    },
    {
      "mimetype": "application/javascript",
      "url": ".*[.]js$"
    },
    {
      "mimetype": "image/png",
      "url": ".*[.]png$"
    },
    {
      "mimetype": "image/jpeg",
      "url": ".*[.]jpg$"
    },
    {
      "mimetype": "image/jpeg",
      "url": ".*[.]jpeg$"
    },
    {
      "mimetype": "image/gif",
      "url": ".*[.]gif$"
    },
    {
      "mimetype": "text/html",
      "url": ".*[.]jinja$"
    },
    {
      "mimetype": "text/html",
      "url": ".*[.]jinja2$"
    },
    {
      "mimetype": "application/wasm",
      "url": ".*[.]wasm$"
    },
    {
      "mimetype": "application/typescript",
      "url": ".*[.]ts$"
    },
    {
      "mimetype": "application/typescript",
      "url": ".*[.]d[.]ts$"
    }
  ]
}
2025-12-23T23:05:38.482599072-05:00 INFO ox_webservice::pipeline - [ox_webservice_stream] ox_webservice_stream initialized
2025-12-23T23:05:38.483164870-05:00 INFO ox_webservice - Listening on 0.0.0.0:3000
2025-12-23T23:05:42.445809051-05:00 DEBUG ox_webservice::pipeline - [ox_webservice_stream] ox_webservice_stream: File not found for path: /status
2025-12-23T23:06:38.631465239-05:00 INFO ox_webservice - log4rs initialized successfully.
2025-12-23T23:06:38.631508788-05:00 DEBUG ox_webservice - Fully processed config for "/var/repos/oxIDIZER/ox_webservice_status/functional_tests/100001-RouteFiltering/ox_webservice.yaml":
{
  "log4rs_config": "/var/repos/oxIDIZER/conf/log4rs.yaml",
  "modules": [
    {
      "headers": {
        "Accept": "application/json"
      },
      "id": "status_module",
      "name": "ox_webservice_status",
      "params": {
        "config_file": "/var/repos/oxIDIZER/conf/modules/conf/ox_webservice_status.yaml"
      },
      "phase": "Content",
      "priority": 500,
      "uris": [
        {
          "path": "/status(|\\/.*)(\\?.*)?$"
        }
      ]
    },
    {
      "id": "stream_status",
      "name": "ox_webservice_stream",
      "params": {
        "config_file": "/var/repos/oxIDIZER/conf/modules/conf/ox_webservice_stream_status.yaml"
      },
      "phase": "Content",
      "priority": 500,
      "uris": [
        {
          "path": "/status(|\\/.*)(\\?.*)?$"
        }
      ]
    }
  ],
  "servers": [
    {
      "bind_address": "0.0.0.0",
      "hosts": [
        {
          "name": ".*"
        }
      ],
      "port": 3000,
      "protocol": "http"
    }
  ],
  "urls": [
    {
      "module_id": "status_module",
      "url": ".*"
    }
  ]
}
2025-12-23T23:06:38.631523674-05:00 INFO ox_webservice - Starting ox_webservice...
2025-12-23T23:06:38.631540392-05:00 INFO ox_webservice::pipeline - Loading module 'ox_webservice_status' from "target/debug/libox_webservice_status.so"
2025-12-23T23:06:38.679402697-05:00 INFO ox_webservice::pipeline - Loading module 'ox_webservice_stream' from "target/debug/libox_webservice_stream.so"
2025-12-23T23:06:38.680838223-05:00 DEBUG ox_webservice::pipeline - [ox_webservice_stream] ox_webservice_stream: new: Initializing with content_root: "/var/repos/oxIDIZER/ox_webservice_status/content/www"
2025-12-23T23:06:38.681102637-05:00 DEBUG ox_webservice::pipeline - [ox_webservice_stream] Fully processed config for "/var/repos/oxIDIZER/conf/mimetypes.yaml":
{
  "mimetypes": [
    {
      "mimetype": "text/html",
      "url": ".*[.]html$"
    },
    {
      "mimetype": "text/html",
      "url": ".*[.]htm$"
    },
    {
      "mimetype": "text/css",
      "url": ".*[.]css$"
    },
    {
      "mimetype": "application/javascript",
      "url": ".*[.]js$"
    },
    {
      "mimetype": "image/png",
      "url": ".*[.]png$"
    },
    {
      "mimetype": "image/jpeg",
      "url": ".*[.]jpg$"
    },
    {
      "mimetype": "image/jpeg",
      "url": ".*[.]jpeg$"
    },
    {
      "mimetype": "image/gif",
      "url": ".*[.]gif$"
    },
    {
      "mimetype": "text/html",
      "url": ".*[.]jinja$"
    },
    {
      "mimetype": "text/html",
      "url": ".*[.]jinja2$"
    },
    {
      "mimetype": "application/wasm",
      "url": ".*[.]wasm$"
    },
    {
      "mimetype": "application/typescript",
      "url": ".*[.]ts$"
    },
    {
      "mimetype": "application/typescript",
      "url": ".*[.]d[.]ts$"
    }
  ]
}
2025-12-23T23:06:38.689065997-05:00 INFO ox_webservice::pipeline - [ox_webservice_stream] ox_webservice_stream initialized
2025-12-23T23:06:38.689497201-05:00 INFO ox_webservice - Listening on 0.0.0.0:3000
2025-12-23T23:06:42.635161499-05:00 DEBUG ox_webservice::pipeline - [ox_webservice_stream] ox_webservice_stream: File not found for path: /status
2025-12-23T23:08:46.494254221-05:00 INFO ox_webservice - log4rs initialized successfully.
2025-12-23T23:08:46.494341983-05:00 DEBUG ox_webservice - Fully processed config for "/var/repos/oxIDIZER/ox_webservice_status/functional_tests/100001-RouteFiltering/ox_webservice.yaml":
{
  "log4rs_config": "/var/repos/oxIDIZER/conf/log4rs.yaml",
  "modules": [
    {
      "headers": {
        "Accept": "application/json"
      },
      "id": "status_module",
      "name": "ox_webservice_status",
      "params": {
        "config_file": "/var/repos/oxIDIZER/conf/modules/conf/ox_webservice_status.yaml"
      },
      "phase": "Content",
      "priority": 500,
      "uris": [
        {
          "path": "/status(|\\/.*)(\\?.*)?$"
        }
      ]
    },
    {
      "id": "stream_status",
      "name": "ox_webservice_stream",
      "params": {
        "config_file": "/var/repos/oxIDIZER/conf/modules/conf/ox_webservice_stream_status.yaml"
      },
      "phase": "Content",
      "priority": 500,
      "uris": [
        {
          "path": "/status(|\\/.*)(\\?.*)?$"
        }
      ]
    }
  ],
  "servers": [
    {
      "bind_address": "0.0.0.0",
      "hosts": [
        {
          "name": ".*"
        }
      ],
      "port": 3000,
      "protocol": "http"
    }
  ],
  "urls": [
    {
      "module_id": "status_module",
      "url": ".*"
    }
  ]
}
2025-12-23T23:08:46.494381467-05:00 INFO ox_webservice - Starting ox_webservice...
2025-12-23T23:08:46.494411131-05:00 INFO ox_webservice::pipeline - Loading module 'ox_webservice_status' from "target/debug/libox_webservice_status.so"
2025-12-23T23:08:46.537954932-05:00 INFO ox_webservice::pipeline - Loading module 'ox_webservice_stream' from "target/debug/libox_webservice_stream.so"
2025-12-23T23:08:46.539678528-05:00 DEBUG ox_webservice::pipeline - [ox_webservice_stream] ox_webservice_stream: new: Initializing with content_root: "/var/repos/oxIDIZER/ox_webservice_status/content/www"
2025-12-23T23:08:46.540060247-05:00 DEBUG ox_webservice::pipeline - [ox_webservice_stream] Fully processed config for "/var/repos/oxIDIZER/conf/mimetypes.yaml":
{
  "mimetypes": [
    {
      "mimetype": "text/html",
      "url": ".*[.]html$"
    },
    {
      "mimetype": "text/html",
      "url": ".*[.]htm$"
    },
    {
      "mimetype": "text/css",
      "url": ".*[.]css$"
    },
    {
      "mimetype": "application/javascript",
      "url": ".*[.]js$"
    },
    {
      "mimetype": "image/png",
      "url": ".*[.]png$"
    },
    {
      "mimetype": "image/jpeg",
      "url": ".*[.]jpg$"
    },
    {
      "mimetype": "image/jpeg",
      "url": ".*[.]jpeg$"
    },
    {
      "mimetype": "image/gif",
      "url": ".*[.]gif$"
    },
    {
      "mimetype": "text/html",
      "url": ".*[.]jinja$"
    },
    {
      "mimetype": "text/html",
      "url": ".*[.]jinja2$"
    },
    {
      "mimetype": "application/wasm",
      "url": ".*[.]wasm$"
    },
    {
      "mimetype": "application/typescript",
      "url": ".*[.]ts$"
    },
    {
      "mimetype": "application/typescript",
      "url": ".*[.]d[.]ts$"
    }
  ]
}
2025-12-23T23:08:46.552941828-05:00 INFO ox_webservice::pipeline - [ox_webservice_stream] ox_webservice_stream initialized
2025-12-23T23:08:46.553326831-05:00 INFO ox_webservice - Listening on 0.0.0.0:3000
2025-12-23T23:08:50.500733899-05:00 DEBUG ox_webservice::pipeline - [ox_webservice_stream] ox_webservice_stream: Streaming file for path: /status
2025-12-23T23:09:26.977185297-05:00 INFO ox_webservice - log4rs initialized successfully.
2025-12-23T23:09:26.977255285-05:00 DEBUG ox_webservice - Fully processed config for "/var/repos/oxIDIZER/ox_webservice_status/functional_tests/100001-RouteFiltering/ox_webservice.yaml":
{
  "log4rs_config": "/var/repos/oxIDIZER/conf/log4rs.yaml",
  "modules": [
    {
      "headers": {
        "Accept": "application/json"
      },
      "id": "status_module",
      "name": "ox_webservice_status",
      "params": {
        "config_file": "/var/repos/oxIDIZER/conf/modules/conf/ox_webservice_status.yaml"
      },
      "phase": "Content",
      "priority": 500,
      "uris": [
        {
          "path": "/status(|\\/.*)(\\?.*)?$"
        }
      ]
    },
    {
      "id": "stream_status",
      "name": "ox_webservice_stream",
      "params": {
        "config_file": "/var/repos/oxIDIZER/conf/modules/conf/ox_webservice_stream_status.yaml"
      },
      "phase": "Content",
      "priority": 500,
      "uris": [
        {
          "path": "/status(|\\/.*)(\\?.*)?$"
        }
      ]
    }
  ],
  "servers": [
    {
      "bind_address": "0.0.0.0",
      "hosts": [
        {
          "name": ".*"
        }
      ],
      "port": 3000,
      "protocol": "http"
    }
  ],
  "urls": [
    {
      "module_id": "status_module",
      "url": ".*"
    }
  ]
}
2025-12-23T23:09:26.977279358-05:00 INFO ox_webservice - Starting ox_webservice...
2025-12-23T23:09:26.977298331-05:00 INFO ox_webservice::pipeline - Loading module 'ox_webservice_status' from "target/debug/libox_webservice_status.so"
2025-12-23T23:09:26.997828949-05:00 INFO ox_webservice::pipeline - Loading module 'ox_webservice_stream' from "target/debug/libox_webservice_stream.so"
2025-12-23T23:09:26.999107366-05:00 DEBUG ox_webservice::pipeline - [ox_webservice_stream] ox_webservice_stream: new: Initializing with content_root: "/var/repos/oxIDIZER/ox_webservice_status/content/www"
2025-12-23T23:09:26.999392117-05:00 DEBUG ox_webservice::pipeline - [ox_webservice_stream] Fully processed config for "/var/repos/oxIDIZER/conf/mimetypes.yaml":
{
  "mimetypes": [
    {
      "mimetype": "text/html",
      "url": ".*[.]html$"
    },
    {
      "mimetype": "text/html",
      "url": ".*[.]htm$"
    },
    {
      "mimetype": "text/css",
      "url": ".*[.]css$"
    },
    {
      "mimetype": "application/javascript",
      "url": ".*[.]js$"
    },
    {
      "mimetype": "image/png",
      "url": ".*[.]png$"
    },
    {
      "mimetype": "image/jpeg",
      "url": ".*[.]jpg$"
    },
    {
      "mimetype": "image/jpeg",
      "url": ".*[.]jpeg$"
    },
    {
      "mimetype": "image/gif",
      "url": ".*[.]gif$"
    },
    {
      "mimetype": "text/html",
      "url": ".*[.]jinja$"
    },
    {
      "mimetype": "text/html",
      "url": ".*[.]jinja2$"
    },
    {
      "mimetype": "application/wasm",
      "url": ".*[.]wasm$"
    },
    {
      "mimetype": "application/typescript",
      "url": ".*[.]ts$"
    },
    {
      "mimetype": "application/typescript",
      "url": ".*[.]d[.]ts$"
    }
  ]
}
2025-12-23T23:09:27.007568551-05:00 INFO ox_webservice::pipeline - [ox_webservice_stream] ox_webservice_stream initialized
2025-12-23T23:09:27.008035437-05:00 INFO ox_webservice - Listening on 0.0.0.0:3000
2025-12-23T23:09:30.989275791-05:00 DEBUG ox_webservice::pipeline - [ox_webservice_stream] ox_webservice_stream: Streaming file for path: /status
2025-12-23T23:09:31.026310903-05:00 DEBUG ox_webservice::pipeline - [ox_webservice_stream] ox_webservice_stream: Skipping due to existing content (early check).
2025-12-23T23:21:12.686962820-05:00 INFO ox_webservice - log4rs initialized successfully.
2025-12-23T23:21:12.687027806-05:00 DEBUG ox_webservice - Fully processed config for "/var/repos/oxIDIZER/ox_webservice_status/functional_tests/100001-RouteFiltering/ox_webservice.yaml":
{
  "log4rs_config": "/var/repos/oxIDIZER/conf/log4rs.yaml",
  "modules": [
    {
      "headers": {
        "Accept": "application/json"
      },
      "id": "status_module",
      "name": "ox_webservice_status",
      "params": {
        "config_file": "/var/repos/oxIDIZER/conf/modules/conf/ox_webservice_status.yaml"
      },
      "phase": "Content",
      "priority": 500,
      "uris": [
        {
          "path": "/status(|\\/.*)(\\?.*)?$"
        }
      ]
    },
    {
      "id": "stream_status",
      "name": "ox_webservice_stream",
      "params": {
        "config_file": "/var/repos/oxIDIZER/conf/modules/conf/ox_webservice_stream_status.yaml"
      },
      "phase": "Content",
      "priority": 500,
      "uris": [
        {
          "path": "/status(|\\/.*)(\\?.*)?$"
        }
      ]
    }
  ],
  "servers": [
    {
      "bind_address": "0.0.0.0",
      "hosts": [
        {
          "name": ".*"
        }
      ],
      "port": 3000,
      "protocol": "http"
    }
  ],
  "urls": [
    {
      "module_id": "status_module",
      "url": ".*"
    }
  ]
}
2025-12-23T23:21:12.687042931-05:00 INFO ox_webservice - Starting ox_webservice...
2025-12-23T23:21:12.687060824-05:00 INFO ox_webservice::pipeline - Loading module 'ox_webservice_status' from "target/debug/libox_webservice_status.so"
2025-12-23T23:21:12.721253588-05:00 INFO ox_webservice::pipeline - Loading module 'ox_webservice_stream' from "target/debug/libox_webservice_stream.so"
2025-12-23T23:21:12.722750965-05:00 DEBUG ox_webservice::pipeline - [ox_webservice_stream] ox_webservice_stream: new: Initializing with content_root: "/var/repos/oxIDIZER/ox_webservice_status/content/www"
2025-12-23T23:21:12.723008430-05:00 DEBUG ox_webservice::pipeline - [ox_webservice_stream] Fully processed config for "/var/repos/oxIDIZER/conf/mimetypes.yaml":
{
  "mimetypes": [
    {
      "mimetype": "text/html",
      "url": ".*[.]html$"
    },
    {
      "mimetype": "text/html",
      "url": ".*[.]htm$"
    },
    {
      "mimetype": "text/css",
      "url": ".*[.]css$"
    },
    {
      "mimetype": "application/javascript",
      "url": ".*[.]js$"
    },
    {
      "mimetype": "image/png",
      "url": ".*[.]png$"
    },
    {
      "mimetype": "image/jpeg",
      "url": ".*[.]jpg$"
    },
    {
      "mimetype": "image/jpeg",
      "url": ".*[.]jpeg$"
    },
    {
      "mimetype": "image/gif",
      "url": ".*[.]gif$"
    },
    {
      "mimetype": "text/html",
      "url": ".*[.]jinja$"
    },
    {
      "mimetype": "text/html",
      "url": ".*[.]jinja2$"
    },
    {
      "mimetype": "application/wasm",
      "url": ".*[.]wasm$"
    },
    {
      "mimetype": "application/typescript",
      "url": ".*[.]ts$"
    },
    {
      "mimetype": "application/typescript",
      "url": ".*[.]d[.]ts$"
    }
  ]
}
2025-12-23T23:21:12.729679759-05:00 INFO ox_webservice::pipeline - [ox_webservice_stream] ox_webservice_stream initialized
2025-12-23T23:21:12.730031062-05:00 INFO ox_webservice - Listening on 0.0.0.0:3000
2025-12-23T23:21:16.690838795-05:00 DEBUG ox_webservice::pipeline - [ox_webservice_stream] ox_webservice_stream: Streaming file for path: /status
2025-12-23T23:21:16.709541971-05:00 DEBUG ox_webservice::pipeline - [ox_webservice_stream] ox_webservice_stream: Skipping due to existing content (early check).
2025-12-23T23:32:48.348800209-05:00 INFO ox_webservice - log4rs initialized successfully.
2025-12-23T23:32:48.348847827-05:00 DEBUG ox_webservice - Fully processed config for "/var/repos/oxIDIZER/ox_webservice/functional_tests/000010-ConfigHTTPS-InvalidDNS/ox_webservice.yaml":
{
  "log4rs_config": "/var/repos/oxIDIZER/conf/log4rs.yaml",
  "servers": [
    {
      "bind_address": "0.0.0.0",
      "hosts": [
        {
          "name": ".*",
          "tls_cert_path": "/var/repos/oxIDIZER/conf/certs/cert.pem",
          "tls_key_path": "/var/repos/oxIDIZER/conf/certs/key.pem"
        }
      ],
      "port": 3443,
      "protocol": "https"
    }
  ],
  "urls": [
    {
      "module_id": "content_handler_1",
      "url": "/extra_content_path/"
    },
    {
      "module_id": "content_handler_1",
      "url": "/another_path/"
    },
    {
      "module_id": "content_error_handler",
      "url": "/another_error/"
    },
    {
      "hostname": "example-1.com",
      "module_id": "content_handler_1",
      "protocol": "http",
      "url": "/specific_http_path/"
    },
    {
      "hostname": "example-ssl-1.com",
      "module_id": "content_handler_1",
      "protocol": "https",
      "url": "/specific_https_path/"
    }
  ]
}
2025-12-23T23:32:48.348860596-05:00 INFO ox_webservice - Starting ox_webservice...
2025-12-23T23:32:48.349155670-05:00 INFO ox_webservice - Listening on 0.0.0.0:3443
2025-12-23T23:32:48.351529461-05:00 ERROR ox_webservice - Failed to add SNI for host .*: General("Bad DNS name")
2025-12-23T23:35:28.480164357-05:00 INFO ox_webservice - log4rs initialized successfully.
2025-12-23T23:35:28.480210500-05:00 DEBUG ox_webservice - Fully processed config for "/var/repos/oxIDIZER/ox_webservice_status/functional_tests/100001-RouteFiltering/ox_webservice.yaml":
{
  "log4rs_config": "/var/repos/oxIDIZER/conf/log4rs.yaml",
  "modules": [
    {
      "headers": {
        "Accept": "application/json"
      },
      "id": "status_module",
      "name": "ox_webservice_status",
      "params": {
        "config_file": "/var/repos/oxIDIZER/conf/modules/conf/ox_webservice_status.yaml"
      },
      "phase": "Content",
      "priority": 500,
      "uris": [
        {
          "path": "/status(|\\/.*)(\\?.*)?$"
        }
      ]
    },
    {
      "id": "stream_status",
      "name": "ox_webservice_stream",
      "params": {
        "config_file": "/var/repos/oxIDIZER/conf/modules/conf/ox_webservice_stream_status.yaml"
      },
      "phase": "Content",
      "priority": 500,
      "uris": [
        {
          "path": "/status(|\\/.*)(\\?.*)?$"
        }
      ]
    }
  ],
  "servers": [
    {
      "bind_address": "0.0.0.0",
      "hosts": [
        {
          "name": ".*"
        }
      ],
      "port": 3000,
      "protocol": "http"
    }
  ],
  "urls": [
    {
      "module_id": "status_module",
      "url": ".*"
    }
  ]
}
2025-12-23T23:35:28.480233950-05:00 INFO ox_webservice - Starting ox_webservice...
2025-12-23T23:35:28.480266940-05:00 INFO ox_webservice::pipeline - Loading module 'ox_webservice_status' from "target/debug/libox_webservice_status.so"
2025-12-23T23:35:28.525796128-05:00 INFO ox_webservice::pipeline - Loading module 'ox_webservice_stream' from "target/debug/libox_webservice_stream.so"
2025-12-23T23:35:28.527749741-05:00 DEBUG ox_webservice::pipeline - [ox_webservice_stream] ox_webservice_stream: new: Initializing with content_root: "/var/repos/oxIDIZER/ox_webservice_status/content/www"
2025-12-23T23:35:28.528302274-05:00 DEBUG ox_webservice::pipeline - [ox_webservice_stream] Fully processed config for "/var/repos/oxIDIZER/conf/mimetypes.yaml":
{
  "mimetypes": [
    {
      "mimetype": "text/html",
      "url": ".*[.]html$"
    },
    {
      "mimetype": "text/html",
      "url": ".*[.]htm$"
    },
    {
      "mimetype": "text/css",
      "url": ".*[.]css$"
    },
    {
      "mimetype": "application/javascript",
      "url": ".*[.]js$"
    },
    {
      "mimetype": "image/png",
      "url": ".*[.]png$"
    },
    {
      "mimetype": "image/jpeg",
      "url": ".*[.]jpg$"
    },
    {
      "mimetype": "image/jpeg",
      "url": ".*[.]jpeg$"
    },
    {
      "mimetype": "image/gif",
      "url": ".*[.]gif$"
    },
    {
      "mimetype": "text/html",
      "url": ".*[.]jinja$"
    },
    {
      "mimetype": "text/html",
      "url": ".*[.]jinja2$"
    },
    {
      "mimetype": "application/wasm",
      "url": ".*[.]wasm$"
    },
    {
      "mimetype": "application/typescript",
      "url": ".*[.]ts$"
    },
    {
      "mimetype": "application/typescript",
      "url": ".*[.]d[.]ts$"
    }
  ]
}
2025-12-23T23:35:28.535241456-05:00 INFO ox_webservice::pipeline - [ox_webservice_stream] ox_webservice_stream initialized
2025-12-23T23:35:28.535672391-05:00 INFO ox_webservice - Listening on 0.0.0.0:3000
2025-12-23T23:35:32.485916841-05:00 DEBUG ox_webservice::pipeline - [ox_webservice_stream] ox_webservice_stream: Streaming file for path: /status
2025-12-23T23:35:32.501511750-05:00 DEBUG ox_webservice::pipeline - [ox_webservice_stream] ox_webservice_stream: Skipping due to existing content (early check).
2025-12-23T23:43:01.375320539-05:00 INFO ox_webservice - log4rs initialized successfully.
2025-12-23T23:43:01.375371638-05:00 DEBUG ox_webservice - Fully processed config for "/var/repos/oxIDIZER/ox_webservice/functional_tests/000010-ConfigHTTPS-InvalidDNS/ox_webservice.yaml":
{
  "log4rs_config": "/var/repos/oxIDIZER/conf/log4rs.yaml",
  "servers": [
    {
      "bind_address": "0.0.0.0",
      "hosts": [
        {
          "name": ".*",
          "tls_cert_path": "/var/repos/oxIDIZER/conf/certs/cert.pem",
          "tls_key_path": "/var/repos/oxIDIZER/conf/certs/key.pem"
        }
      ],
      "port": 3443,
      "protocol": "https"
    }
  ],
  "urls": [
    {
      "module_id": "content_handler_1",
      "url": "/extra_content_path/"
    },
    {
      "module_id": "content_handler_1",
      "url": "/another_path/"
    },
    {
      "module_id": "content_error_handler",
      "url": "/another_error/"
    },
    {
      "hostname": "example-1.com",
      "module_id": "content_handler_1",
      "protocol": "http",
      "url": "/specific_http_path/"
    },
    {
      "hostname": "example-ssl-1.com",
      "module_id": "content_handler_1",
      "protocol": "https",
      "url": "/specific_https_path/"
    }
  ]
}
2025-12-23T23:43:01.375440583-05:00 INFO ox_webservice - Starting ox_webservice...
2025-12-23T23:43:01.375880218-05:00 INFO ox_webservice - Listening on 0.0.0.0:3443
2025-12-23T23:43:01.378368752-05:00 ERROR ox_webservice - Failed to add SNI for host .*: General("Bad DNS name")
2025-12-23T23:45:40.831950355-05:00 INFO ox_webservice - log4rs initialized successfully.
2025-12-23T23:45:40.832011899-05:00 DEBUG ox_webservice - Fully processed config for "/var/repos/oxIDIZER/ox_webservice_status/functional_tests/100001-RouteFiltering/ox_webservice.yaml":
{
  "log4rs_config": "/var/repos/oxIDIZER/conf/log4rs.yaml",
  "modules": [
    {
      "headers": {
        "Accept": "application/json"
      },
      "id": "status_module",
      "name": "ox_webservice_status",
      "params": {
        "config_file": "/var/repos/oxIDIZER/conf/modules/conf/ox_webservice_status.yaml"
      },
      "phase": "Content",
      "priority": 500,
      "uris": [
        {
          "path": "/status(|\\/.*)(\\?.*)?$"
        }
      ]
    },
    {
      "id": "stream_status",
      "name": "ox_webservice_stream",
      "params": {
        "config_file": "/var/repos/oxIDIZER/conf/modules/conf/ox_webservice_stream_status.yaml"
      },
      "phase": "Content",
      "priority": 500,
      "uris": [
        {
          "path": "/status(|\\/.*)(\\?.*)?$"
        }
      ]
    }
  ],
  "servers": [
    {
      "bind_address": "0.0.0.0",
      "hosts": [
        {
          "name": ".*"
        }
      ],
      "port": 3000,
      "protocol": "http"
    }
  ],
  "urls": [
    {
      "module_id": "status_module",
      "url": ".*"
    }
  ]
}
2025-12-23T23:45:40.832027263-05:00 INFO ox_webservice - Starting ox_webservice...
2025-12-23T23:45:40.832046467-05:00 INFO ox_webservice::pipeline - Loading module 'ox_webservice_status' from "target/debug/libox_webservice_status.so"
2025-12-23T23:45:40.844025208-05:00 INFO ox_webservice::pipeline - Loading module 'ox_webservice_stream' from "target/debug/libox_webservice_stream.so"
2025-12-23T23:45:40.846054374-05:00 DEBUG ox_webservice::pipeline - [ox_webservice_stream] ox_webservice_stream: new: Initializing with content_root: "/var/repos/oxIDIZER/ox_webservice_status/content/www"
2025-12-23T23:45:40.846443478-05:00 DEBUG ox_webservice::pipeline - [ox_webservice_stream] Fully processed config for "/var/repos/oxIDIZER/conf/mimetypes.yaml":
{
  "mimetypes": [
    {
      "mimetype": "text/html",
      "url": ".*[.]html$"
    },
    {
      "mimetype": "text/html",
      "url": ".*[.]htm$"
    },
    {
      "mimetype": "text/css",
      "url": ".*[.]css$"
    },
    {
      "mimetype": "application/javascript",
      "url": ".*[.]js$"
    },
    {
      "mimetype": "image/png",
      "url": ".*[.]png$"
    },
    {
      "mimetype": "image/jpeg",
      "url": ".*[.]jpg$"
    },
    {
      "mimetype": "image/jpeg",
      "url": ".*[.]jpeg$"
    },
    {
      "mimetype": "image/gif",
      "url": ".*[.]gif$"
    },
    {
      "mimetype": "text/html",
      "url": ".*[.]jinja$"
    },
    {
      "mimetype": "text/html",
      "url": ".*[.]jinja2$"
    },
    {
      "mimetype": "application/wasm",
      "url": ".*[.]wasm$"
    },
    {
      "mimetype": "application/typescript",
      "url": ".*[.]ts$"
    },
    {
      "mimetype": "application/typescript",
      "url": ".*[.]d[.]ts$"
    }
  ]
}
2025-12-23T23:45:40.855438192-05:00 INFO ox_webservice::pipeline - [ox_webservice_stream] ox_webservice_stream initialized
2025-12-23T23:45:40.855733735-05:00 INFO ox_webservice - Listening on 0.0.0.0:3000
2025-12-23T23:45:45.487187938-05:00 DEBUG ox_webservice::pipeline - [ox_webservice_stream] ox_webservice_stream: Streaming file for path: /status
2025-12-23T23:45:45.522810194-05:00 DEBUG ox_webservice::pipeline - [ox_webservice_stream] ox_webservice_stream: Skipping due to existing content (early check).
2025-12-24T09:40:32.593249151-05:00 INFO ox_webservice - log4rs initialized successfully.
2025-12-24T09:40:32.593650123-05:00 DEBUG ox_webservice - Fully processed config for "/var/repos/oxIDIZER/ox_webservice/functional_tests/000010-ConfigHTTPS-InvalidDNS/ox_webservice.yaml":
{
  "log4rs_config": "/var/repos/oxIDIZER/conf/log4rs.yaml",
  "servers": [
    {
      "bind_address": "0.0.0.0",
      "hosts": [
        {
          "name": ".*",
          "tls_cert_path": "/var/repos/oxIDIZER/conf/certs/cert.pem",
          "tls_key_path": "/var/repos/oxIDIZER/conf/certs/key.pem"
        }
      ],
      "port": 3443,
      "protocol": "https"
    }
  ],
  "urls": [
    {
      "module_id": "content_handler_1",
      "url": "/extra_content_path/"
    },
    {
      "module_id": "content_handler_1",
      "url": "/another_path/"
    },
    {
      "module_id": "content_error_handler",
      "url": "/another_error/"
    },
    {
      "hostname": "example-1.com",
      "module_id": "content_handler_1",
      "protocol": "http",
      "url": "/specific_http_path/"
    },
    {
      "hostname": "example-ssl-1.com",
      "module_id": "content_handler_1",
      "protocol": "https",
      "url": "/specific_https_path/"
    }
  ]
}
2025-12-24T09:40:32.593776601-05:00 INFO ox_webservice - Starting ox_webservice...
2025-12-24T09:40:32.595527822-05:00 INFO ox_webservice - Listening on 0.0.0.0:3443
2025-12-24T09:40:32.600916756-05:00 ERROR ox_webservice - Failed to add SNI for host .*: General("Bad DNS name")
2025-12-24T09:41:35.114476849-05:00 INFO ox_webservice - log4rs initialized successfully.
2025-12-24T09:41:35.114523725-05:00 DEBUG ox_webservice - Fully processed config for "/var/repos/oxIDIZER/ox_webservice_status/functional_tests/100001-RouteFiltering/ox_webservice.yaml":
{
  "log4rs_config": "/var/repos/oxIDIZER/conf/log4rs.yaml",
  "modules": [
    {
      "headers": {
        "Accept": "application/json"
      },
      "id": "status_module",
      "name": "ox_webservice_status",
      "params": {
        "config_file": "/var/repos/oxIDIZER/conf/modules/conf/ox_webservice_status.yaml"
      },
      "phase": "Content",
      "priority": 500,
      "uris": [
        {
          "path": "/status(|\\/.*)(\\?.*)?$"
        }
      ]
    },
    {
      "id": "stream_status",
      "name": "ox_webservice_stream",
      "params": {
        "config_file": "/var/repos/oxIDIZER/conf/modules/conf/ox_webservice_stream_status.yaml"
      },
      "phase": "Content",
      "priority": 500,
      "uris": [
        {
          "path": "/status(|\\/.*)(\\?.*)?$"
        }
      ]
    }
  ],
  "servers": [
    {
      "bind_address": "0.0.0.0",
      "hosts": [
        {
          "name": ".*"
        }
      ],
      "port": 3000,
      "protocol": "http"
    }
  ],
  "urls": [
    {
      "module_id": "status_module",
      "url": ".*"
    }
  ]
}
2025-12-24T09:41:35.114538709-05:00 INFO ox_webservice - Starting ox_webservice...
2025-12-24T09:41:35.114553588-05:00 INFO ox_webservice::pipeline - Loading module 'ox_webservice_status' from "target/debug/libox_webservice_status.so"
2025-12-24T09:41:35.167621125-05:00 INFO ox_webservice::pipeline - Loading module 'ox_webservice_stream' from "target/debug/libox_webservice_stream.so"
2025-12-24T09:41:35.193426484-05:00 DEBUG ox_webservice::pipeline - [ox_webservice_stream] ox_webservice_stream: new: Initializing with content_root: "/var/repos/oxIDIZER/ox_webservice_status/content/www"
2025-12-24T09:41:35.194050770-05:00 DEBUG ox_webservice::pipeline - [ox_webservice_stream] Fully processed config for "/var/repos/oxIDIZER/conf/mimetypes.yaml":
{
  "mimetypes": [
    {
      "mimetype": "text/html",
      "url": ".*[.]html$"
    },
    {
      "mimetype": "text/html",
      "url": ".*[.]htm$"
    },
    {
      "mimetype": "text/css",
      "url": ".*[.]css$"
    },
    {
      "mimetype": "application/javascript",
      "url": ".*[.]js$"
    },
    {
      "mimetype": "image/png",
      "url": ".*[.]png$"
    },
    {
      "mimetype": "image/jpeg",
      "url": ".*[.]jpg$"
    },
    {
      "mimetype": "image/jpeg",
      "url": ".*[.]jpeg$"
    },
    {
      "mimetype": "image/gif",
      "url": ".*[.]gif$"
    },
    {
      "mimetype": "text/html",
      "url": ".*[.]jinja$"
    },
    {
      "mimetype": "text/html",
      "url": ".*[.]jinja2$"
    },
    {
      "mimetype": "application/wasm",
      "url": ".*[.]wasm$"
    },
    {
      "mimetype": "application/typescript",
      "url": ".*[.]ts$"
    },
    {
      "mimetype": "application/typescript",
      "url": ".*[.]d[.]ts$"
    }
  ]
}
2025-12-24T09:41:35.201561598-05:00 INFO ox_webservice::pipeline - [ox_webservice_stream] ox_webservice_stream initialized
2025-12-24T09:41:35.201876772-05:00 INFO ox_webservice - Listening on 0.0.0.0:3000
2025-12-24T09:41:39.129419760-05:00 DEBUG ox_webservice::pipeline - [ox_webservice_stream] ox_webservice_stream: Streaming file for path: /status
2025-12-24T09:41:39.147241535-05:00 DEBUG ox_webservice::pipeline - [ox_webservice_stream] ox_webservice_stream: Skipping due to existing content (early check).
2025-12-24T09:43:36.172707344-05:00 INFO ox_webservice - log4rs initialized successfully.
2025-12-24T09:43:36.172738640-05:00 DEBUG ox_webservice - Fully processed config for "/var/repos/oxIDIZER/ox_webservice/functional_tests/000010-ConfigHTTPS-InvalidDNS/ox_webservice.yaml":
{
  "log4rs_config": "/var/repos/oxIDIZER/conf/log4rs.yaml",
  "servers": [
    {
      "bind_address": "0.0.0.0",
      "hosts": [
        {
          "name": ".*",
          "tls_cert_path": "/var/repos/oxIDIZER/conf/certs/cert.pem",
          "tls_key_path": "/var/repos/oxIDIZER/conf/certs/key.pem"
        }
      ],
      "port": 3443,
      "protocol": "https"
    }
  ],
  "urls": [
    {
      "module_id": "content_handler_1",
      "url": "/extra_content_path/"
    },
    {
      "module_id": "content_handler_1",
      "url": "/another_path/"
    },
    {
      "module_id": "content_error_handler",
      "url": "/another_error/"
    },
    {
      "hostname": "example-1.com",
      "module_id": "content_handler_1",
      "protocol": "http",
      "url": "/specific_http_path/"
    },
    {
      "hostname": "example-ssl-1.com",
      "module_id": "content_handler_1",
      "protocol": "https",
      "url": "/specific_https_path/"
    }
  ]
}
2025-12-24T09:43:36.172750492-05:00 INFO ox_webservice - Starting ox_webservice...
2025-12-24T09:43:36.172921692-05:00 INFO ox_webservice - Listening on 0.0.0.0:3443
2025-12-24T09:43:36.175680880-05:00 ERROR ox_webservice - Failed to add SNI for host .*: General("Bad DNS name")
2025-12-24T09:46:24.357622747-05:00 INFO ox_webservice - log4rs initialized successfully.
2025-12-24T09:46:24.357709783-05:00 DEBUG ox_webservice - Fully processed config for "/var/repos/oxIDIZER/ox_webservice_status/functional_tests/100001-RouteFiltering/ox_webservice.yaml":
{
  "log4rs_config": "/var/repos/oxIDIZER/conf/log4rs.yaml",
  "modules": [
    {
      "headers": {
        "Accept": "application/json"
      },
      "id": "status_module",
      "name": "ox_webservice_status",
      "params": {
        "config_file": "/var/repos/oxIDIZER/conf/modules/conf/ox_webservice_status.yaml"
      },
      "phase": "Content",
      "priority": 500,
      "uris": [
        {
          "path": "/status(|\\/.*)(\\?.*)?$"
        }
      ]
    },
    {
      "id": "stream_status",
      "name": "ox_webservice_stream",
      "params": {
        "config_file": "/var/repos/oxIDIZER/conf/modules/conf/ox_webservice_stream_status.yaml"
      },
      "phase": "Content",
      "priority": 500,
      "uris": [
        {
          "path": "/status(|\\/.*)(\\?.*)?$"
        }
      ]
    }
  ],
  "servers": [
    {
      "bind_address": "0.0.0.0",
      "hosts": [
        {
          "name": ".*"
        }
      ],
      "port": 3000,
      "protocol": "http"
    }
  ],
  "urls": [
    {
      "module_id": "status_module",
      "url": ".*"
    }
  ]
}
2025-12-24T09:46:24.357725882-05:00 INFO ox_webservice - Starting ox_webservice...
2025-12-24T09:46:24.357744968-05:00 INFO ox_webservice::pipeline - Loading module 'ox_webservice_status' from "target/debug/libox_webservice_status.so"
2025-12-24T09:46:24.395301488-05:00 INFO ox_webservice::pipeline - Loading module 'ox_webservice_stream' from "target/debug/libox_webservice_stream.so"
2025-12-24T09:46:24.397056464-05:00 DEBUG ox_webservice::pipeline - [ox_webservice_stream] ox_webservice_stream: new: Initializing with content_root: "/var/repos/oxIDIZER/ox_webservice_status/content/www"
2025-12-24T09:46:24.397319042-05:00 DEBUG ox_webservice::pipeline - [ox_webservice_stream] Fully processed config for "/var/repos/oxIDIZER/conf/mimetypes.yaml":
{
  "mimetypes": [
    {
      "mimetype": "text/html",
      "url": ".*[.]html$"
    },
    {
      "mimetype": "text/html",
      "url": ".*[.]htm$"
    },
    {
      "mimetype": "text/css",
      "url": ".*[.]css$"
    },
    {
      "mimetype": "application/javascript",
      "url": ".*[.]js$"
    },
    {
      "mimetype": "image/png",
      "url": ".*[.]png$"
    },
    {
      "mimetype": "image/jpeg",
      "url": ".*[.]jpg$"
    },
    {
      "mimetype": "image/jpeg",
      "url": ".*[.]jpeg$"
    },
    {
      "mimetype": "image/gif",
      "url": ".*[.]gif$"
    },
    {
      "mimetype": "text/html",
      "url": ".*[.]jinja$"
    },
    {
      "mimetype": "text/html",
      "url": ".*[.]jinja2$"
    },
    {
      "mimetype": "application/wasm",
      "url": ".*[.]wasm$"
    },
    {
      "mimetype": "application/typescript",
      "url": ".*[.]ts$"
    },
    {
      "mimetype": "application/typescript",
      "url": ".*[.]d[.]ts$"
    }
  ]
}
2025-12-24T09:46:24.404704206-05:00 INFO ox_webservice::pipeline - [ox_webservice_stream] ox_webservice_stream initialized
2025-12-24T09:46:24.404995281-05:00 INFO ox_webservice - Listening on 0.0.0.0:3000
2025-12-24T09:46:25.673860440-05:00 DEBUG ox_webservice::pipeline - [ox_webservice_stream] ox_webservice_stream: File not found for path: /doesnotexist.html
2025-12-24T09:46:28.361907505-05:00 DEBUG ox_webservice::pipeline - [ox_webservice_stream] ox_webservice_stream: Streaming file for path: /status
2025-12-24T09:46:28.379730400-05:00 DEBUG ox_webservice::pipeline - [ox_webservice_stream] ox_webservice_stream: Skipping due to existing content (early check).
2025-12-24T09:53:57.258835775-05:00 INFO ox_webservice - log4rs initialized successfully.
2025-12-24T09:53:57.258934534-05:00 DEBUG ox_webservice - Fully processed config for "/var/repos/oxIDIZER/ox_webservice/functional_tests/000010-ConfigHTTPS-InvalidDNS/ox_webservice.yaml":
{
  "log4rs_config": "/var/repos/oxIDIZER/conf/log4rs.yaml",
  "servers": [
    {
      "bind_address": "0.0.0.0",
      "hosts": [
        {
          "name": ".*",
          "tls_cert_path": "/var/repos/oxIDIZER/conf/certs/cert.pem",
          "tls_key_path": "/var/repos/oxIDIZER/conf/certs/key.pem"
        }
      ],
      "port": 3443,
      "protocol": "https"
    }
  ],
  "urls": [
    {
      "module_id": "content_handler_1",
      "url": "/extra_content_path/"
    },
    {
      "module_id": "content_handler_1",
      "url": "/another_path/"
    },
    {
      "module_id": "content_error_handler",
      "url": "/another_error/"
    },
    {
      "hostname": "example-1.com",
      "module_id": "content_handler_1",
      "protocol": "http",
      "url": "/specific_http_path/"
    },
    {
      "hostname": "example-ssl-1.com",
      "module_id": "content_handler_1",
      "protocol": "https",
      "url": "/specific_https_path/"
    }
  ]
}
2025-12-24T09:53:57.258947240-05:00 INFO ox_webservice - Starting ox_webservice...
2025-12-24T09:53:57.259286524-05:00 INFO ox_webservice - Listening on 0.0.0.0:3443
2025-12-24T09:53:57.261838283-05:00 ERROR ox_webservice - Failed to add SNI for host .*: General("Bad DNS name")
2025-12-24T09:56:36.268310288-05:00 INFO ox_webservice - log4rs initialized successfully.
2025-12-24T09:56:36.268684318-05:00 DEBUG ox_webservice - Fully processed config for "/var/repos/oxIDIZER/ox_webservice_status/functional_tests/100001-RouteFiltering/ox_webservice.yaml":
{
  "log4rs_config": "/var/repos/oxIDIZER/conf/log4rs.yaml",
  "modules": [
    {
      "headers": {
        "Accept": "application/json"
      },
      "id": "status_module",
      "name": "ox_webservice_status",
      "params": {
        "config_file": "/var/repos/oxIDIZER/conf/modules/conf/ox_webservice_status.yaml"
      },
      "phase": "Content",
      "priority": 500,
      "uris": [
        {
          "path": "/status(|\\/.*)(\\?.*)?$"
        }
      ]
    },
    {
      "id": "stream_status",
      "name": "ox_webservice_stream",
      "params": {
        "config_file": "/var/repos/oxIDIZER/conf/modules/conf/ox_webservice_stream_status.yaml"
      },
      "phase": "Content",
      "priority": 500,
      "uris": [
        {
          "path": "/status(|\\/.*)(\\?.*)?$"
        }
      ]
    }
  ],
  "servers": [
    {
      "bind_address": "0.0.0.0",
      "hosts": [
        {
          "name": ".*"
        }
      ],
      "port": 3000,
      "protocol": "http"
    }
  ],
  "urls": [
    {
      "module_id": "status_module",
      "url": ".*"
    }
  ]
}
2025-12-24T09:56:36.268901407-05:00 INFO ox_webservice - Starting ox_webservice...
2025-12-24T09:56:36.269025274-05:00 INFO ox_webservice::pipeline - Loading module 'ox_webservice_status' from "target/debug/libox_webservice_status.so"
2025-12-24T09:56:36.307450505-05:00 INFO ox_webservice::pipeline - Loading module 'ox_webservice_stream' from "target/debug/libox_webservice_stream.so"
2025-12-24T09:56:36.309573548-05:00 DEBUG ox_webservice::pipeline - [ox_webservice_stream] ox_webservice_stream: new: Initializing with content_root: "/var/repos/oxIDIZER/ox_webservice_status/content/www"
2025-12-24T09:56:36.309918212-05:00 DEBUG ox_webservice::pipeline - [ox_webservice_stream] Fully processed config for "/var/repos/oxIDIZER/conf/mimetypes.yaml":
{
  "mimetypes": [
    {
      "mimetype": "text/html",
      "url": ".*[.]html$"
    },
    {
      "mimetype": "text/html",
      "url": ".*[.]htm$"
    },
    {
      "mimetype": "text/css",
      "url": ".*[.]css$"
    },
    {
      "mimetype": "application/javascript",
      "url": ".*[.]js$"
    },
    {
      "mimetype": "image/png",
      "url": ".*[.]png$"
    },
    {
      "mimetype": "image/jpeg",
      "url": ".*[.]jpg$"
    },
    {
      "mimetype": "image/jpeg",
      "url": ".*[.]jpeg$"
    },
    {
      "mimetype": "image/gif",
      "url": ".*[.]gif$"
    },
    {
      "mimetype": "text/html",
      "url": ".*[.]jinja$"
    },
    {
      "mimetype": "text/html",
      "url": ".*[.]jinja2$"
    },
    {
      "mimetype": "application/wasm",
      "url": ".*[.]wasm$"
    },
    {
      "mimetype": "application/typescript",
      "url": ".*[.]ts$"
    },
    {
      "mimetype": "application/typescript",
      "url": ".*[.]d[.]ts$"
    }
  ]
}
2025-12-24T09:56:36.318935583-05:00 INFO ox_webservice::pipeline - [ox_webservice_stream] ox_webservice_stream initialized
2025-12-24T09:56:36.319365422-05:00 INFO ox_webservice - Listening on 0.0.0.0:3000
2025-12-24T09:56:40.273258233-05:00 DEBUG ox_webservice::pipeline - [ox_webservice_stream] ox_webservice_stream: Streaming file for path: /status
2025-12-24T09:56:40.288945554-05:00 DEBUG ox_webservice::pipeline - [ox_webservice_stream] ox_webservice_stream: Skipping due to existing content (early check).
2025-12-24T11:15:14.056047378-05:00 INFO ox_webservice - log4rs initialized successfully.
2025-12-24T11:15:14.056414561-05:00 DEBUG ox_webservice - Fully processed config for "/var/repos/oxIDIZER/ox_webservice/functional_tests/000010-ConfigHTTPS-InvalidDNS/ox_webservice.yaml":
{
  "log4rs_config": "/var/repos/oxIDIZER/conf/log4rs.yaml",
  "servers": [
    {
      "bind_address": "0.0.0.0",
      "hosts": [
        {
          "name": ".*",
          "tls_cert_path": "/var/repos/oxIDIZER/conf/certs/cert.pem",
          "tls_key_path": "/var/repos/oxIDIZER/conf/certs/key.pem"
        }
      ],
      "port": 3443,
      "protocol": "https"
    }
  ],
  "urls": [
    {
      "module_id": "content_handler_1",
      "url": "/extra_content_path/"
    },
    {
      "module_id": "content_handler_1",
      "url": "/another_path/"
    },
    {
      "module_id": "content_error_handler",
      "url": "/another_error/"
    },
    {
      "hostname": "example-1.com",
      "module_id": "content_handler_1",
      "protocol": "http",
      "url": "/specific_http_path/"
    },
    {
      "hostname": "example-ssl-1.com",
      "module_id": "content_handler_1",
      "protocol": "https",
      "url": "/specific_https_path/"
    }
  ]
}
2025-12-24T11:15:14.056460636-05:00 INFO ox_webservice - Starting ox_webservice...
2025-12-24T11:15:14.057730999-05:00 INFO ox_webservice - Listening on 0.0.0.0:3443
2025-12-24T11:15:14.063118027-05:00 ERROR ox_webservice - Failed to add SNI for host .*: General("Bad DNS name")
2025-12-24T11:17:56.509438507-05:00 INFO ox_webservice - log4rs initialized successfully.
2025-12-24T11:17:56.509482722-05:00 DEBUG ox_webservice - Fully processed config for "/var/repos/oxIDIZER/ox_webservice_status/functional_tests/100001-RouteFiltering/ox_webservice.yaml":
{
  "log4rs_config": "/var/repos/oxIDIZER/conf/log4rs.yaml",
  "modules": [
    {
      "headers": {
        "Accept": "application/json"
      },
      "id": "status_module",
      "name": "ox_webservice_status",
      "params": {
        "config_file": "/var/repos/oxIDIZER/conf/modules/conf/ox_webservice_status.yaml"
      },
      "phase": "Content",
      "priority": 500,
      "uris": [
        {
          "path": "/status(|\\/.*)(\\?.*)?$"
        }
      ]
    },
    {
      "id": "stream_status",
      "name": "ox_webservice_stream",
      "params": {
        "config_file": "/var/repos/oxIDIZER/conf/modules/conf/ox_webservice_stream_status.yaml"
      },
      "phase": "Content",
      "priority": 500,
      "uris": [
        {
          "path": "/status(|\\/.*)(\\?.*)?$"
        }
      ]
    }
  ],
  "servers": [
    {
      "bind_address": "0.0.0.0",
      "hosts": [
        {
          "name": ".*"
        }
      ],
      "port": 3000,
      "protocol": "http"
    }
  ],
  "urls": [
    {
      "module_id": "status_module",
      "url": ".*"
    }
  ]
}
2025-12-24T11:17:56.509498169-05:00 INFO ox_webservice - Starting ox_webservice...
2025-12-24T11:17:56.509512225-05:00 INFO ox_webservice::pipeline - Loading module 'ox_webservice_status' from "target/debug/libox_webservice_status.so"
2025-12-24T11:17:56.558514485-05:00 INFO ox_webservice::pipeline - Loading module 'ox_webservice_stream' from "target/debug/libox_webservice_stream.so"
2025-12-24T11:17:56.579974136-05:00 DEBUG ox_webservice::pipeline - [ox_webservice_stream] ox_webservice_stream: new: Initializing with content_root: "/var/repos/oxIDIZER/ox_webservice_status/content/www"
2025-12-24T11:17:56.580547026-05:00 DEBUG ox_webservice::pipeline - [ox_webservice_stream] Fully processed config for "/var/repos/oxIDIZER/conf/mimetypes.yaml":
{
  "mimetypes": [
    {
      "mimetype": "text/html",
      "url": ".*[.]html$"
    },
    {
      "mimetype": "text/html",
      "url": ".*[.]htm$"
    },
    {
      "mimetype": "text/css",
      "url": ".*[.]css$"
    },
    {
      "mimetype": "application/javascript",
      "url": ".*[.]js$"
    },
    {
      "mimetype": "image/png",
      "url": ".*[.]png$"
    },
    {
      "mimetype": "image/jpeg",
      "url": ".*[.]jpg$"
    },
    {
      "mimetype": "image/jpeg",
      "url": ".*[.]jpeg$"
    },
    {
      "mimetype": "image/gif",
      "url": ".*[.]gif$"
    },
    {
      "mimetype": "text/html",
      "url": ".*[.]jinja$"
    },
    {
      "mimetype": "text/html",
      "url": ".*[.]jinja2$"
    },
    {
      "mimetype": "application/wasm",
      "url": ".*[.]wasm$"
    },
    {
      "mimetype": "application/typescript",
      "url": ".*[.]ts$"
    },
    {
      "mimetype": "application/typescript",
      "url": ".*[.]d[.]ts$"
    }
  ]
}
2025-12-24T11:17:56.589334054-05:00 INFO ox_webservice::pipeline - [ox_webservice_stream] ox_webservice_stream initialized
2025-12-24T11:17:56.589624769-05:00 INFO ox_webservice - Listening on 0.0.0.0:3000
2025-12-24T11:18:00.517054510-05:00 DEBUG ox_webservice::pipeline - [ox_webservice_stream] ox_webservice_stream: Streaming file for path: /status
2025-12-24T11:18:00.533095328-05:00 DEBUG ox_webservice::pipeline - [ox_webservice_stream] ox_webservice_stream: Skipping due to existing content (early check).
2025-12-24T11:25:47.397815260-05:00 INFO ox_webservice - log4rs initialized successfully.
2025-12-24T11:25:47.397850130-05:00 DEBUG ox_webservice - Fully processed config for "/var/repos/oxIDIZER/ox_webservice/functional_tests/000010-ConfigHTTPS-InvalidDNS/ox_webservice.yaml":
{
  "log4rs_config": "/var/repos/oxIDIZER/conf/log4rs.yaml",
  "servers": [
    {
      "bind_address": "0.0.0.0",
      "hosts": [
        {
          "name": ".*",
          "tls_cert_path": "/var/repos/oxIDIZER/conf/certs/cert.pem",
          "tls_key_path": "/var/repos/oxIDIZER/conf/certs/key.pem"
        }
      ],
      "port": 3443,
      "protocol": "https"
    }
  ],
  "urls": [
    {
      "module_id": "content_handler_1",
      "url": "/extra_content_path/"
    },
    {
      "module_id": "content_handler_1",
      "url": "/another_path/"
    },
    {
      "module_id": "content_error_handler",
      "url": "/another_error/"
    },
    {
      "hostname": "example-1.com",
      "module_id": "content_handler_1",
      "protocol": "http",
      "url": "/specific_http_path/"
    },
    {
      "hostname": "example-ssl-1.com",
      "module_id": "content_handler_1",
      "protocol": "https",
      "url": "/specific_https_path/"
    }
  ]
}
2025-12-24T11:25:47.397862095-05:00 INFO ox_webservice - Starting ox_webservice...
2025-12-24T11:25:47.398093894-05:00 INFO ox_webservice - Listening on 0.0.0.0:3443
2025-12-24T11:25:47.400712601-05:00 ERROR ox_webservice - Failed to add SNI for host .*: General("Bad DNS name")
2025-12-24T11:28:32.331222850-05:00 INFO ox_webservice - log4rs initialized successfully.
2025-12-24T11:28:32.331296378-05:00 DEBUG ox_webservice - Fully processed config for "/var/repos/oxIDIZER/ox_webservice_status/functional_tests/100001-RouteFiltering/ox_webservice.yaml":
{
  "log4rs_config": "/var/repos/oxIDIZER/conf/log4rs.yaml",
  "modules": [
    {
      "headers": {
        "Accept": "application/json"
      },
      "id": "status_module",
      "name": "ox_webservice_status",
      "params": {
        "config_file": "/var/repos/oxIDIZER/conf/modules/conf/ox_webservice_status.yaml"
      },
      "phase": "Content",
      "priority": 500,
      "uris": [
        {
          "path": "/status(|\\/.*)(\\?.*)?$"
        }
      ]
    },
    {
      "id": "stream_status",
      "name": "ox_webservice_stream",
      "params": {
        "config_file": "/var/repos/oxIDIZER/conf/modules/conf/ox_webservice_stream_status.yaml"
      },
      "phase": "Content",
      "priority": 500,
      "uris": [
        {
          "path": "/status(|\\/.*)(\\?.*)?$"
        }
      ]
    }
  ],
  "servers": [
    {
      "bind_address": "0.0.0.0",
      "hosts": [
        {
          "name": ".*"
        }
      ],
      "port": 3000,
      "protocol": "http"
    }
  ],
  "urls": [
    {
      "module_id": "status_module",
      "url": ".*"
    }
  ]
}
2025-12-24T11:28:32.331320508-05:00 INFO ox_webservice - Starting ox_webservice...
2025-12-24T11:28:32.331347695-05:00 INFO ox_webservice::pipeline - Loading module 'ox_webservice_status' from "target/debug/libox_webservice_status.so"
2025-12-24T11:28:32.341430711-05:00 INFO ox_webservice::pipeline - Loading module 'ox_webservice_stream' from "target/debug/libox_webservice_stream.so"
2025-12-24T11:28:32.343455993-05:00 DEBUG ox_webservice::pipeline - [ox_webservice_stream] ox_webservice_stream: new: Initializing with content_root: "/var/repos/oxIDIZER/ox_webservice_status/content/www"
2025-12-24T11:28:32.343758771-05:00 DEBUG ox_webservice::pipeline - [ox_webservice_stream] Fully processed config for "/var/repos/oxIDIZER/conf/mimetypes.yaml":
{
  "mimetypes": [
    {
      "mimetype": "text/html",
      "url": ".*[.]html$"
    },
    {
      "mimetype": "text/html",
      "url": ".*[.]htm$"
    },
    {
      "mimetype": "text/css",
      "url": ".*[.]css$"
    },
    {
      "mimetype": "application/javascript",
      "url": ".*[.]js$"
    },
    {
      "mimetype": "image/png",
      "url": ".*[.]png$"
    },
    {
      "mimetype": "image/jpeg",
      "url": ".*[.]jpg$"
    },
    {
      "mimetype": "image/jpeg",
      "url": ".*[.]jpeg$"
    },
    {
      "mimetype": "image/gif",
      "url": ".*[.]gif$"
    },
    {
      "mimetype": "text/html",
      "url": ".*[.]jinja$"
    },
    {
      "mimetype": "text/html",
      "url": ".*[.]jinja2$"
    },
    {
      "mimetype": "application/wasm",
      "url": ".*[.]wasm$"
    },
    {
      "mimetype": "application/typescript",
      "url": ".*[.]ts$"
    },
    {
      "mimetype": "application/typescript",
      "url": ".*[.]d[.]ts$"
    }
  ]
}
2025-12-24T11:28:32.352828412-05:00 INFO ox_webservice::pipeline - [ox_webservice_stream] ox_webservice_stream initialized
2025-12-24T11:28:32.353202961-05:00 INFO ox_webservice - Listening on 0.0.0.0:3000
2025-12-24T11:28:36.339557014-05:00 DEBUG ox_webservice::pipeline - [ox_webservice_stream] ox_webservice_stream: Streaming file for path: /status
2025-12-24T11:28:36.402846370-05:00 DEBUG ox_webservice::pipeline - [ox_webservice_stream] ox_webservice_stream: Skipping due to existing content (early check).
2025-12-24T11:39:55.250926735-05:00 INFO ox_webservice - log4rs initialized successfully.
2025-12-24T11:39:55.250974162-05:00 DEBUG ox_webservice - Fully processed config for "/var/repos/oxIDIZER/ox_webservice/functional_tests/000010-ConfigHTTPS-InvalidDNS/ox_webservice.yaml":
{
  "log4rs_config": "/var/repos/oxIDIZER/conf/log4rs.yaml",
  "servers": [
    {
      "bind_address": "0.0.0.0",
      "hosts": [
        {
          "name": ".*",
          "tls_cert_path": "/var/repos/oxIDIZER/conf/certs/cert.pem",
          "tls_key_path": "/var/repos/oxIDIZER/conf/certs/key.pem"
        }
      ],
      "port": 3443,
      "protocol": "https"
    }
  ],
  "urls": [
    {
      "module_id": "content_handler_1",
      "url": "/extra_content_path/"
    },
    {
      "module_id": "content_handler_1",
      "url": "/another_path/"
    },
    {
      "module_id": "content_error_handler",
      "url": "/another_error/"
    },
    {
      "hostname": "example-1.com",
      "module_id": "content_handler_1",
      "protocol": "http",
      "url": "/specific_http_path/"
    },
    {
      "hostname": "example-ssl-1.com",
      "module_id": "content_handler_1",
      "protocol": "https",
      "url": "/specific_https_path/"
    }
  ]
}
2025-12-24T11:39:55.250992723-05:00 INFO ox_webservice - Starting ox_webservice...
2025-12-24T11:39:55.251212867-05:00 INFO ox_webservice - Listening on 0.0.0.0:3443
2025-12-24T11:39:55.253879256-05:00 ERROR ox_webservice - Failed to add SNI for host .*: General("Bad DNS name")
2025-12-24T11:42:34.760593595-05:00 INFO ox_webservice - log4rs initialized successfully.
2025-12-24T11:42:34.760636899-05:00 DEBUG ox_webservice - Fully processed config for "/var/repos/oxIDIZER/ox_webservice_status/functional_tests/100001-RouteFiltering/ox_webservice.yaml":
{
  "log4rs_config": "/var/repos/oxIDIZER/conf/log4rs.yaml",
  "modules": [
    {
      "headers": {
        "Accept": "application/json"
      },
      "id": "status_module",
      "name": "ox_webservice_status",
      "params": {
        "config_file": "/var/repos/oxIDIZER/conf/modules/conf/ox_webservice_status.yaml"
      },
      "phase": "Content",
      "priority": 500,
      "uris": [
        {
          "path": "/status(|\\/.*)(\\?.*)?$"
        }
      ]
    },
    {
      "id": "stream_status",
      "name": "ox_webservice_stream",
      "params": {
        "config_file": "/var/repos/oxIDIZER/conf/modules/conf/ox_webservice_stream_status.yaml"
      },
      "phase": "Content",
      "priority": 500,
      "uris": [
        {
          "path": "/status(|\\/.*)(\\?.*)?$"
        }
      ]
    }
  ],
  "servers": [
    {
      "bind_address": "0.0.0.0",
      "hosts": [
        {
          "name": ".*"
        }
      ],
      "port": 3000,
      "protocol": "http"
    }
  ],
  "urls": [
    {
      "module_id": "status_module",
      "url": ".*"
    }
  ]
}
2025-12-24T11:42:34.760664063-05:00 INFO ox_webservice - Starting ox_webservice...
2025-12-24T11:42:34.760683269-05:00 INFO ox_webservice::pipeline - Loading module 'ox_webservice_status' from "target/debug/libox_webservice_status.so"
2025-12-24T11:42:34.794964348-05:00 INFO ox_webservice::pipeline - Loading module 'ox_webservice_stream' from "target/debug/libox_webservice_stream.so"
2025-12-24T11:42:34.796268643-05:00 DEBUG ox_webservice::pipeline - [ox_webservice_stream] ox_webservice_stream: new: Initializing with content_root: "/var/repos/oxIDIZER/ox_webservice_status/content/www"
2025-12-24T11:42:34.796574764-05:00 DEBUG ox_webservice::pipeline - [ox_webservice_stream] Fully processed config for "/var/repos/oxIDIZER/conf/mimetypes.yaml":
{
  "mimetypes": [
    {
      "mimetype": "text/html",
      "url": ".*[.]html$"
    },
    {
      "mimetype": "text/html",
      "url": ".*[.]htm$"
    },
    {
      "mimetype": "text/css",
      "url": ".*[.]css$"
    },
    {
      "mimetype": "application/javascript",
      "url": ".*[.]js$"
    },
    {
      "mimetype": "image/png",
      "url": ".*[.]png$"
    },
    {
      "mimetype": "image/jpeg",
      "url": ".*[.]jpg$"
    },
    {
      "mimetype": "image/jpeg",
      "url": ".*[.]jpeg$"
    },
    {
      "mimetype": "image/gif",
      "url": ".*[.]gif$"
    },
    {
      "mimetype": "text/html",
      "url": ".*[.]jinja$"
    },
    {
      "mimetype": "text/html",
      "url": ".*[.]jinja2$"
    },
    {
      "mimetype": "application/wasm",
      "url": ".*[.]wasm$"
    },
    {
      "mimetype": "application/typescript",
      "url": ".*[.]ts$"
    },
    {
      "mimetype": "application/typescript",
      "url": ".*[.]d[.]ts$"
    }
  ]
}
2025-12-24T11:42:34.803509358-05:00 INFO ox_webservice::pipeline - [ox_webservice_stream] ox_webservice_stream initialized
2025-12-24T11:42:34.803880963-05:00 INFO ox_webservice - Listening on 0.0.0.0:3000
2025-12-24T11:42:38.766447896-05:00 DEBUG ox_webservice::pipeline - [ox_webservice_stream] ox_webservice_stream: Streaming file for path: /status
2025-12-24T11:42:38.780839067-05:00 DEBUG ox_webservice::pipeline - [ox_webservice_stream] ox_webservice_stream: Skipping due to existing content (early check).
