2026-01-01T19:02:53.413006183-05:00 ERROR - Failed to process included file "/var/repos/oxIDIZER/conf/modules/active/broken_test_module.yaml": Error parsing file: "/var/repos/oxIDIZER/conf/modules/active/broken_test_module.yaml". Skipping.
2026-01-01T19:02:53.416230366-05:00 INFO ox_webservice - log4rs initialized successfully from file.
2026-01-01T19:02:53.416407880-05:00 DEBUG ox_webservice - Fully processed config for "/var/repos/oxIDIZER/ox_pipeline_router/functional_tests/100001-ConfigResilience/../../../conf/ox_webservice.yaml":
{
  "log4rs_config": "/var/repos/oxIDIZER/conf/log4rs.yaml",
  "modules": [
    {
      "id": "default_template_jinja2",
      "name": "ox_webservice_template_jinja2",
      "params": {
        "config_file": "/var/repos/oxIDIZER/ox_webservice_template_jinja2/conf/ox_webservice_template_jinja2_default.yaml"
      }
    },
    {
      "id": "default_theme_stream",
      "name": "ox_webservice_stream",
      "params": {
        "config_file": "/var/repos/oxIDIZER/ox_webservice_stream/conf/theme.yaml"
      }
    },
    {
      "id": "default_layout_stream",
      "name": "ox_webservice_stream",
      "params": {
        "config_file": "/var/repos/oxIDIZER/ox_webservice_stream/conf/layout.yaml"
      }
    },
    {
      "id": "messaging_mqtt",
      "name": "ox_messaging_mqtt",
      "params": {}
    },
    {
      "id": "package_manager",
      "name": "ox_package_manager",
      "params": {
        "config_file": "/var/repos/oxIDIZER/ox_package_manager/conf/manager.yaml"
      },
      "path": "/var/repos/oxIDIZER/target/debug/libox_package_manager.so"
    },
    {
      "id": "package_manager_stream",
      "name": "ox_webservice_stream",
      "on_content_conflict": "skip",
      "params": {
        "config_file": "/var/repos/oxIDIZER/ox_package_manager/conf/stream.yaml"
      }
    },
    {
      "id": "driver_manager",
      "name": "ox_persistence_driver_manager",
      "params": {
        "drivers_file": "/var/repos/oxIDIZER/ox_persistence/conf/drivers.yaml"
      },
      "phase": "Content"
    },
    {
      "id": "driver_manager_stream",
      "name": "ox_webservice_stream",
      "params": {
        "config_file": "/var/repos/oxIDIZER/ox_persistence_driver_manager/conf/ox_persistence_driver_manager_stream.yaml"
      },
      "phase": "Content"
    },
    {
      "id": "driver_manager_stream_wasm",
      "name": "ox_webservice_stream",
      "params": {
        "config_file": "/var/repos/oxIDIZER/ox_persistence_driver_manager/conf/ox_persistence_driver_manager_stream_wasm.yaml"
      },
      "phase": "Content"
    },
    {
      "id": "ox_pipeline_router",
      "name": "ox_pipeline_router",
      "params": {}
    },
    {
      "id": "errorhandler_jinja2",
      "name": "ox_webservice_errorhandler_jinja2",
      "params": {
        "config_file": "/var/repos/oxIDIZER/ox_webservice_errorhandler_jinja2/conf/errorhandler_jinja2.yaml"
      }
    },
    {
      "id": "status_module",
      "name": "ox_webservice_status",
      "params": {
        "config_file": "/var/repos/oxIDIZER/ox_webservice_status/conf/status.yaml"
      }
    },
    {
      "id": "stream_status",
      "name": "ox_webservice_stream",
      "params": {
        "config_file": "/var/repos/oxIDIZER/ox_webservice_status/conf/ox_webservice_status_stream.yaml"
      }
    },
    {
      "id": "ping_module",
      "name": "ox_webservice_ping",
      "phase": "Content"
    },
    {
      "id": "forwarded_for",
      "name": "ox_webservice_forwarded_for"
    },
    {
      "id": "restore_ip",
      "name": "ox_webservice_restore_ip"
    }
  ],
  "pipeline": {
    "phases": [
      {
        "PreEarlyRequest": "ox_pipeline_router"
      },
      {
        "EarlyRequest": "ox_pipeline_router"
      },
      {
        "PostEarlyRequest": "ox_pipeline_router"
      },
      {
        "PreAuthentication": "ox_pipeline_router"
      },
      {
        "Authentication": "ox_pipeline_router"
      },
      {
        "PostAuthentication": "ox_pipeline_router"
      },
      {
        "PreAuthorization": "ox_pipeline_router"
      },
      {
        "Authorization": "ox_pipeline_router"
      },
      {
        "PostAuthorization": "ox_pipeline_router"
      },
      {
        "PreContent": "ox_pipeline_router"
      },
      {
        "Content": "ox_pipeline_router"
      },
      {
        "PostContent": "ox_pipeline_router"
      },
      {
        "PreAccounting": "ox_pipeline_router"
      },
      {
        "Accounting": "ox_pipeline_router"
      },
      {
        "PostAccounting": "ox_pipeline_router"
      },
      {
        "PreErrorHandling": "ox_pipeline_router"
      },
      {
        "ErrorHandling": "ox_pipeline_router"
      },
      {
        "PostErrorHandling": "ox_pipeline_router"
      },
      {
        "PreLateRequest": "ox_pipeline_router"
      },
      {
        "LateRequest": "ox_pipeline_router"
      },
      {
        "PostLateRequest": "ox_pipeline_router"
      }
    ]
  },
  "routes": [
    {
      "module_id": "default_template_jinja2",
      "phase": "Content",
      "priority": 998,
      "url": ".*[.]jinja[2]?$"
    },
    {
      "module_id": "default_theme_stream",
      "phase": "Content",
      "priority": 998,
      "url": "^(/css/.*)?$"
    },
    {
      "module_id": "default_layout_stream",
      "phase": "Content",
      "priority": 999,
      "url": ".*"
    },
    {
      "headers": {
        "Method": "POST"
      },
      "module_id": "package_manager",
      "phase": "Content",
      "priority": 450,
      "url": "^/packages/(upload)/"
    },
    {
      "module_id": "package_manager",
      "phase": "Content",
      "priority": 450,
      "url": "^/packages/(install)/"
    },
    {
      "module_id": "package_manager",
      "phase": "Content",
      "priority": 450,
      "url": "^/packages/(list)/"
    },
    {
      "module_id": "package_manager_stream",
      "phase": "Content",
      "priority": 500,
      "url": "^/packages/?(.*)$"
    },
    {
      "headers": {
        "Accept": "application/json"
      },
      "module_id": "driver_manager",
      "priority": 499,
      "url": "^/drivers/(.*)?$"
    },
    {
      "module_id": "driver_manager",
      "priority": 499,
      "query": {
        "format": "json"
      },
      "url": "^/drivers/(.*)?$"
    },
    {
      "module_id": "driver_manager_stream_wasm",
      "priority": 499,
      "url": "^/drivers/wasm/(.*)?$"
    },
    {
      "module_id": "driver_manager_stream",
      "priority": 500,
      "url": "^/drivers/(.*)?$"
    },
    {
      "module_id": "errorhandler_jinja2",
      "phase": "ErrorHandling",
      "priority": 499,
      "status_code": "4??|5??",
      "url": ".*"
    },
    {
      "headers": {
        "Accept": "application/json"
      },
      "module_id": "status_module",
      "phase": "Content",
      "priority": 499,
      "url": "^/status/?(.*)$"
    },
    {
      "module_id": "status_module",
      "phase": "Content",
      "priority": 499,
      "query": {
        "format": "json"
      },
      "url": "^/status/?(.*)$"
    },
    {
      "module_id": "stream_status",
      "phase": "Content",
      "priority": 500,
      "url": "^/status/?(.*)$"
    },
    {
      "module_id": "ping_module",
      "priority": 500,
      "url": "^/ping/(.*)?$"
    },
    {
      "module_id": "forwarded_for",
      "phase": "PreEarlyRequest",
      "priority": 100,
      "url": ".*"
    },
    {
      "module_id": "restore_ip",
      "phase": "PostLateRequest",
      "priority": 100,
      "url": ".*"
    }
  ],
  "servers": [
    {
      "bind_address": "0.0.0.0",
      "hosts": [
        {
          "name": "localhost"
        }
      ],
      "id": "default_http",
      "port": 3000,
      "protocol": "http"
    }
  ]
}
2026-01-01T19:02:53.416508780-05:00 INFO ox_webservice - Starting ox_webservice...
2026-01-01T19:02:53.416586218-05:00 INFO ox_webservice::pipeline - Injected 1 extra URI routes into module 'default_template_jinja2'
2026-01-01T19:02:53.416605762-05:00 INFO ox_webservice::pipeline - Loading module 'default_template_jinja2' from "target/debug/libox_webservice_template_jinja2.so"
2026-01-01T19:02:53.420621069-05:00 DEBUG ox_webservice::pipeline - [default_template_jinja2] ox_webservice_template_jinja2: new: Initializing with content_root: "/var/repos/oxIDIZER/content"
2026-01-01T19:02:53.421253526-05:00 DEBUG ox_webservice::pipeline - [default_template_jinja2] Fully processed config for "/var/repos/oxIDIZER/conf/mimetypes.yaml":
{
  "mimetypes": [
    {
      "mimetype": "text/html",
      "url": ".*\\.html$"
    },
    {
      "mimetype": "text/html",
      "url": ".*\\.htm$"
    },
    {
      "mimetype": "application/json",
      "url": ".*\\.json$"
    },
    {
      "mimetype": "text/css",
      "url": ".*\\.css$"
    },
    {
      "mimetype": "application/javascript",
      "url": ".*\\.js$"
    },
    {
      "mimetype": "text/html",
      "url": ".*\\\\.jinja.?$\""
    }
  ]
}
2026-01-01T19:02:53.428100630-05:00 DEBUG ox_webservice::pipeline - [ox_webservice_template_jinja2] ox_webservice_template_jinja2: Loaded 6 mimetypes.
2026-01-01T19:02:53.428277630-05:00 INFO ox_webservice::pipeline - [default_template_jinja2] ox_webservice_template_jinja2 initialized
2026-01-01T19:02:53.428712420-05:00 INFO ox_webservice::pipeline - Injected 1 extra URI routes into module 'default_theme_stream'
2026-01-01T19:02:53.428783117-05:00 INFO ox_webservice::pipeline - Loading module 'default_theme_stream' from "target/debug/libox_webservice_stream.so"
2026-01-01T19:02:53.430197907-05:00 DEBUG ox_webservice::pipeline - [default_theme_stream] ox_webservice_stream: new: Initializing with content_root: "/var/repos/oxIDIZER/content/themes/blue/www/"
2026-01-01T19:02:53.430509718-05:00 DEBUG ox_webservice::pipeline - [default_theme_stream] Fully processed config for "/var/repos/oxIDIZER/conf/mimetypes.yaml":
{
  "mimetypes": [
    {
      "mimetype": "text/html",
      "url": ".*\\.html$"
    },
    {
      "mimetype": "text/html",
      "url": ".*\\.htm$"
    },
    {
      "mimetype": "application/json",
      "url": ".*\\.json$"
    },
    {
      "mimetype": "text/css",
      "url": ".*\\.css$"
    },
    {
      "mimetype": "application/javascript",
      "url": ".*\\.js$"
    },
    {
      "mimetype": "text/html",
      "url": ".*\\\\.jinja.?$\""
    }
  ]
}
2026-01-01T19:02:53.436847632-05:00 INFO ox_webservice::pipeline - [default_theme_stream] ox_webservice_stream initialized
2026-01-01T19:02:53.437068854-05:00 INFO ox_webservice::pipeline - Injected 1 extra URI routes into module 'default_layout_stream'
2026-01-01T19:02:53.437119611-05:00 INFO ox_webservice::pipeline - Loading module 'default_layout_stream' from "target/debug/libox_webservice_stream.so"
2026-01-01T19:02:53.437454246-05:00 DEBUG ox_webservice::pipeline - [default_layout_stream] ox_webservice_stream: new: Initializing with content_root: "/var/repos/oxIDIZER/content/layouts/default/www/"
2026-01-01T19:02:53.437743179-05:00 DEBUG ox_webservice::pipeline - [default_theme_stream] Fully processed config for "/var/repos/oxIDIZER/conf/mimetypes.yaml":
{
  "mimetypes": [
    {
      "mimetype": "text/html",
      "url": ".*\\.html$"
    },
    {
      "mimetype": "text/html",
      "url": ".*\\.htm$"
    },
    {
      "mimetype": "application/json",
      "url": ".*\\.json$"
    },
    {
      "mimetype": "text/css",
      "url": ".*\\.css$"
    },
    {
      "mimetype": "application/javascript",
      "url": ".*\\.js$"
    },
    {
      "mimetype": "text/html",
      "url": ".*\\\\.jinja.?$\""
    }
  ]
}
2026-01-01T19:02:53.444219612-05:00 INFO ox_webservice::pipeline - [default_layout_stream] ox_webservice_stream initialized
2026-01-01T19:02:53.444440201-05:00 INFO ox_webservice::pipeline - Loading module 'messaging_mqtt' from "target/debug/libox_messaging_mqtt.so"
2026-01-01T19:02:53.445704436-05:00 INFO ox_webservice::pipeline - [messaging_mqtt] Starting Broker...
OxMessagingMqtt: Initializing...
ox_fileproc processing failed for ox_messaging_mqtt/conf/broker.yaml: Error parsing file: "ox_messaging_mqtt/conf/broker.yaml". Using default.
2026-01-01T19:02:53.446648441-05:00 INFO ox_webservice::pipeline - [messaging_mqtt] spawn;
2026-01-01T19:02:53.446983090-05:00 INFO ox_webservice::pipeline - [messaging_mqtt] start;
2026-01-01T19:02:53.447041383-05:00 INFO ox_webservice::pipeline - [messaging_mqtt] run;
2026-01-01T19:02:53.447317371-05:00 ERROR ox_webservice::pipeline - [messaging_mqtt] [>] incoming; connection_id=0
2026-01-01T19:02:53.447402305-05:00 INFO ox_webservice::pipeline - [messaging_mqtt] incoming_connect; client_id="console"
2026-01-01T19:02:53.447496862-05:00 INFO ox_webservice::pipeline - [messaging_mqtt] Client connection registered connection_id=0
2026-01-01T19:02:53.447588259-05:00 INFO ox_webservice::pipeline - [messaging_mqtt] [<] outgoing; connection_id=0
2026-01-01T19:02:53.447654842-05:00 INFO ox_webservice::pipeline - [messaging_mqtt] outgoing_ack; client_id="console"
2026-01-01T19:02:53.447684905-05:00 DEBUG ox_webservice::pipeline - [messaging_mqtt] Acks sent to device acks_count=1
2026-01-01T19:02:53.448116823-05:00 INFO ox_webservice::pipeline - [messaging_mqtt] start; console=ConsoleLink { config: ConsoleSettings { listen: "0.0.0.0:3030", filter_handle: None }, connection_id: 0, router_tx: Sender, _link_rx: LinkRx { connection_id: 0, router_tx: Sender, router_rx: Receiver, send_buffer: Mutex { data: [] }, cache: [] } }
2026-01-01T19:02:53.450019651-05:00 INFO ox_webservice::pipeline - [messaging_mqtt] Listening for remote connections config="v4-1" listen_addr="0.0.0.0:1883"
2026-01-01T19:02:54.461241737-05:00 INFO ox_webservice::pipeline - Injected 3 extra URI routes into module 'package_manager'
2026-01-01T19:02:54.461414908-05:00 INFO ox_webservice::pipeline - Loading module 'package_manager' from "/var/repos/oxIDIZER/target/debug/libox_package_manager.so"
2026-01-01T19:02:54.461691440-05:00 INFO ox_webservice::pipeline - [messaging_mqtt] accept name="v4-1" addr=127.0.0.1:57687 count=0 tenant=None
2026-01-01T19:02:54.461768592-05:00 ERROR ox_webservice::pipeline - [messaging_mqtt] remote_link; tenant_id=None
2026-01-01T19:02:54.475310033-05:00 ERROR ox_webservice::pipeline - [messaging_mqtt] Remote link error error=Network(Io(Custom { kind: ConnectionAborted, error: "connection closed by peer" }))
2026-01-01T19:02:54.486476043-05:00 INFO ox_webservice::pipeline - Injected 1 extra URI routes into module 'package_manager_stream'
2026-01-01T19:02:54.486604474-05:00 INFO ox_webservice::pipeline - Loading module 'package_manager_stream' from "target/debug/libox_webservice_stream.so"
2026-01-01T19:02:54.487191430-05:00 DEBUG ox_webservice::pipeline - [package_manager_stream] ox_webservice_stream: new: Initializing with content_root: "/var/repos/oxIDIZER/ox_package_manager/content/www"
2026-01-01T19:02:54.487423730-05:00 DEBUG ox_webservice::pipeline - [default_theme_stream] Fully processed config for "/var/repos/oxIDIZER/conf/mimetypes.yaml":
{
  "mimetypes": [
    {
      "mimetype": "text/html",
      "url": ".*\\.html$"
    },
    {
      "mimetype": "text/html",
      "url": ".*\\.htm$"
    },
    {
      "mimetype": "application/json",
      "url": ".*\\.json$"
    },
    {
      "mimetype": "text/css",
      "url": ".*\\.css$"
    },
    {
      "mimetype": "application/javascript",
      "url": ".*\\.js$"
    },
    {
      "mimetype": "text/html",
      "url": ".*\\\\.jinja.?$\""
    }
  ]
}
2026-01-01T19:02:54.490766085-05:00 INFO ox_webservice::pipeline - [package_manager_stream] ox_webservice_stream initialized
2026-01-01T19:02:54.490885553-05:00 INFO ox_webservice::pipeline - Injected 2 extra URI routes into module 'driver_manager'
2026-01-01T19:02:54.490934207-05:00 INFO ox_webservice::pipeline - Loading module 'driver_manager' from "target/debug/libox_persistence_driver_manager.so"
2026-01-01T19:02:54.503244992-05:00 INFO ox_webservice::pipeline - Injected 1 extra URI routes into module 'driver_manager_stream'
2026-01-01T19:02:54.503351701-05:00 INFO ox_webservice::pipeline - Loading module 'driver_manager_stream' from "target/debug/libox_webservice_stream.so"
2026-01-01T19:02:54.503831038-05:00 DEBUG ox_webservice::pipeline - [driver_manager_stream] ox_webservice_stream: new: Initializing with content_root: "/var/repos/oxIDIZER/ox_persistence_driver_manager/content/www"
2026-01-01T19:02:54.504028983-05:00 DEBUG ox_webservice::pipeline - [default_theme_stream] Fully processed config for "/var/repos/oxIDIZER/conf/mimetypes.yaml":
{
  "mimetypes": [
    {
      "mimetype": "text/html",
      "url": ".*\\.html$"
    },
    {
      "mimetype": "text/html",
      "url": ".*\\.htm$"
    },
    {
      "mimetype": "application/json",
      "url": ".*\\.json$"
    },
    {
      "mimetype": "text/css",
      "url": ".*\\.css$"
    },
    {
      "mimetype": "application/javascript",
      "url": ".*\\.js$"
    },
    {
      "mimetype": "text/html",
      "url": ".*\\\\.jinja.?$\""
    }
  ]
}
2026-01-01T19:02:54.507596784-05:00 INFO ox_webservice::pipeline - [driver_manager_stream] ox_webservice_stream initialized
2026-01-01T19:02:54.507753131-05:00 INFO ox_webservice::pipeline - Injected 1 extra URI routes into module 'driver_manager_stream_wasm'
2026-01-01T19:02:54.507787740-05:00 INFO ox_webservice::pipeline - Loading module 'driver_manager_stream_wasm' from "target/debug/libox_webservice_stream.so"
2026-01-01T19:02:54.508367307-05:00 DEBUG ox_webservice::pipeline - [driver_manager_stream_wasm] ox_webservice_stream: new: Initializing with content_root: "/var/repos/oxIDIZER/ox_persistence_driver_manager/ox_persistence_driver_manager_wasm/pkg/"
2026-01-01T19:02:54.508559793-05:00 DEBUG ox_webservice::pipeline - [default_theme_stream] Fully processed config for "/var/repos/oxIDIZER/conf/mimetypes.yaml":
{
  "mimetypes": [
    {
      "mimetype": "text/html",
      "url": ".*\\.html$"
    },
    {
      "mimetype": "text/html",
      "url": ".*\\.htm$"
    },
    {
      "mimetype": "application/json",
      "url": ".*\\.json$"
    },
    {
      "mimetype": "text/css",
      "url": ".*\\.css$"
    },
    {
      "mimetype": "application/javascript",
      "url": ".*\\.js$"
    },
    {
      "mimetype": "text/html",
      "url": ".*\\\\.jinja.?$\""
    }
  ]
}
2026-01-01T19:02:54.511789293-05:00 INFO ox_webservice::pipeline - [driver_manager_stream_wasm] ox_webservice_stream initialized
2026-01-01T19:02:54.511883721-05:00 INFO ox_webservice::pipeline - Loading module 'ox_pipeline_router' from "target/debug/libox_pipeline_router.so"
2026-01-01T19:02:54.512358221-05:00 INFO ox_webservice::pipeline - Injected 1 extra URI routes into module 'errorhandler_jinja2'
2026-01-01T19:02:54.512416590-05:00 INFO ox_webservice::pipeline - Loading module 'errorhandler_jinja2' from "target/debug/libox_webservice_errorhandler_jinja2.so"
2026-01-01T19:02:54.514843153-05:00 DEBUG ox_webservice::pipeline - [ox_webservice_errorhandler_jinja2] ox_webservice_errorhandler_jinja2: new: Initializing with content_root: "/var/repos/oxIDIZER/content/layouts/default/error_debug"
2026-01-01T19:02:54.514957219-05:00 INFO ox_webservice::pipeline - Injected 2 extra URI routes into module 'status_module'
2026-01-01T19:02:54.514972589-05:00 INFO ox_webservice::pipeline - Loading module 'status_module' from "target/debug/libox_webservice_status.so"
2026-01-01T19:02:54.547810167-05:00 INFO ox_webservice::pipeline - Injected 1 extra URI routes into module 'stream_status'
2026-01-01T19:02:54.547928444-05:00 INFO ox_webservice::pipeline - Loading module 'stream_status' from "target/debug/libox_webservice_stream.so"
2026-01-01T19:02:54.548554860-05:00 DEBUG ox_webservice::pipeline - [stream_status] ox_webservice_stream: new: Initializing with content_root: "/var/repos/oxIDIZER/ox_webservice_status/content/www/"
2026-01-01T19:02:54.548769857-05:00 DEBUG ox_webservice::pipeline - [default_theme_stream] Fully processed config for "/var/repos/oxIDIZER/conf/mimetypes.yaml":
{
  "mimetypes": [
    {
      "mimetype": "text/html",
      "url": ".*\\.html$"
    },
    {
      "mimetype": "text/html",
      "url": ".*\\.htm$"
    },
    {
      "mimetype": "application/json",
      "url": ".*\\.json$"
    },
    {
      "mimetype": "text/css",
      "url": ".*\\.css$"
    },
    {
      "mimetype": "application/javascript",
      "url": ".*\\.js$"
    },
    {
      "mimetype": "text/html",
      "url": ".*\\\\.jinja.?$\""
    }
  ]
}
2026-01-01T19:02:54.552777983-05:00 INFO ox_webservice::pipeline - [stream_status] ox_webservice_stream initialized
2026-01-01T19:02:54.552921516-05:00 INFO ox_webservice::pipeline - Injected 1 extra URI routes into module 'ping_module'
2026-01-01T19:02:54.552936721-05:00 INFO ox_webservice::pipeline - Loading module 'ping_module' from "target/debug/libox_webservice_ping.so"
2026-01-01T19:02:54.556503589-05:00 INFO ox_webservice::pipeline - [ping_module] ox_webservice_ping initialized
2026-01-01T19:02:54.556641535-05:00 INFO ox_webservice::pipeline - Injected 1 extra URI routes into module 'forwarded_for'
2026-01-01T19:02:54.556656499-05:00 INFO ox_webservice::pipeline - Loading module 'forwarded_for' from "target/debug/libox_webservice_forwarded_for.so"
2026-01-01T19:02:54.561041314-05:00 INFO ox_webservice::pipeline - [forwarded_for] ox_webservice_forwarded_for initialized
2026-01-01T19:02:54.561187882-05:00 INFO ox_webservice::pipeline - Injected 1 extra URI routes into module 'restore_ip'
2026-01-01T19:02:54.561204188-05:00 INFO ox_webservice::pipeline - Loading module 'restore_ip' from "target/debug/libox_webservice_restore_ip.so"
2026-01-01T19:02:54.565145040-05:00 INFO ox_webservice::pipeline - [restore_ip] ox_webservice_restore_ip initialized
2026-01-01T19:02:54.590031912-05:00 INFO ox_webservice - Listening on 0.0.0.0:3000
